#
# There is insufficient memory for the Java Runtime Environment to continue.
# Native memory allocation (mmap) failed to map 65536 bytes for Failed to commit metaspace.
# Possible reasons:
#   The system is out of physical RAM or swap space
#   The process is running with CompressedOops enabled, and the Java Heap may be blocking the growth of the native heap
# Possible solutions:
#   Reduce memory load on the system
#   Increase physical memory or swap space
#   Check if swap backing store is full
#   Decrease Java heap size (-Xmx/-Xms)
#   Decrease number of Java threads
#   Decrease Java thread stack sizes (-Xss)
#   Set larger code cache with -XX:ReservedCodeCacheSize=
#   JVM is running with Unscaled Compressed Oops mode in which the Java heap is
#     placed in the first 4GB address space. The Java Heap base address is the
#     maximum limit for the native heap growth. Please use -XX:HeapBaseMinAddress
#     to set the Java Heap base and to place the Java Heap above 4GB virtual address.
# This output file may be truncated or incomplete.
#
#  Out of Memory Error (virtualSpaceNode.cpp:110), pid=13044, tid=8044
#
# JRE version: OpenJDK Runtime Environment Temurin-17.0.4.1+1 (17.0.4.1+1) (build 17.0.4.1+1)
# Java VM: OpenJDK 64-Bit Server VM Temurin-17.0.4.1+1 (17.0.4.1+1, mixed mode, emulated-client, tiered, compressed oops, compressed class ptrs, g1 gc, windows-amd64)
# No core dump will be written. Minidumps are not enabled by default on client versions of Windows
#

---------------  S U M M A R Y ------------

Command Line: -Dcom.sun.management.jmxremote -Dcom.sun.management.jmxremote.port=54986 -Dcom.sun.management.jmxremote.authenticate=false -Dcom.sun.management.jmxremote.ssl=false -Djava.rmi.server.hostname=localhost -Dspring.jmx.enabled=true -Dspring.application.admin.enabled=true -XX:TieredStopAtLevel=1 -Dspring.boot.project.name=user-service -Dfile.encoding=UTF-8 -XX:+ShowCodeDetailsInExceptionMessages com.cgi.userservice.UserServiceApplication --spring.output.ansi.enabled=always

Host: Intel(R) Core(TM) i5-8250U CPU @ 1.60GHz, 8 cores, 3G,  Windows 11 , 64 bit Build 22000 (10.0.22000.1219)
Time: Mon Dec  5 15:59:38 2022 India Standard Time elapsed time: 13.943100 seconds (0d 0h 0m 13s)

---------------  T H R E A D  ---------------

Current thread (0x0000016e4c7ab860):  JavaThread "restartedMain" [_thread_in_vm, id=8044, stack(0x0000005c9c300000,0x0000005c9c400000)]

Stack: [0x0000005c9c300000,0x0000005c9c400000]
Native frames: (J=compiled Java code, j=interpreted, Vv=VM code, C=native code)
V  [jvm.dll+0x67731a]
V  [jvm.dll+0x832284]
V  [jvm.dll+0x833a2e]
V  [jvm.dll+0x834093]
V  [jvm.dll+0x245775]
V  [jvm.dll+0x82e22b]
V  [jvm.dll+0x61bdf6]
V  [jvm.dll+0x1c07be]
V  [jvm.dll+0x61e741]
V  [jvm.dll+0x61c796]
V  [jvm.dll+0x23b216]
V  [jvm.dll+0x1eafbd]
V  [jvm.dll+0x1e09f1]
V  [jvm.dll+0x53c910]
V  [jvm.dll+0x7ad138]
V  [jvm.dll+0x7ad224]
V  [jvm.dll+0x40ccd5]
V  [jvm.dll+0x412ec8]
C  [java.dll+0x17ec]

Java frames: (J=compiled Java code, j=interpreted, Vv=VM code)
J 1175  java.lang.ClassLoader.defineClass1(Ljava/lang/ClassLoader;Ljava/lang/String;[BIILjava/security/ProtectionDomain;Ljava/lang/String;)Ljava/lang/Class; java.base@17.0.4.1 (0 bytes) @ 0x0000016e42c83fdb [0x0000016e42c83f20+0x00000000000000bb]
J 1194 c1 java.lang.ClassLoader.defineClass(Ljava/lang/String;[BIILjava/security/ProtectionDomain;)Ljava/lang/Class; java.base@17.0.4.1 (43 bytes) @ 0x0000016e42c8d3dc [0x0000016e42c8d2e0+0x00000000000000fc]
J 1196 c1 jdk.internal.loader.BuiltinClassLoader.defineClass(Ljava/lang/String;Ljdk/internal/loader/Resource;)Ljava/lang/Class; java.base@17.0.4.1 (121 bytes) @ 0x0000016e42c8ed44 [0x0000016e42c8e8a0+0x00000000000004a4]
J 1179 c1 jdk.internal.loader.BuiltinClassLoader.findClassOnClassPathOrNull(Ljava/lang/String;)Ljava/lang/Class; java.base@17.0.4.1 (64 bytes) @ 0x0000016e42c85d1c [0x0000016e42c85a80+0x000000000000029c]
J 943 c1 jdk.internal.loader.BuiltinClassLoader.loadClassOrNull(Ljava/lang/String;Z)Ljava/lang/Class; java.base@17.0.4.1 (143 bytes) @ 0x0000016e42c218c4 [0x0000016e42c21480+0x0000000000000444]
J 1084 c1 jdk.internal.loader.ClassLoaders$AppClassLoader.loadClass(Ljava/lang/String;Z)Ljava/lang/Class; java.base@17.0.4.1 (40 bytes) @ 0x0000016e42c61024 [0x0000016e42c60ee0+0x0000000000000144]
J 1075 c1 java.lang.ClassLoader.loadClass(Ljava/lang/String;)Ljava/lang/Class; java.base@17.0.4.1 (7 bytes) @ 0x0000016e42c5c5e4 [0x0000016e42c5c5a0+0x0000000000000044]
v  ~StubRoutines::call_stub
j  net.bytebuddy.description.annotation.AnnotationValue$ForConstant.of(Z)Lnet/bytebuddy/description/annotation/AnnotationValue;+8
j  net.bytebuddy.description.annotation.AnnotationValue$ForConstant.of(Ljava/lang/Object;)Lnet/bytebuddy/description/annotation/AnnotationValue;+14
j  net.bytebuddy.description.annotation.AnnotationDescription$ForLoadedAnnotation.asValue(Ljava/lang/Object;Ljava/lang/Class;)Lnet/bytebuddy/description/annotation/AnnotationValue;+323
j  net.bytebuddy.description.annotation.AnnotationDescription$ForLoadedAnnotation.getValue(Lnet/bytebuddy/description/method/MethodDescription$InDefinedShape;)Lnet/bytebuddy/description/annotation/AnnotationValue;+178
j  net.bytebuddy.description.annotation.AnnotationDescription$AbstractBase.hashCode()I+65
j  net.bytebuddy.implementation.bind.annotation.TargetMethodAnnotationDrivenBinder$DelegationProcessor$Handler$Bound.hashCode()I+36
J 3165 c1 java.util.ArrayList.hashCodeRange(II)I java.base@17.0.4.1 (68 bytes) @ 0x0000016e4304825c [0x0000016e430481c0+0x000000000000009c]
J 3164 c1 java.util.ArrayList.hashCode()I java.base@17.0.4.1 (22 bytes) @ 0x0000016e43047d94 [0x0000016e43047d40+0x0000000000000054]
j  net.bytebuddy.implementation.bind.annotation.TargetMethodAnnotationDrivenBinder$Record.hashCode()I+25
J 3165 c1 java.util.ArrayList.hashCodeRange(II)I java.base@17.0.4.1 (68 bytes) @ 0x0000016e4304825c [0x0000016e430481c0+0x000000000000009c]
J 3164 c1 java.util.ArrayList.hashCode()I java.base@17.0.4.1 (22 bytes) @ 0x0000016e43047d94 [0x0000016e43047d40+0x0000000000000054]
j  net.bytebuddy.implementation.MethodDelegation$ImplementationDelegate$ForStaticMethod.hashCode()I+14
j  net.bytebuddy.implementation.MethodDelegation.hashCode()I+14
j  net.bytebuddy.dynamic.scaffold.MethodRegistry$Handler$ForImplementation.hashCode()I+14
J 126 c1 java.util.HashMap.put(Ljava/lang/Object;Ljava/lang/Object;)Ljava/lang/Object; java.base@17.0.4.1 (13 bytes) @ 0x0000016e42a69cac [0x0000016e42a69c40+0x000000000000006c]
J 1530 c1 java.util.HashSet.add(Ljava/lang/Object;)Z java.base@17.0.4.1 (20 bytes) @ 0x0000016e42d188ec [0x0000016e42d188a0+0x000000000000004c]
j  net.bytebuddy.dynamic.scaffold.MethodRegistry$Default.prepare(Lnet/bytebuddy/dynamic/scaffold/InstrumentedType;Lnet/bytebuddy/dynamic/scaffold/MethodGraph$Compiler;Lnet/bytebuddy/dynamic/scaffold/TypeValidation;Lnet/bytebuddy/dynamic/VisibilityBridgeStrategy;Lnet/bytebuddy/matcher/LatentMatcher;)Lnet/bytebuddy/dynamic/scaffold/MethodRegistry$Prepared;+73
j  net.bytebuddy.dynamic.scaffold.subclass.SubclassDynamicTypeBuilder.toTypeWriter(Lnet/bytebuddy/pool/TypePool;)Lnet/bytebuddy/dynamic/scaffold/TypeWriter;+48
j  net.bytebuddy.dynamic.scaffold.subclass.SubclassDynamicTypeBuilder.toTypeWriter()Lnet/bytebuddy/dynamic/scaffold/TypeWriter;+4
j  net.bytebuddy.dynamic.DynamicType$Builder$AbstractBase$UsingTypeWriter.make(Lnet/bytebuddy/dynamic/TypeResolutionStrategy;)Lnet/bytebuddy/dynamic/DynamicType$Unloaded;+1
j  net.bytebuddy.dynamic.DynamicType$Builder$AbstractBase.make()Lnet/bytebuddy/dynamic/DynamicType$Unloaded;+4
j  net.bytebuddy.dynamic.DynamicType$Builder$AbstractBase$Delegator.make()Lnet/bytebuddy/dynamic/DynamicType$Unloaded;+4
j  org.hibernate.bytecode.internal.bytebuddy.ByteBuddyState.make(Lnet/bytebuddy/pool/TypePool;Lnet/bytebuddy/dynamic/DynamicType$Builder;)Lnet/bytebuddy/dynamic/DynamicType$Unloaded;+26
j  org.hibernate.bytecode.internal.bytebuddy.ByteBuddyState.make(Lnet/bytebuddy/dynamic/DynamicType$Builder;)Lnet/bytebuddy/dynamic/DynamicType$Unloaded;+3
j  org.hibernate.bytecode.internal.bytebuddy.ByteBuddyState.lambda$load$0(Ljava/util/function/Function;Ljava/lang/Class;)Ljava/lang/Class;+14
j  org.hibernate.bytecode.internal.bytebuddy.ByteBuddyState$$Lambda$897+0x0000000100716a38.call()Ljava/lang/Object;+12
j  net.bytebuddy.TypeCache.findOrInsert(Ljava/lang/ClassLoader;Ljava/lang/Object;Ljava/util/concurrent/Callable;)Ljava/lang/Class;+20
j  net.bytebuddy.TypeCache.findOrInsert(Ljava/lang/ClassLoader;Ljava/lang/Object;Ljava/util/concurrent/Callable;Ljava/lang/Object;)Ljava/lang/Class;+26
j  org.hibernate.bytecode.internal.bytebuddy.ByteBuddyState.load(Ljava/lang/Class;Lnet/bytebuddy/TypeCache;Lnet/bytebuddy/TypeCache$SimpleKey;Ljava/util/function/Function;)Ljava/lang/Class;+16
j  org.hibernate.bytecode.internal.bytebuddy.ByteBuddyState.loadProxy(Ljava/lang/Class;Lnet/bytebuddy/TypeCache$SimpleKey;Ljava/util/function/Function;)Ljava/lang/Class;+8
j  org.hibernate.proxy.pojo.bytebuddy.ByteBuddyProxyHelper.buildProxy(Ljava/lang/Class;[Ljava/lang/Class;)Ljava/lang/Class;+62
j  org.hibernate.proxy.pojo.bytebuddy.ByteBuddyProxyFactory.postInstantiate(Ljava/lang/String;Ljava/lang/Class;Ljava/util/Set;Ljava/lang/reflect/Method;Ljava/lang/reflect/Method;Lorg/hibernate/type/CompositeType;)V+55
j  org.hibernate.tuple.entity.PojoEntityTuplizer.buildProxyFactory(Lorg/hibernate/mapping/PersistentClass;Lorg/hibernate/property/access/spi/Getter;Lorg/hibernate/property/access/spi/Setter;)Lorg/hibernate/proxy/ProxyFactory;+104
j  org.hibernate.tuple.entity.AbstractEntityTuplizer.<init>(Lorg/hibernate/tuple/entity/EntityMetamodel;Lorg/hibernate/mapping/PersistentClass;)V+198
j  org.hibernate.tuple.entity.PojoEntityTuplizer.<init>(Lorg/hibernate/tuple/entity/EntityMetamodel;Lorg/hibernate/mapping/PersistentClass;)V+3
v  ~StubRoutines::call_stub
J 1512  jdk.internal.reflect.NativeConstructorAccessorImpl.newInstance0(Ljava/lang/reflect/Constructor;[Ljava/lang/Object;)Ljava/lang/Object; java.base@17.0.4.1 (0 bytes) @ 0x0000016e42d0c106 [0x0000016e42d0c0a0+0x0000000000000066]
J 1511 c1 jdk.internal.reflect.NativeConstructorAccessorImpl.newInstance([Ljava/lang/Object;)Ljava/lang/Object; java.base@17.0.4.1 (122 bytes) @ 0x0000016e42d0c89c [0x0000016e42d0c600+0x000000000000029c]
J 1391 c1 jdk.internal.reflect.DelegatingConstructorAccessorImpl.newInstance([Ljava/lang/Object;)Ljava/lang/Object; java.base@17.0.4.1 (9 bytes) @ 0x0000016e42cdebe4 [0x0000016e42cdeba0+0x0000000000000044]
J 1346 c1 java.lang.reflect.Constructor.newInstanceWithCaller([Ljava/lang/Object;ZLjava/lang/Class;)Ljava/lang/Object; java.base@17.0.4.1 (75 bytes) @ 0x0000016e42cd0c2c [0x0000016e42cd0b60+0x00000000000000cc]
J 1426 c1 java.lang.reflect.Constructor.newInstance([Ljava/lang/Object;)Ljava/lang/Object; java.base@17.0.4.1 (34 bytes) @ 0x0000016e42cea24c [0x0000016e42cea1c0+0x000000000000008c]
j  org.hibernate.tuple.entity.EntityTuplizerFactory.constructTuplizer(Ljava/lang/Class;Lorg/hibernate/tuple/entity/EntityMetamodel;Lorg/hibernate/mapping/PersistentClass;)Lorg/hibernate/tuple/entity/EntityTuplizer;+70
j  org.hibernate.tuple.entity.EntityTuplizerFactory.constructDefaultTuplizer(Lorg/hibernate/EntityMode;Lorg/hibernate/tuple/entity/EntityMetamodel;Lorg/hibernate/mapping/PersistentClass;)Lorg/hibernate/tuple/entity/EntityTuplizer;+57
j  org.hibernate.tuple.entity.EntityMetamodel.<init>(Lorg/hibernate/mapping/PersistentClass;Lorg/hibernate/persister/entity/EntityPersister;Lorg/hibernate/persister/spi/PersisterCreationContext;)V+1814
j  org.hibernate.persister.entity.AbstractEntityPersister.<init>(Lorg/hibernate/mapping/PersistentClass;Lorg/hibernate/cache/spi/access/EntityDataAccess;Lorg/hibernate/cache/spi/access/NaturalIdDataAccess;Lorg/hibernate/persister/spi/PersisterCreationContext;)V+176
j  org.hibernate.persister.entity.SingleTableEntityPersister.<init>(Lorg/hibernate/mapping/PersistentClass;Lorg/hibernate/cache/spi/access/EntityDataAccess;Lorg/hibernate/cache/spi/access/NaturalIdDataAccess;Lorg/hibernate/persister/spi/PersisterCreationContext;)V+6
v  ~StubRoutines::call_stub
J 1512  jdk.internal.reflect.NativeConstructorAccessorImpl.newInstance0(Ljava/lang/reflect/Constructor;[Ljava/lang/Object;)Ljava/lang/Object; java.base@17.0.4.1 (0 bytes) @ 0x0000016e42d0c106 [0x0000016e42d0c0a0+0x0000000000000066]
J 1511 c1 jdk.internal.reflect.NativeConstructorAccessorImpl.newInstance([Ljava/lang/Object;)Ljava/lang/Object; java.base@17.0.4.1 (122 bytes) @ 0x0000016e42d0c89c [0x0000016e42d0c600+0x000000000000029c]
J 1391 c1 jdk.internal.reflect.DelegatingConstructorAccessorImpl.newInstance([Ljava/lang/Object;)Ljava/lang/Object; java.base@17.0.4.1 (9 bytes) @ 0x0000016e42cdebe4 [0x0000016e42cdeba0+0x0000000000000044]
J 1346 c1 java.lang.reflect.Constructor.newInstanceWithCaller([Ljava/lang/Object;ZLjava/lang/Class;)Ljava/lang/Object; java.base@17.0.4.1 (75 bytes) @ 0x0000016e42cd0c2c [0x0000016e42cd0b60+0x00000000000000cc]
J 1426 c1 java.lang.reflect.Constructor.newInstance([Ljava/lang/Object;)Ljava/lang/Object; java.base@17.0.4.1 (34 bytes) @ 0x0000016e42cea24c [0x0000016e42cea1c0+0x000000000000008c]
j  org.hibernate.persister.internal.PersisterFactoryImpl.createEntityPersister(Ljava/lang/Class;Lorg/hibernate/mapping/PersistentClass;Lorg/hibernate/cache/spi/access/EntityDataAccess;Lorg/hibernate/cache/spi/access/NaturalIdDataAccess;Lorg/hibernate/persister/spi/PersisterCreationContext;)Lorg/hibernate/persister/entity/EntityPersister;+33
j  org.hibernate.persister.internal.PersisterFactoryImpl.createEntityPersister(Lorg/hibernate/mapping/PersistentClass;Lorg/hibernate/cache/spi/access/EntityDataAccess;Lorg/hibernate/cache/spi/access/NaturalIdDataAccess;Lorg/hibernate/persister/spi/PersisterCreationContext;)Lorg/hibernate/persister/entity/EntityPersister;+41
j  org.hibernate.metamodel.internal.MetamodelImpl.initialize(Lorg/hibernate/boot/spi/MetadataImplementor;Lorg/hibernate/metamodel/internal/JpaMetaModelPopulationSetting;)V+148
j  org.hibernate.internal.SessionFactoryImpl.<init>(Lorg/hibernate/boot/spi/MetadataImplementor;Lorg/hibernate/boot/spi/SessionFactoryOptions;Lorg/hibernate/engine/query/spi/QueryPlanCache$QueryPlanCreator;)V+761
j  org.hibernate.boot.internal.SessionFactoryBuilderImpl.build()Lorg/hibernate/SessionFactory;+64
j  org.hibernate.jpa.boot.internal.EntityManagerFactoryBuilderImpl.build()Ljavax/persistence/EntityManagerFactory;+22
j  org.springframework.orm.jpa.vendor.SpringHibernateJpaPersistenceProvider.createContainerEntityManagerFactory(Ljavax/persistence/spi/PersistenceUnitInfo;Ljava/util/Map;)Ljavax/persistence/EntityManagerFactory;+55
j  org.springframework.orm.jpa.LocalContainerEntityManagerFactoryBean.createNativeEntityManagerFactory()Ljavax/persistence/EntityManagerFactory;+129
j  org.springframework.orm.jpa.AbstractEntityManagerFactoryBean.buildNativeEntityManagerFactory()Ljavax/persistence/EntityManagerFactory;+1
j  org.springframework.orm.jpa.AbstractEntityManagerFactoryBean.afterPropertiesSet()V+192
j  org.springframework.orm.jpa.LocalContainerEntityManagerFactoryBean.afterPropertiesSet()V+77
j  org.springframework.beans.factory.support.AbstractAutowireCapableBeanFactory.invokeInitMethods(Ljava/lang/String;Ljava/lang/Object;Lorg/springframework/beans/factory/support/RootBeanDefinition;)V+106
j  org.springframework.beans.factory.support.AbstractAutowireCapableBeanFactory.initializeBean(Ljava/lang/String;Ljava/lang/Object;Lorg/springframework/beans/factory/support/RootBeanDefinition;)Ljava/lang/Object;+59
j  org.springframework.beans.factory.support.AbstractAutowireCapableBeanFactory.doCreateBean(Ljava/lang/String;Lorg/springframework/beans/factory/support/RootBeanDefinition;[Ljava/lang/Object;)Ljava/lang/Object;+245
j  org.springframework.beans.factory.support.AbstractAutowireCapableBeanFactory.createBean(Ljava/lang/String;Lorg/springframework/beans/factory/support/RootBeanDefinition;[Ljava/lang/Object;)Ljava/lang/Object;+169
j  org.springframework.beans.factory.support.AbstractBeanFactory.lambda$doGetBean$0(Ljava/lang/String;Lorg/springframework/beans/factory/support/RootBeanDefinition;[Ljava/lang/Object;)Ljava/lang/Object;+4
j  org.springframework.beans.factory.support.AbstractBeanFactory$$Lambda$336+0x00000001002d9788.getObject()Ljava/lang/Object;+16
j  org.springframework.beans.factory.support.DefaultSingletonBeanRegistry.getSingleton(Ljava/lang/String;Lorg/springframework/beans/factory/ObjectFactory;)Ljava/lang/Object;+132
J 3255 c1 org.springframework.beans.factory.support.AbstractBeanFactory.doGetBean(Ljava/lang/String;Ljava/lang/Class;[Ljava/lang/Object;Z)Ljava/lang/Object; (832 bytes) @ 0x0000016e43074034 [0x0000016e43073a80+0x00000000000005b4]
j  org.springframework.beans.factory.support.AbstractBeanFactory.getBean(Ljava/lang/String;)Ljava/lang/Object;+5
j  org.springframework.context.support.AbstractApplicationContext.getBean(Ljava/lang/String;)Ljava/lang/Object;+9
j  org.springframework.context.support.AbstractApplicationContext.finishBeanFactoryInitialization(Lorg/springframework/beans/factory/config/ConfigurableListableBeanFactory;)V+100
j  org.springframework.context.support.AbstractApplicationContext.refresh()V+86
j  org.springframework.boot.web.servlet.context.ServletWebServerApplicationContext.refresh()V+1
j  org.springframework.boot.SpringApplication.refresh(Lorg/springframework/context/ConfigurableApplicationContext;)V+1
j  org.springframework.boot.SpringApplication.refreshContext(Lorg/springframework/context/ConfigurableApplicationContext;)V+16
j  org.springframework.boot.SpringApplication.run([Ljava/lang/String;)Lorg/springframework/context/ConfigurableApplicationContext;+107
j  org.springframework.boot.SpringApplication.run([Ljava/lang/Class;[Ljava/lang/String;)Lorg/springframework/context/ConfigurableApplicationContext;+9
j  org.springframework.boot.SpringApplication.run(Ljava/lang/Class;[Ljava/lang/String;)Lorg/springframework/context/ConfigurableApplicationContext;+9
j  com.cgi.userservice.UserServiceApplication.main([Ljava/lang/String;)V+3
v  ~StubRoutines::call_stub
j  jdk.internal.reflect.NativeMethodAccessorImpl.invoke0(Ljava/lang/reflect/Method;Ljava/lang/Object;[Ljava/lang/Object;)Ljava/lang/Object;+0 java.base@17.0.4.1
j  jdk.internal.reflect.NativeMethodAccessorImpl.invoke(Ljava/lang/Object;[Ljava/lang/Object;)Ljava/lang/Object;+133 java.base@17.0.4.1
j  jdk.internal.reflect.DelegatingMethodAccessorImpl.invoke(Ljava/lang/Object;[Ljava/lang/Object;)Ljava/lang/Object;+6 java.base@17.0.4.1
j  java.lang.reflect.Method.invoke(Ljava/lang/Object;[Ljava/lang/Object;)Ljava/lang/Object;+59 java.base@17.0.4.1
j  org.springframework.boot.devtools.restart.RestartLauncher.run()V+42
v  ~StubRoutines::call_stub

---------------  P R O C E S S  ---------------

Threads class SMR info:
_java_thread_list=0x0000016e4e160060, length=28, elements={
0x0000016e3daab0a0, 0x0000016e4b110750, 0x0000016e4b112310, 0x0000016e4b12fb80,
0x0000016e4bc00080, 0x0000016e4bc00550, 0x0000016e4bc04310, 0x0000016e4bc04bd0,
0x0000016e4bc0d5d0, 0x0000016e4b0cc0d0, 0x0000016e4bd23f00, 0x0000016e4bd99070,
0x0000016e4c377ed0, 0x0000016e4c380410, 0x0000016e4c376a60, 0x0000016e4c43b030,
0x0000016e4c43b8b0, 0x0000016e4c1e8bc0, 0x0000016e4c7ab860, 0x0000016e4d52d990,
0x0000016e4d5304e0, 0x0000016e4d9240d0, 0x0000016e4d52d4c0, 0x0000016e4d52de60,
0x0000016e4d530010, 0x0000016e4d52f1a0, 0x0000016e4d52e330, 0x0000016e4d52cff0
}

Java Threads: ( => current thread )
  0x0000016e3daab0a0 JavaThread "main" [_thread_blocked, id=13360, stack(0x0000005c9a100000,0x0000005c9a200000)]
  0x0000016e4b110750 JavaThread "Reference Handler" daemon [_thread_blocked, id=9616, stack(0x0000005c9a800000,0x0000005c9a900000)]
  0x0000016e4b112310 JavaThread "Finalizer" daemon [_thread_blocked, id=4840, stack(0x0000005c9a900000,0x0000005c9aa00000)]
  0x0000016e4b12fb80 JavaThread "Signal Dispatcher" daemon [_thread_blocked, id=2516, stack(0x0000005c9aa00000,0x0000005c9ab00000)]
  0x0000016e4bc00080 JavaThread "Attach Listener" daemon [_thread_blocked, id=8568, stack(0x0000005c9ab00000,0x0000005c9ac00000)]
  0x0000016e4bc00550 JavaThread "Service Thread" daemon [_thread_blocked, id=7672, stack(0x0000005c9ac00000,0x0000005c9ad00000)]
  0x0000016e4bc04310 JavaThread "Monitor Deflation Thread" daemon [_thread_blocked, id=4652, stack(0x0000005c9ad00000,0x0000005c9ae00000)]
  0x0000016e4bc04bd0 JavaThread "C1 CompilerThread0" daemon [_thread_blocked, id=8232, stack(0x0000005c9ae00000,0x0000005c9af00000)]
  0x0000016e4bc0d5d0 JavaThread "Sweeper thread" daemon [_thread_blocked, id=8360, stack(0x0000005c9af00000,0x0000005c9b000000)]
  0x0000016e4b0cc0d0 JavaThread "Common-Cleaner" daemon [_thread_blocked, id=7724, stack(0x0000005c9b000000,0x0000005c9b100000)]
  0x0000016e4bd23f00 JavaThread "C1 CompilerThread1" daemon [_thread_blocked, id=12428, stack(0x0000005c9b100000,0x0000005c9b200000)]
  0x0000016e4bd99070 JavaThread "Notification Thread" daemon [_thread_blocked, id=308, stack(0x0000005c9b200000,0x0000005c9b300000)]
  0x0000016e4c377ed0 JavaThread "RMI TCP Accept-0" daemon [_thread_in_native, id=10288, stack(0x0000005c9b300000,0x0000005c9b400000)]
  0x0000016e4c380410 JavaThread "RMI TCP Accept-54986" daemon [_thread_in_native, id=8904, stack(0x0000005c9b400000,0x0000005c9b500000)]
  0x0000016e4c376a60 JavaThread "RMI TCP Accept-0" daemon [_thread_in_native, id=3064, stack(0x0000005c9b500000,0x0000005c9b600000)]
  0x0000016e4c43b030 JavaThread "RMI TCP Connection(1)-127.0.0.1" daemon [_thread_in_native, id=11444, stack(0x0000005c9b700000,0x0000005c9b800000)]
  0x0000016e4c43b8b0 JavaThread "RMI Scheduler(0)" daemon [_thread_blocked, id=6164, stack(0x0000005c9b800000,0x0000005c9b900000)]
  0x0000016e4c1e8bc0 JavaThread "Thread-0" [_thread_blocked, id=6048, stack(0x0000005c9c200000,0x0000005c9c300000)]
=>0x0000016e4c7ab860 JavaThread "restartedMain" [_thread_in_vm, id=8044, stack(0x0000005c9c300000,0x0000005c9c400000)]
  0x0000016e4d52d990 JavaThread "RMI TCP Connection(2)-127.0.0.1" daemon [_thread_in_native, id=12144, stack(0x0000005c9c400000,0x0000005c9c500000)]
  0x0000016e4d5304e0 JavaThread "JMX server connection timeout 25" daemon [_thread_blocked, id=4632, stack(0x0000005c9c500000,0x0000005c9c600000)]
  0x0000016e4d9240d0 JavaThread "C1 CompilerThread2" daemon [_thread_blocked, id=13844, stack(0x0000005c9c600000,0x0000005c9c700000)]
  0x0000016e4d52d4c0 JavaThread "Catalina-utility-1" [_thread_blocked, id=14104, stack(0x0000005c9c800000,0x0000005c9c900000)]
  0x0000016e4d52de60 JavaThread "Catalina-utility-2" [_thread_blocked, id=1752, stack(0x0000005c9c900000,0x0000005c9ca00000)]
  0x0000016e4d530010 JavaThread "container-0" [_thread_blocked, id=13804, stack(0x0000005c9ca00000,0x0000005c9cb00000)]
  0x0000016e4d52f1a0 JavaThread "mysql-cj-abandoned-connection-cleanup" daemon [_thread_blocked, id=3316, stack(0x0000005c9cb00000,0x0000005c9cc00000)]
  0x0000016e4d52e330 JavaThread "HikariPool-1 housekeeper" daemon [_thread_blocked, id=4352, stack(0x0000005c9cd00000,0x0000005c9ce00000)]
  0x0000016e4d52cff0 JavaThread "HikariPool-1 connection adder" daemon [_thread_blocked, id=6500, stack(0x0000005c9ce00000,0x0000005c9cf00000)]

Other Threads:
  0x0000016e4b10e020 VMThread "VM Thread" [stack: 0x0000005c9a700000,0x0000005c9a800000] [id=1768]
  0x0000016e3daabe20 WatcherThread [stack: 0x0000005c9b600000,0x0000005c9b700000] [id=11828]
  0x0000016e3daeac70 GCTaskThread "GC Thread#0" [stack: 0x0000005c9a200000,0x0000005c9a300000] [id=13356]
  0x0000016e4c7fd2e0 GCTaskThread "GC Thread#1" [stack: 0x0000005c9b900000,0x0000005c9ba00000] [id=12756]
  0x0000016e4d4de1d0 GCTaskThread "GC Thread#2" [stack: 0x0000005c9ba00000,0x0000005c9bb00000] [id=8980]
  0x0000016e4d4de480 GCTaskThread "GC Thread#3" [stack: 0x0000005c9bb00000,0x0000005c9bc00000] [id=9640]
  0x0000016e4d4df360 GCTaskThread "GC Thread#4" [stack: 0x0000005c9bc00000,0x0000005c9bd00000] [id=5600]
  0x0000016e4d4dfa20 GCTaskThread "GC Thread#5" [stack: 0x0000005c9bd00000,0x0000005c9be00000] [id=11288]
  0x0000016e4d4e04e0 GCTaskThread "GC Thread#6" [stack: 0x0000005c9be00000,0x0000005c9bf00000] [id=10624]
  0x0000016e4d4e0bb0 GCTaskThread "GC Thread#7" [stack: 0x0000005c9bf00000,0x0000005c9c000000] [id=3376]
  0x0000016e3daf40b0 ConcurrentGCThread "G1 Main Marker" [stack: 0x0000005c9a300000,0x0000005c9a400000] [id=2584]
  0x0000016e3daf4ac0 ConcurrentGCThread "G1 Conc#0" [stack: 0x0000005c9a400000,0x0000005c9a500000] [id=10304]
  0x0000016e4d714ca0 ConcurrentGCThread "G1 Conc#1" [stack: 0x0000005c9c700000,0x0000005c9c800000] [id=8936]
  0x0000016e3db420c0 ConcurrentGCThread "G1 Refine#0" [stack: 0x0000005c9a500000,0x0000005c9a600000] [id=9876]
  0x0000016e4d4bc190 ConcurrentGCThread "G1 Refine#1" [stack: 0x0000005c9c000000,0x0000005c9c100000] [id=5956]
  0x0000016e4d4bc880 ConcurrentGCThread "G1 Refine#2" [stack: 0x0000005c9c100000,0x0000005c9c200000] [id=3656]
  0x0000016e3db433e0 ConcurrentGCThread "G1 Service" [stack: 0x0000005c9a600000,0x0000005c9a700000] [id=11508]

Threads with active compile tasks:

VM state: not at safepoint (normal execution)

VM Mutex/Monitor currently owned by a thread:  ([mutex/lock_event])
[0x0000016e3d95a570] Metaspace_lock - owner thread: 0x0000016e4c7ab860

Heap address: 0x00000000c2000000, size: 992 MB, Compressed Oops mode: 32-bit

CDS archive(s) not mapped
Compressed class space mapped at: 0x0000000100000000-0x0000000140000000, reserved size: 1073741824
Narrow klass base: 0x0000000000000000, Narrow klass shift: 3, Narrow klass range: 0x140000000

GC Precious Log:
 CPUs: 8 total, 8 available
 Memory: 3962M
 Large Page Support: Disabled
 NUMA Support: Disabled
 Compressed Oops: Enabled (32-bit)
 Heap Region Size: 1M
 Heap Min Capacity: 8M
 Heap Initial Capacity: 62M
 Heap Max Capacity: 992M
 Pre-touch: Disabled
 Parallel Workers: 8
 Concurrent Workers: 2
 Concurrent Refinement Workers: 8
 Periodic GC: Disabled

Heap:
 garbage-first heap   total 55296K, used 34925K [0x00000000c2000000, 0x0000000100000000)
  region size 1024K, 16 young (16384K), 2 survivors (2048K)
 Metaspace       used 54821K, committed 55232K, reserved 1097728K
  class space    used 7253K, committed 7488K, reserved 1048576K

Heap Regions: E=young(eden), S=young(survivor), O=old, HS=humongous(starts), HC=humongous(continues), CS=collection set, F=free, OA=open archive, CA=closed archive, TAMS=top-at-mark-start (previous, next)
|   0|0x00000000c2000000, 0x00000000c2100000, 0x00000000c2100000|100%|HS|  |TAMS 0x00000000c2100000, 0x00000000c2000000| Complete 
|   1|0x00000000c2100000, 0x00000000c2200000, 0x00000000c2200000|100%| O|  |TAMS 0x00000000c2200000, 0x00000000c2100000| Untracked 
|   2|0x00000000c2200000, 0x00000000c2300000, 0x00000000c2300000|100%| O|  |TAMS 0x00000000c2300000, 0x00000000c2200000| Untracked 
|   3|0x00000000c2300000, 0x00000000c2400000, 0x00000000c2400000|100%| O|  |TAMS 0x00000000c2400000, 0x00000000c2300000| Untracked 
|   4|0x00000000c2400000, 0x00000000c2500000, 0x00000000c2500000|100%| O|  |TAMS 0x00000000c2500000, 0x00000000c2400000| Untracked 
|   5|0x00000000c2500000, 0x00000000c2600000, 0x00000000c2600000|100%| O|  |TAMS 0x00000000c2600000, 0x00000000c2500000| Untracked 
|   6|0x00000000c2600000, 0x00000000c2700000, 0x00000000c2700000|100%| O|  |TAMS 0x00000000c2700000, 0x00000000c2600000| Untracked 
|   7|0x00000000c2700000, 0x00000000c2800000, 0x00000000c2800000|100%| O|  |TAMS 0x00000000c2800000, 0x00000000c2700000| Untracked 
|   8|0x00000000c2800000, 0x00000000c2900000, 0x00000000c2900000|100%| O|  |TAMS 0x00000000c2900000, 0x00000000c2800000| Untracked 
|   9|0x00000000c2900000, 0x00000000c2a00000, 0x00000000c2a00000|100%| O|  |TAMS 0x00000000c2a00000, 0x00000000c2900000| Untracked 
|  10|0x00000000c2a00000, 0x00000000c2b00000, 0x00000000c2b00000|100%| O|  |TAMS 0x00000000c2b00000, 0x00000000c2a00000| Untracked 
|  11|0x00000000c2b00000, 0x00000000c2c00000, 0x00000000c2c00000|100%| O|  |TAMS 0x00000000c2b00000, 0x00000000c2b00000| Untracked 
|  12|0x00000000c2c00000, 0x00000000c2d00000, 0x00000000c2d00000|100%| O|  |TAMS 0x00000000c2cd6a00, 0x00000000c2c00000| Untracked 
|  13|0x00000000c2d00000, 0x00000000c2e00000, 0x00000000c2e00000|100%| O|  |TAMS 0x00000000c2d00000, 0x00000000c2d00000| Untracked 
|  14|0x00000000c2e00000, 0x00000000c2f00000, 0x00000000c2f00000|100%| O|  |TAMS 0x00000000c2e00000, 0x00000000c2e00000| Untracked 
|  15|0x00000000c2f00000, 0x00000000c3000000, 0x00000000c3000000|100%| O|  |TAMS 0x00000000c2f00000, 0x00000000c2f00000| Untracked 
|  16|0x00000000c3000000, 0x00000000c3100000, 0x00000000c3100000|100%| O|  |TAMS 0x00000000c3000000, 0x00000000c3000000| Untracked 
|  17|0x00000000c3100000, 0x00000000c3200000, 0x00000000c3200000|100%| O|  |TAMS 0x00000000c3100000, 0x00000000c3100000| Untracked 
|  18|0x00000000c3200000, 0x00000000c3300000, 0x00000000c3300000|100%| O|  |TAMS 0x00000000c3200000, 0x00000000c3200000| Untracked 
|  19|0x00000000c3300000, 0x00000000c33baa00, 0x00000000c3400000| 72%| O|  |TAMS 0x00000000c3300000, 0x00000000c3300000| Untracked 
|  20|0x00000000c3400000, 0x00000000c3400000, 0x00000000c3500000|  0%| F|  |TAMS 0x00000000c3400000, 0x00000000c3400000| Untracked 
|  21|0x00000000c3500000, 0x00000000c3500000, 0x00000000c3600000|  0%| F|  |TAMS 0x00000000c3500000, 0x00000000c3500000| Untracked 
|  22|0x00000000c3600000, 0x00000000c3600000, 0x00000000c3700000|  0%| F|  |TAMS 0x00000000c3600000, 0x00000000c3600000| Untracked 
|  23|0x00000000c3700000, 0x00000000c3700000, 0x00000000c3800000|  0%| F|  |TAMS 0x00000000c3700000, 0x00000000c3700000| Untracked 
|  24|0x00000000c3800000, 0x00000000c3800000, 0x00000000c3900000|  0%| F|  |TAMS 0x00000000c3800000, 0x00000000c3800000| Untracked 
|  25|0x00000000c3900000, 0x00000000c3900000, 0x00000000c3a00000|  0%| F|  |TAMS 0x00000000c3900000, 0x00000000c3900000| Untracked 
|  26|0x00000000c3a00000, 0x00000000c3a00000, 0x00000000c3b00000|  0%| F|  |TAMS 0x00000000c3a00000, 0x00000000c3a00000| Untracked 
|  27|0x00000000c3b00000, 0x00000000c3b00000, 0x00000000c3c00000|  0%| F|  |TAMS 0x00000000c3b00000, 0x00000000c3b00000| Untracked 
|  28|0x00000000c3c00000, 0x00000000c3c60d48, 0x00000000c3d00000| 37%| S|CS|TAMS 0x00000000c3c00000, 0x00000000c3c00000| Complete 
|  29|0x00000000c3d00000, 0x00000000c3d00000, 0x00000000c3e00000|  0%| F|  |TAMS 0x00000000c3d00000, 0x00000000c3d00000| Untracked 
|  30|0x00000000c3e00000, 0x00000000c3e00000, 0x00000000c3f00000|  0%| F|  |TAMS 0x00000000c3e00000, 0x00000000c3e00000| Untracked 
|  31|0x00000000c3f00000, 0x00000000c4000000, 0x00000000c4000000|100%| S|CS|TAMS 0x00000000c3f00000, 0x00000000c3f00000| Complete 
|  32|0x00000000c4000000, 0x00000000c4000000, 0x00000000c4100000|  0%| F|  |TAMS 0x00000000c4000000, 0x00000000c4000000| Untracked 
|  33|0x00000000c4100000, 0x00000000c4100000, 0x00000000c4200000|  0%| F|  |TAMS 0x00000000c4100000, 0x00000000c4100000| Untracked 
|  34|0x00000000c4200000, 0x00000000c4200000, 0x00000000c4300000|  0%| F|  |TAMS 0x00000000c4200000, 0x00000000c4200000| Untracked 
|  35|0x00000000c4300000, 0x00000000c4300000, 0x00000000c4400000|  0%| F|  |TAMS 0x00000000c4300000, 0x00000000c4300000| Untracked 
|  36|0x00000000c4400000, 0x00000000c4400000, 0x00000000c4500000|  0%| F|  |TAMS 0x00000000c4400000, 0x00000000c4400000| Untracked 
|  37|0x00000000c4500000, 0x00000000c4500000, 0x00000000c4600000|  0%| F|  |TAMS 0x00000000c4500000, 0x00000000c4500000| Untracked 
|  38|0x00000000c4600000, 0x00000000c4600000, 0x00000000c4700000|  0%| F|  |TAMS 0x00000000c4600000, 0x00000000c4600000| Untracked 
|  39|0x00000000c4700000, 0x00000000c4700000, 0x00000000c4800000|  0%| F|  |TAMS 0x00000000c4700000, 0x00000000c4700000| Untracked 
|  40|0x00000000c4800000, 0x00000000c48b97e0, 0x00000000c4900000| 72%| E|  |TAMS 0x00000000c4800000, 0x00000000c4800000| Complete 
|  41|0x00000000c4900000, 0x00000000c4a00000, 0x00000000c4a00000|100%| E|CS|TAMS 0x00000000c4900000, 0x00000000c4900000| Complete 
|  42|0x00000000c4a00000, 0x00000000c4b00000, 0x00000000c4b00000|100%| E|CS|TAMS 0x00000000c4a00000, 0x00000000c4a00000| Complete 
|  43|0x00000000c4b00000, 0x00000000c4c00000, 0x00000000c4c00000|100%| E|CS|TAMS 0x00000000c4b00000, 0x00000000c4b00000| Complete 
|  44|0x00000000c4c00000, 0x00000000c4d00000, 0x00000000c4d00000|100%| E|CS|TAMS 0x00000000c4c00000, 0x00000000c4c00000| Complete 
|  45|0x00000000c4d00000, 0x00000000c4e00000, 0x00000000c4e00000|100%| E|CS|TAMS 0x00000000c4d00000, 0x00000000c4d00000| Complete 
|  46|0x00000000c4e00000, 0x00000000c4f00000, 0x00000000c4f00000|100%| E|CS|TAMS 0x00000000c4e00000, 0x00000000c4e00000| Complete 
|  47|0x00000000c4f00000, 0x00000000c5000000, 0x00000000c5000000|100%| E|CS|TAMS 0x00000000c4f00000, 0x00000000c4f00000| Complete 
|  48|0x00000000c5000000, 0x00000000c5100000, 0x00000000c5100000|100%| E|CS|TAMS 0x00000000c5000000, 0x00000000c5000000| Complete 
|  49|0x00000000c5100000, 0x00000000c5200000, 0x00000000c5200000|100%| E|CS|TAMS 0x00000000c5100000, 0x00000000c5100000| Complete 
|  50|0x00000000c5200000, 0x00000000c5300000, 0x00000000c5300000|100%| E|CS|TAMS 0x00000000c5200000, 0x00000000c5200000| Complete 
|  57|0x00000000c5900000, 0x00000000c5a00000, 0x00000000c5a00000|100%| E|CS|TAMS 0x00000000c5900000, 0x00000000c5900000| Complete 
|  58|0x00000000c5a00000, 0x00000000c5b00000, 0x00000000c5b00000|100%| E|CS|TAMS 0x00000000c5a00000, 0x00000000c5a00000| Complete 
|  61|0x00000000c5d00000, 0x00000000c5e00000, 0x00000000c5e00000|100%| E|CS|TAMS 0x00000000c5d00000, 0x00000000c5d00000| Complete 

Card table byte_map: [0x0000016e46410000,0x0000016e46600000] _byte_map_base: 0x0000016e45e00000

Marking Bits (Prev, Next): (CMBitMap*) 0x0000016e3daeb280, (CMBitMap*) 0x0000016e3daeb2c0
 Prev Bits: [0x0000016e467f0000, 0x0000016e47770000)
 Next Bits: [0x0000016e47770000, 0x0000016e486f0000)

Polling page: 0x0000016e3db80000

Metaspace:

Usage:
  Non-class:     46.45 MB used.
      Class:      7.08 MB used.
       Both:     53.54 MB used.

Virtual space:
  Non-class space:       48.00 MB reserved,      46.62 MB ( 97%) committed,  6 nodes.
      Class space:        1.00 GB reserved,       7.31 MB ( <1%) committed,  1 nodes.
             Both:        1.05 GB reserved,      53.94 MB (  5%) committed. 

Chunk freelists:
   Non-Class:  432.00 KB
       Class:  751.00 KB
        Both:  1.16 MB

MaxMetaspaceSize: unlimited
CompressedClassSpaceSize: 1.00 GB
Initial GC threshold: 21.00 MB
Current GC threshold: 59.19 MB
CDS: off
MetaspaceReclaimPolicy: balanced
 - commit_granule_bytes: 65536.
 - commit_granule_words: 8192.
 - virtual_space_node_default_size: 1048576.
 - enlarge_chunks_in_place: 1.
 - new_chunks_are_fully_committed: 0.
 - uncommit_free_chunks: 1.
 - use_allocation_guard: 0.
 - handle_deallocations: 1.


Internal statistics:

num_allocs_failed_limit: 6.
num_arena_births: 452.
num_arena_deaths: 0.
num_vsnodes_births: 7.
num_vsnodes_deaths: 0.
num_space_committed: 863.
num_space_uncommitted: 0.
num_chunks_returned_to_freelist: 6.
num_chunks_taken_from_freelist: 2041.
num_chunk_merges: 6.
num_chunk_splits: 1401.
num_chunks_enlarged: 1049.
num_purges: 0.
num_inconsistent_stats: 0.

CodeCache: size=49152Kb used=9545Kb max_used=9545Kb free=39606Kb
 bounds [0x0000016e42940000, 0x0000016e432a0000, 0x0000016e45940000]
 total_blobs=5136 nmethods=4530 adapters=531
 compilation: enabled
              stopped_count=0, restarted_count=0
 full_count=0

Compilation events (20 events):
Event: 13.655 Thread 0x0000016e4bc04bd0 4522       1       java.util.Spliterators$EmptySpliterator::characteristics (4 bytes)
Event: 13.655 Thread 0x0000016e4bc04bd0 nmethod 4522 0x0000016e4328cb10 code [0x0000016e4328cca0, 0x0000016e4328cd78]
Event: 13.655 Thread 0x0000016e4bc04bd0 4523       1       org.hibernate.event.service.internal.EventListenerRegistryImpl$Builder$$Lambda$886/0x00000001006eef90::apply (11 bytes)
Event: 13.656 Thread 0x0000016e4bc04bd0 nmethod 4523 0x0000016e4328ce10 code [0x0000016e4328cfc0, 0x0000016e4328d178]
Event: 13.665 Thread 0x0000016e4bc04bd0 4524       1       java.lang.PublicMethods$Key::equals (50 bytes)
Event: 13.665 Thread 0x0000016e4bd23f00 4525       1       jdk.internal.reflect.AccessorGenerator::getClassName (197 bytes)
Event: 13.665 Thread 0x0000016e4bc04bd0 nmethod 4524 0x0000016e4328d290 code [0x0000016e4328d440, 0x0000016e4328d608]
Event: 13.666 Thread 0x0000016e4bd23f00 nmethod 4525 0x0000016e4328d710 code [0x0000016e4328da20, 0x0000016e4328e468]
Event: 13.729 Thread 0x0000016e4bc04bd0 4526       1       org.hibernate.service.spi.ServiceBinding::getService (5 bytes)
Event: 13.730 Thread 0x0000016e4bc04bd0 nmethod 4526 0x0000016e4328ee90 code [0x0000016e4328f020, 0x0000016e4328f0f8]
Event: 13.843 Thread 0x0000016e4bd23f00 4528       1       org.apache.logging.log4j.spi.AbstractLogger::narrow (21 bytes)
Event: 13.843 Thread 0x0000016e4bc04bd0 4527       1       org.apache.logging.log4j.message.AbstractMessageFactory::<init> (5 bytes)
Event: 13.843 Thread 0x0000016e4bc04bd0 nmethod 4527 0x0000016e43290390 code [0x0000016e43290520, 0x0000016e432905d8]
Event: 13.843 Thread 0x0000016e4bd23f00 nmethod 4528 0x0000016e43290690 code [0x0000016e43290840, 0x0000016e43290a28]
Event: 13.933 Thread 0x0000016e4bc04bd0 4529       1       net.bytebuddy.description.ModifierReviewable$AbstractBase::<init> (5 bytes)
Event: 13.933 Thread 0x0000016e4bc04bd0 nmethod 4529 0x0000016e43291990 code [0x0000016e43291b20, 0x0000016e43291bd8]
Event: 13.933 Thread 0x0000016e4bd23f00 4530   !   1       java.util.AbstractList$Itr::next (46 bytes)
Event: 13.933 Thread 0x0000016e4d9240d0 4531       1       java.util.AbstractList$Itr::checkForComodification (23 bytes)
Event: 13.933 Thread 0x0000016e4d9240d0 nmethod 4531 0x0000016e43291c90 code [0x0000016e43291e20, 0x0000016e43291f88]
Event: 13.934 Thread 0x0000016e4bd23f00 nmethod 4530 0x0000016e43292090 code [0x0000016e43292260, 0x0000016e43292598]

GC Heap History (20 events):
Event: 6.765 GC heap before
{Heap before GC invocations=6 (full 0):
 garbage-first heap   total 37888K, used 26814K [0x00000000c2000000, 0x0000000100000000)
  region size 1024K, 17 young (17408K), 1 survivors (1024K)
 Metaspace       used 26445K, committed 26688K, reserved 1073152K
  class space    used 3169K, committed 3264K, reserved 1048576K
}
Event: 6.767 GC heap after
{Heap after GC invocations=7 (full 0):
 garbage-first heap   total 37888K, used 11029K [0x00000000c2000000, 0x0000000100000000)
  region size 1024K, 1 young (1024K), 1 survivors (1024K)
 Metaspace       used 26445K, committed 26688K, reserved 1073152K
  class space    used 3169K, committed 3264K, reserved 1048576K
}
Event: 7.523 GC heap before
{Heap before GC invocations=7 (full 0):
 garbage-first heap   total 37888K, used 28437K [0x00000000c2000000, 0x0000000100000000)
  region size 1024K, 18 young (18432K), 1 survivors (1024K)
 Metaspace       used 28148K, committed 28416K, reserved 1081344K
  class space    used 3400K, committed 3520K, reserved 1048576K
}
Event: 7.528 GC heap after
{Heap after GC invocations=8 (full 0):
 garbage-first heap   total 37888K, used 12479K [0x00000000c2000000, 0x0000000100000000)
  region size 1024K, 3 young (3072K), 3 survivors (3072K)
 Metaspace       used 28148K, committed 28416K, reserved 1081344K
  class space    used 3400K, committed 3520K, reserved 1048576K
}
Event: 8.123 GC heap before
{Heap before GC invocations=8 (full 0):
 garbage-first heap   total 37888K, used 27839K [0x00000000c2000000, 0x0000000100000000)
  region size 1024K, 18 young (18432K), 3 survivors (3072K)
 Metaspace       used 29506K, committed 29824K, reserved 1081344K
  class space    used 3614K, committed 3776K, reserved 1048576K
}
Event: 8.129 GC heap after
{Heap after GC invocations=9 (full 0):
 garbage-first heap   total 37888K, used 13292K [0x00000000c2000000, 0x0000000100000000)
  region size 1024K, 3 young (3072K), 3 survivors (3072K)
 Metaspace       used 29506K, committed 29824K, reserved 1081344K
  class space    used 3614K, committed 3776K, reserved 1048576K
}
Event: 8.935 GC heap before
{Heap before GC invocations=9 (full 0):
 garbage-first heap   total 37888K, used 28652K [0x00000000c2000000, 0x0000000100000000)
  region size 1024K, 18 young (18432K), 3 survivors (3072K)
 Metaspace       used 31684K, committed 32064K, reserved 1081344K
  class space    used 3938K, committed 4096K, reserved 1048576K
}
Event: 8.943 GC heap after
{Heap after GC invocations=10 (full 0):
 garbage-first heap   total 37888K, used 14290K [0x00000000c2000000, 0x0000000100000000)
  region size 1024K, 2 young (2048K), 2 survivors (2048K)
 Metaspace       used 31684K, committed 32064K, reserved 1081344K
  class space    used 3938K, committed 4096K, reserved 1048576K
}
Event: 9.641 GC heap before
{Heap before GC invocations=10 (full 0):
 garbage-first heap   total 37888K, used 29650K [0x00000000c2000000, 0x0000000100000000)
  region size 1024K, 17 young (17408K), 2 survivors (2048K)
 Metaspace       used 33750K, committed 34112K, reserved 1081344K
  class space    used 4310K, committed 4480K, reserved 1048576K
}
Event: 9.650 GC heap after
{Heap after GC invocations=11 (full 0):
 garbage-first heap   total 55296K, used 16169K [0x00000000c2000000, 0x0000000100000000)
  region size 1024K, 3 young (3072K), 3 survivors (3072K)
 Metaspace       used 33750K, committed 34112K, reserved 1081344K
  class space    used 4310K, committed 4480K, reserved 1048576K
}
Event: 10.208 GC heap before
{Heap before GC invocations=11 (full 0):
 garbage-first heap   total 55296K, used 28457K [0x00000000c2000000, 0x0000000100000000)
  region size 1024K, 16 young (16384K), 3 survivors (3072K)
 Metaspace       used 35948K, committed 36288K, reserved 1081344K
  class space    used 4555K, committed 4736K, reserved 1048576K
}
Event: 10.220 GC heap after
{Heap after GC invocations=12 (full 0):
 garbage-first heap   total 55296K, used 17456K [0x00000000c2000000, 0x0000000100000000)
  region size 1024K, 4 young (4096K), 4 survivors (4096K)
 Metaspace       used 35948K, committed 36288K, reserved 1081344K
  class space    used 4555K, committed 4736K, reserved 1048576K
}
Event: 11.221 GC heap before
{Heap before GC invocations=13 (full 0):
 garbage-first heap   total 55296K, used 41008K [0x00000000c2000000, 0x0000000100000000)
  region size 1024K, 27 young (27648K), 4 survivors (4096K)
 Metaspace       used 39806K, committed 40192K, reserved 1089536K
  class space    used 5076K, committed 5248K, reserved 1048576K
}
Event: 11.226 GC heap after
{Heap after GC invocations=14 (full 0):
 garbage-first heap   total 55296K, used 18831K [0x00000000c2000000, 0x0000000100000000)
  region size 1024K, 3 young (3072K), 3 survivors (3072K)
 Metaspace       used 39806K, committed 40192K, reserved 1089536K
  class space    used 5076K, committed 5248K, reserved 1048576K
}
Event: 11.277 GC heap before
{Heap before GC invocations=14 (full 0):
 garbage-first heap   total 55296K, used 19855K [0x00000000c2000000, 0x0000000100000000)
  region size 1024K, 4 young (4096K), 3 survivors (3072K)
 Metaspace       used 40024K, committed 40384K, reserved 1089536K
  class space    used 5111K, committed 5312K, reserved 1048576K
}
Event: 11.284 GC heap after
{Heap after GC invocations=15 (full 0):
 garbage-first heap   total 55296K, used 18661K [0x00000000c2000000, 0x0000000100000000)
  region size 1024K, 1 young (1024K), 1 survivors (1024K)
 Metaspace       used 40024K, committed 40384K, reserved 1089536K
  class space    used 5111K, committed 5312K, reserved 1048576K
}
Event: 12.444 GC heap before
{Heap before GC invocations=15 (full 0):
 garbage-first heap   total 55296K, used 40165K [0x00000000c2000000, 0x0000000100000000)
  region size 1024K, 23 young (23552K), 1 survivors (1024K)
 Metaspace       used 46274K, committed 46720K, reserved 1089536K
  class space    used 6056K, committed 6272K, reserved 1048576K
}
Event: 12.447 GC heap after
{Heap after GC invocations=16 (full 0):
 garbage-first heap   total 55296K, used 20243K [0x00000000c2000000, 0x0000000100000000)
  region size 1024K, 2 young (2048K), 2 survivors (2048K)
 Metaspace       used 46274K, committed 46720K, reserved 1089536K
  class space    used 6056K, committed 6272K, reserved 1048576K
}
Event: 13.483 GC heap before
{Heap before GC invocations=16 (full 0):
 garbage-first heap   total 55296K, used 41747K [0x00000000c2000000, 0x0000000100000000)
  region size 1024K, 24 young (24576K), 2 survivors (2048K)
 Metaspace       used 51576K, committed 51968K, reserved 1097728K
  class space    used 6778K, committed 6976K, reserved 1048576K
}
Event: 13.488 GC heap after
{Heap after GC invocations=17 (full 0):
 garbage-first heap   total 55296K, used 21613K [0x00000000c2000000, 0x0000000100000000)
  region size 1024K, 2 young (2048K), 2 survivors (2048K)
 Metaspace       used 51576K, committed 51968K, reserved 1097728K
  class space    used 6778K, committed 6976K, reserved 1048576K
}

Deoptimization events (6 events):
Event: 5.372 Thread 0x0000016e4c7ab860 DEOPT PACKING pc=0x0000016e42dcd619 sp=0x0000005c9c3fcb30
Event: 5.372 Thread 0x0000016e4c7ab860 DEOPT UNPACKING pc=0x0000016e42992b43 sp=0x0000005c9c3fc010 mode 3
Event: 8.333 Thread 0x0000016e4c7ab860 DEOPT PACKING pc=0x0000016e42e4dd14 sp=0x0000005c9c3fd020
Event: 8.333 Thread 0x0000016e4c7ab860 DEOPT UNPACKING pc=0x0000016e42992b43 sp=0x0000005c9c3fc578 mode 0
Event: 10.620 Thread 0x0000016e4c7ab860 DEOPT PACKING pc=0x0000016e43152f7d sp=0x0000005c9c3fbf50
Event: 10.620 Thread 0x0000016e4c7ab860 DEOPT UNPACKING pc=0x0000016e42992b43 sp=0x0000005c9c3fb4b8 mode 3

Classes unloaded (0 events):
No events

Classes redefined (0 events):
No events

Internal exceptions (20 events):
Event: 9.587 Thread 0x0000016e4c7ab860 Exception <a 'java/lang/NoSuchMethodError'{0x00000000c3763d60}: 'void java.lang.invoke.DirectMethodHandle$Holder.invokeInterface(java.lang.Object, java.lang.Object, int)'> (0x00000000c3763d60) 
thrown [s\src\hotspot\share\interpreter\linkResolver.cpp, line 759]
Event: 9.598 Thread 0x0000016e4c7ab860 Exception <a 'java/lang/IncompatibleClassChangeError'{0x00000000c37b3ec0}: Found class java.lang.Object, but interface was expected> (0x00000000c37b3ec0) 
thrown [s\src\hotspot\share\interpreter\linkResolver.cpp, line 826]
Event: 9.599 Thread 0x0000016e4c7ab860 Exception <a 'java/lang/NoSuchMethodError'{0x00000000c37b9048}: 'void java.lang.invoke.DirectMethodHandle$Holder.invokeStatic(java.lang.Object, int, java.lang.Object)'> (0x00000000c37b9048) 
thrown [s\src\hotspot\share\interpreter\linkResolver.cpp, line 759]
Event: 9.605 Thread 0x0000016e4c7ab860 Exception <a 'java/lang/NoSuchMethodError'{0x00000000c37e8700}: 'int java.lang.invoke.DirectMethodHandle$Holder.invokeSpecial(java.lang.Object, java.lang.Object, int)'> (0x00000000c37e8700) 
thrown [s\src\hotspot\share\interpreter\linkResolver.cpp, line 759]
Event: 9.822 Thread 0x0000016e4d52d990 Exception <a 'java/lang/reflect/InvocationTargetException'{0x00000000c517b188}> (0x00000000c517b188) 
thrown [s\src\hotspot\share\runtime\reflection.cpp, line 1121]
Event: 10.127 Thread 0x0000016e4c7ab860 Exception <a 'sun/nio/fs/WindowsException'{0x00000000c4ab6a70}> (0x00000000c4ab6a70) 
thrown [s\src\hotspot\share\prims\jni.cpp, line 516]
Event: 10.129 Thread 0x0000016e4c7ab860 Exception <a 'sun/nio/fs/WindowsException'{0x00000000c4abc638}> (0x00000000c4abc638) 
thrown [s\src\hotspot\share\prims\jni.cpp, line 516]
Event: 10.130 Thread 0x0000016e4c7ab860 Exception <a 'sun/nio/fs/WindowsException'{0x00000000c4abcd10}> (0x00000000c4abcd10) 
thrown [s\src\hotspot\share\prims\jni.cpp, line 516]
Event: 10.368 Thread 0x0000016e4d52d990 Exception <a 'java/lang/reflect/InvocationTargetException'{0x00000000c5ae2590}> (0x00000000c5ae2590) 
thrown [s\src\hotspot\share\runtime\reflection.cpp, line 1121]
Event: 10.465 Thread 0x0000016e4c7ab860 Exception <a 'java/io/FileNotFoundException'{0x00000000c5102c08}> (0x00000000c5102c08) 
thrown [s\src\hotspot\share\prims\jni.cpp, line 516]
Event: 10.520 Thread 0x0000016e4c7ab860 Exception <a 'java/lang/NoSuchMethodError'{0x00000000c506f2f8}: 'int java.lang.invoke.DirectMethodHandle$Holder.invokeInterface(java.lang.Object, java.lang.Object, java.lang.Object, java.lang.Object)'> (0x00000000c506f2f8) 
thrown [s\src\hotspot\share\interpreter\linkResolver.cpp, line 759]
Event: 10.635 Thread 0x0000016e4c7ab860 Exception <a 'java/lang/NoSuchMethodError'{0x00000000c4e6f288}: 'long java.lang.invoke.DirectMethodHandle$Holder.invokeVirtual(java.lang.Object, java.lang.Object)'> (0x00000000c4e6f288) 
thrown [s\src\hotspot\share\interpreter\linkResolver.cpp, line 759]
Event: 10.645 Thread 0x0000016e4c7ab860 Exception <a 'java/io/FileNotFoundException'{0x00000000c4e9c3f0}> (0x00000000c4e9c3f0) 
thrown [s\src\hotspot\share\prims\jni.cpp, line 516]
Event: 10.873 Thread 0x0000016e4d52d990 Exception <a 'java/lang/reflect/InvocationTargetException'{0x00000000c4270060}> (0x00000000c4270060) 
thrown [s\src\hotspot\share\runtime\reflection.cpp, line 1121]
Event: 11.377 Thread 0x0000016e4d52d990 Exception <a 'java/lang/reflect/InvocationTargetException'{0x00000000c59de408}> (0x00000000c59de408) 
thrown [s\src\hotspot\share\runtime\reflection.cpp, line 1121]
Event: 11.894 Thread 0x0000016e4d52d990 Exception <a 'java/lang/reflect/InvocationTargetException'{0x00000000c4878fb8}> (0x00000000c4878fb8) 
thrown [s\src\hotspot\share\runtime\reflection.cpp, line 1121]
Event: 12.371 Thread 0x0000016e4c7ab860 Exception <a 'sun/nio/fs/WindowsException'{0x00000000c40893a0}> (0x00000000c40893a0) 
thrown [s\src\hotspot\share\prims\jni.cpp, line 516]
Event: 12.394 Thread 0x0000016e4c7ab860 Exception <a 'java/lang/NoSuchMethodError'{0x00000000c40aaa00}: 'int java.lang.invoke.DirectMethodHandle$Holder.invokeStaticInit(java.lang.Object, java.lang.Object, java.lang.Object, java.lang.Object)'> (0x00000000c40aaa00) 
thrown [s\src\hotspot\share\interpreter\linkResolver.cpp, line 759]
Event: 13.019 Thread 0x0000016e4c7ab860 Exception <a 'java/lang/NoSuchMethodError'{0x00000000c50c72d8}: 'java.lang.Object java.lang.invoke.DirectMethodHandle$Holder.invokeStaticInit(java.lang.Object, java.lang.Object, java.lang.Object, java.lang.Object)'> (0x00000000c50c72d8) 
thrown [s\src\hotspot\share\interpreter\linkResolver.cpp, line 759]
Event: 13.576 Thread 0x0000016e4c7ab860 Exception <a 'java/lang/NoSuchMethodError'{0x00000000c52b2918}: 'java.lang.Object java.lang.invoke.DirectMethodHandle$Holder.newInvokeSpecial(java.lang.Object, java.lang.Object, int, java.lang.Object, java.lang.Object)'> (0x00000000c52b2918) 
thrown [s\src\hotspot\share\interpreter\linkResolver.cpp, line 759]

VM Operations (20 events):
Event: 10.650 Executing VM operation: HandshakeAllThreads
Event: 10.651 Executing VM operation: HandshakeAllThreads done
Event: 10.651 Executing VM operation: HandshakeAllThreads
Event: 10.651 Executing VM operation: HandshakeAllThreads done
Event: 10.711 Executing VM operation: HandshakeAllThreads
Event: 10.711 Executing VM operation: HandshakeAllThreads done
Event: 11.221 Executing VM operation: G1CollectForAllocation
Event: 11.226 Executing VM operation: G1CollectForAllocation done
Event: 11.277 Executing VM operation: G1CollectForAllocation
Event: 11.284 Executing VM operation: G1CollectForAllocation done
Event: 12.385 Executing VM operation: HandshakeAllThreads
Event: 12.385 Executing VM operation: HandshakeAllThreads done
Event: 12.385 Executing VM operation: Cleanup
Event: 12.386 Executing VM operation: Cleanup done
Event: 12.443 Executing VM operation: G1CollectForAllocation
Event: 12.447 Executing VM operation: G1CollectForAllocation done
Event: 12.629 Executing VM operation: HandshakeAllThreads
Event: 12.629 Executing VM operation: HandshakeAllThreads done
Event: 13.483 Executing VM operation: G1CollectForAllocation
Event: 13.488 Executing VM operation: G1CollectForAllocation done

Events (20 events):
Event: 13.015 loading class java/lang/StringIndexOutOfBoundsException
Event: 13.016 loading class java/lang/StringIndexOutOfBoundsException done
Event: 13.562 loading class javax/naming/RefAddr
Event: 13.563 loading class javax/naming/RefAddr done
Event: 13.563 loading class javax/naming/StringRefAddr
Event: 13.563 loading class javax/naming/StringRefAddr done
Event: 13.566 loading class java/io/InvalidObjectException
Event: 13.566 loading class java/io/InvalidObjectException done
Event: 13.613 loading class java/util/concurrent/CompletionStage
Event: 13.614 loading class java/util/concurrent/CompletionStage done
Event: 13.614 loading class java/util/concurrent/CompletableFuture
Event: 13.616 loading class java/util/concurrent/CompletableFuture done
Event: 13.617 loading class java/util/concurrent/CompletableFuture$AltResult
Event: 13.617 loading class java/util/concurrent/CompletableFuture$AltResult done
Event: 13.617 loading class java/util/concurrent/CompletableFuture$Completion
Event: 13.617 loading class java/util/concurrent/CompletableFuture$AsynchronousCompletionTask
Event: 13.617 loading class java/util/concurrent/CompletableFuture$AsynchronousCompletionTask done
Event: 13.617 loading class java/util/concurrent/ForkJoinTask
Event: 13.618 loading class java/util/concurrent/ForkJoinTask done
Event: 13.618 loading class java/util/concurrent/CompletableFuture$Completion done


Dynamic libraries:
0x00007ff706f30000 - 0x00007ff706f3e000 	D:\spring core\sts-4.16.1.RELEASE\plugins\org.eclipse.justj.openjdk.hotspot.jre.full.win32.x86_64_17.0.4.v20221004-1257\jre\bin\javaw.exe
0x00007ffbb2680000 - 0x00007ffbb2889000 	C:\Windows\SYSTEM32\ntdll.dll
0x00007ffbb1900000 - 0x00007ffbb19be000 	C:\Windows\System32\KERNEL32.DLL
0x00007ffbafb50000 - 0x00007ffbafecb000 	C:\Windows\System32\KERNELBASE.dll
0x00007ffbb0210000 - 0x00007ffbb0321000 	C:\Windows\System32\ucrtbase.dll
0x00007ffb523a0000 - 0x00007ffb523b8000 	D:\spring core\sts-4.16.1.RELEASE\plugins\org.eclipse.justj.openjdk.hotspot.jre.full.win32.x86_64_17.0.4.v20221004-1257\jre\bin\jli.dll
0x00007ffb52250000 - 0x00007ffb52269000 	D:\spring core\sts-4.16.1.RELEASE\plugins\org.eclipse.justj.openjdk.hotspot.jre.full.win32.x86_64_17.0.4.v20221004-1257\jre\bin\VCRUNTIME140.dll
0x00007ffbb0720000 - 0x00007ffbb08cd000 	C:\Windows\System32\USER32.dll
0x00007ffbb04d0000 - 0x00007ffbb04f6000 	C:\Windows\System32\win32u.dll
0x00007ffb97490000 - 0x00007ffb97735000 	C:\Windows\WinSxS\amd64_microsoft.windows.common-controls_6595b64144ccf1df_6.0.22000.120_none_9d947278b86cc467\COMCTL32.dll
0x00007ffbb1b80000 - 0x00007ffbb1ba9000 	C:\Windows\System32\GDI32.dll
0x00007ffbb0500000 - 0x00007ffbb05a3000 	C:\Windows\System32\msvcrt.dll
0x00007ffbb0330000 - 0x00007ffbb0448000 	C:\Windows\System32\gdi32full.dll
0x00007ffbb0040000 - 0x00007ffbb00dd000 	C:\Windows\System32\msvcp_win.dll
0x00007ffbb2060000 - 0x00007ffbb2092000 	C:\Windows\System32\IMM32.DLL
0x00007ffb8e250000 - 0x00007ffb8e25c000 	D:\spring core\sts-4.16.1.RELEASE\plugins\org.eclipse.justj.openjdk.hotspot.jre.full.win32.x86_64_17.0.4.v20221004-1257\jre\bin\vcruntime140_1.dll
0x00007ffb46120000 - 0x00007ffb461b1000 	D:\spring core\sts-4.16.1.RELEASE\plugins\org.eclipse.justj.openjdk.hotspot.jre.full.win32.x86_64_17.0.4.v20221004-1257\jre\bin\msvcp140.dll
0x00007ffb32020000 - 0x00007ffb32c66000 	D:\spring core\sts-4.16.1.RELEASE\plugins\org.eclipse.justj.openjdk.hotspot.jre.full.win32.x86_64_17.0.4.v20221004-1257\jre\bin\server\jvm.dll
0x00007ffbb1a70000 - 0x00007ffbb1b1e000 	C:\Windows\System32\ADVAPI32.dll
0x00007ffbb19c0000 - 0x00007ffbb1a5e000 	C:\Windows\System32\sechost.dll
0x00007ffbb1500000 - 0x00007ffbb1620000 	C:\Windows\System32\RPCRT4.dll
0x00007ffbb18f0000 - 0x00007ffbb18f8000 	C:\Windows\System32\PSAPI.DLL
0x00007ffba9a20000 - 0x00007ffba9a53000 	C:\Windows\SYSTEM32\WINMM.dll
0x00007ffba9a60000 - 0x00007ffba9a6a000 	C:\Windows\SYSTEM32\VERSION.dll
0x00007ffbacd60000 - 0x00007ffbacd69000 	C:\Windows\SYSTEM32\WSOCK32.dll
0x00007ffbb05b0000 - 0x00007ffbb061f000 	C:\Windows\System32\WS2_32.dll
0x00007ffbaeb90000 - 0x00007ffbaeba8000 	C:\Windows\SYSTEM32\kernel.appcore.dll
0x00007ffbac1a0000 - 0x00007ffbac1aa000 	D:\spring core\sts-4.16.1.RELEASE\plugins\org.eclipse.justj.openjdk.hotspot.jre.full.win32.x86_64_17.0.4.v20221004-1257\jre\bin\jimage.dll
0x00007ffb9f790000 - 0x00007ffb9f9b1000 	C:\Windows\SYSTEM32\DBGHELP.DLL
0x00007ffb9ecc0000 - 0x00007ffb9ecf1000 	C:\Windows\SYSTEM32\dbgcore.DLL
0x00007ffbb0450000 - 0x00007ffbb04cf000 	C:\Windows\System32\bcryptPrimitives.dll
0x00007ffbac0d0000 - 0x00007ffbac0f5000 	D:\spring core\sts-4.16.1.RELEASE\plugins\org.eclipse.justj.openjdk.hotspot.jre.full.win32.x86_64_17.0.4.v20221004-1257\jre\bin\java.dll
0x00007ffba9b90000 - 0x00007ffba9ba8000 	D:\spring core\sts-4.16.1.RELEASE\plugins\org.eclipse.justj.openjdk.hotspot.jre.full.win32.x86_64_17.0.4.v20221004-1257\jre\bin\zip.dll
0x00007ffbb08d0000 - 0x00007ffbb1088000 	C:\Windows\System32\SHELL32.dll
0x00007ffbadc00000 - 0x00007ffbae465000 	C:\Windows\SYSTEM32\windows.storage.dll
0x00007ffbb1090000 - 0x00007ffbb1408000 	C:\Windows\System32\combase.dll
0x00007ffbada90000 - 0x00007ffbadbf6000 	C:\Windows\SYSTEM32\wintypes.dll
0x00007ffbb1d70000 - 0x00007ffbb1e5a000 	C:\Windows\System32\SHCORE.dll
0x00007ffbb1b20000 - 0x00007ffbb1b7d000 	C:\Windows\System32\shlwapi.dll
0x00007ffbafa80000 - 0x00007ffbafaa1000 	C:\Windows\SYSTEM32\profapi.dll
0x00007ffb9d1e0000 - 0x00007ffb9d1f9000 	D:\spring core\sts-4.16.1.RELEASE\plugins\org.eclipse.justj.openjdk.hotspot.jre.full.win32.x86_64_17.0.4.v20221004-1257\jre\bin\net.dll
0x00007ffba9c60000 - 0x00007ffba9d74000 	C:\Windows\SYSTEM32\WINHTTP.dll
0x00007ffbaf030000 - 0x00007ffbaf097000 	C:\Windows\system32\mswsock.dll
0x00007ffb9b910000 - 0x00007ffb9b925000 	D:\spring core\sts-4.16.1.RELEASE\plugins\org.eclipse.justj.openjdk.hotspot.jre.full.win32.x86_64_17.0.4.v20221004-1257\jre\bin\nio.dll
0x00007ffb8e3f0000 - 0x00007ffb8e3f9000 	D:\spring core\sts-4.16.1.RELEASE\plugins\org.eclipse.justj.openjdk.hotspot.jre.full.win32.x86_64_17.0.4.v20221004-1257\jre\bin\management.dll
0x00007ffb8c6c0000 - 0x00007ffb8c6cb000 	D:\spring core\sts-4.16.1.RELEASE\plugins\org.eclipse.justj.openjdk.hotspot.jre.full.win32.x86_64_17.0.4.v20221004-1257\jre\bin\management_ext.dll
0x00007ffb94800000 - 0x00007ffb94817000 	C:\Windows\system32\napinsp.dll
0x00007ffb947e0000 - 0x00007ffb947fb000 	C:\Windows\system32\pnrpnsp.dll
0x00007ffbae6e0000 - 0x00007ffbae7c8000 	C:\Windows\SYSTEM32\DNSAPI.dll
0x00007ffbae6b0000 - 0x00007ffbae6dd000 	C:\Windows\SYSTEM32\IPHLPAPI.DLL
0x00007ffbb17a0000 - 0x00007ffbb17a9000 	C:\Windows\System32\NSI.dll
0x00007ffb94780000 - 0x00007ffb94792000 	C:\Windows\System32\winrnr.dll
0x00007ffba8500000 - 0x00007ffba8515000 	C:\Windows\system32\wshbth.dll
0x00007ffb94720000 - 0x00007ffb9473f000 	C:\Windows\system32\nlansp_c.dll
0x00007ffba43c0000 - 0x00007ffba43ca000 	C:\Windows\System32\rasadhlp.dll
0x00007ffba7b20000 - 0x00007ffba7ba1000 	C:\Windows\System32\fwpuclnt.dll
0x00007ffbaf240000 - 0x00007ffbaf258000 	C:\Windows\SYSTEM32\CRYPTSP.dll
0x00007ffbaeaf0000 - 0x00007ffbaeb25000 	C:\Windows\system32\rsaenh.dll
0x00007ffbaf0f0000 - 0x00007ffbaf119000 	C:\Windows\SYSTEM32\USERENV.dll
0x00007ffbaf440000 - 0x00007ffbaf467000 	C:\Windows\SYSTEM32\bcrypt.dll
0x00007ffbaf260000 - 0x00007ffbaf26c000 	C:\Windows\SYSTEM32\CRYPTBASE.dll
0x00007ffba99e0000 - 0x00007ffba99f9000 	C:\Windows\SYSTEM32\dhcpcsvc6.DLL
0x00007ffbaa0d0000 - 0x00007ffbaa0ee000 	C:\Windows\SYSTEM32\dhcpcsvc.DLL
0x00007ffbac0a0000 - 0x00007ffbac0b0000 	D:\spring core\sts-4.16.1.RELEASE\plugins\org.eclipse.justj.openjdk.hotspot.jre.full.win32.x86_64_17.0.4.v20221004-1257\jre\bin\verify.dll
0x00007ffbaa7a0000 - 0x00007ffbaa7ae000 	D:\spring core\sts-4.16.1.RELEASE\plugins\org.eclipse.justj.openjdk.hotspot.jre.full.win32.x86_64_17.0.4.v20221004-1257\jre\bin\sunmscapi.dll
0x00007ffbafed0000 - 0x00007ffbb0032000 	C:\Windows\System32\CRYPT32.dll
0x00007ffbaf410000 - 0x00007ffbaf438000 	C:\Windows\SYSTEM32\ncrypt.dll
0x00007ffbaf3d0000 - 0x00007ffbaf407000 	C:\Windows\SYSTEM32\NTASN1.dll

dbghelp: loaded successfully - version: 4.0.5 - missing functions: none
symbol engine: initialized successfully - sym options: 0x614 - pdb path: .;D:\spring core\sts-4.16.1.RELEASE\plugins\org.eclipse.justj.openjdk.hotspot.jre.full.win32.x86_64_17.0.4.v20221004-1257\jre\bin;C:\Windows\SYSTEM32;C:\Windows\WinSxS\amd64_microsoft.windows.common-controls_6595b64144ccf1df_6.0.22000.120_none_9d947278b86cc467;D:\spring core\sts-4.16.1.RELEASE\plugins\org.eclipse.justj.openjdk.hotspot.jre.full.win32.x86_64_17.0.4.v20221004-1257\jre\bin\server

VM Arguments:
jvm_args: -Dcom.sun.management.jmxremote -Dcom.sun.management.jmxremote.port=54986 -Dcom.sun.management.jmxremote.authenticate=false -Dcom.sun.management.jmxremote.ssl=false -Djava.rmi.server.hostname=localhost -Dspring.jmx.enabled=true -Dspring.application.admin.enabled=true -XX:TieredStopAtLevel=1 -Dspring.boot.project.name=user-service -Dfile.encoding=UTF-8 -XX:+ShowCodeDetailsInExceptionMessages 
java_command: com.cgi.userservice.UserServiceApplication --spring.output.ansi.enabled=always
java_class_path (initial): C:\Users\USER\Downloads\newsapp\newsapp\user-service\target\classes;C:\Users\USER\.m2\repository\org\springframework\boot\spring-boot-starter-web\2.7.5\spring-boot-starter-web-2.7.5.jar;C:\Users\USER\.m2\repository\org\springframework\boot\spring-boot-starter\2.7.5\spring-boot-starter-2.7.5.jar;C:\Users\USER\.m2\repository\org\springframework\boot\spring-boot-starter-logging\2.7.5\spring-boot-starter-logging-2.7.5.jar;C:\Users\USER\.m2\repository\ch\qos\logback\logback-classic\1.2.11\logback-classic-1.2.11.jar;C:\Users\USER\.m2\repository\ch\qos\logback\logback-core\1.2.11\logback-core-1.2.11.jar;C:\Users\USER\.m2\repository\org\apache\logging\log4j\log4j-to-slf4j\2.17.2\log4j-to-slf4j-2.17.2.jar;C:\Users\USER\.m2\repository\org\apache\logging\log4j\log4j-api\2.17.2\log4j-api-2.17.2.jar;C:\Users\USER\.m2\repository\org\slf4j\jul-to-slf4j\1.7.36\jul-to-slf4j-1.7.36.jar;C:\Users\USER\.m2\repository\jakarta\annotation\jakarta.annotation-api\1.3.5\jakarta.annotation-api-1.3.5.jar;C:\Users\USER\.m2\repository\org\yaml\snakeyaml\1.30\snakeyaml-1.30.jar;C:\Users\USER\.m2\repository\org\springframework\boot\spring-boot-starter-json\2.7.5\spring-boot-starter-json-2.7.5.jar;C:\Users\USER\.m2\repository\com\fasterxml\jackson\datatype\jackson-datatype-jdk8\2.13.4\jackson-datatype-jdk8-2.13.4.jar;C:\Users\USER\.m2\repository\com\fasterxml\jackson\datatype\jackson-datatype-jsr310\2.13.4\jackson-datatype-jsr310-2.13.4.jar;C:\Users\USER\.m2\repository\com\fasterxml\jackson\module\jackson-module-parameter-names\2.13.4\jackson-module-parameter-names-2.13.4.jar;C:\Users\USER\.m2\repository\org\springframework\boot\spring-boot-starter-tomcat\2.7.5\spring-boot-starter-tomcat-2.7.5.jar;C:\Users\USER\.m2\repository\org\apache\tomcat\embed\tomcat-embed-core\9.0.68\tomcat-embed-core-9.0.68.jar;C:\Users\USER\.m2\repository\org\apache\tomcat\embed\tomcat-embed-el\9.0.68\tomcat-embed-el-9.0.68.jar;C:\Users\USER\.m2\repository\org\apache\tomcat\embed\tomcat-embed-we
Launcher Type: SUN_STANDARD

[Global flags]
     intx CICompilerCount                          = 4                                         {product} {ergonomic}
     uint ConcGCThreads                            = 2                                         {product} {ergonomic}
     uint G1ConcRefinementThreads                  = 8                                         {product} {ergonomic}
   size_t G1HeapRegionSize                         = 1048576                                   {product} {ergonomic}
    uintx GCDrainStackTargetSize                   = 64                                        {product} {ergonomic}
   size_t InitialHeapSize                          = 65011712                                  {product} {ergonomic}
     bool ManagementServer                         = true                                      {product} {command line}
   size_t MarkStackSize                            = 4194304                                   {product} {ergonomic}
   size_t MaxHeapSize                              = 1040187392                                {product} {ergonomic}
   size_t MaxNewSize                               = 623902720                                 {product} {ergonomic}
   size_t MinHeapDeltaBytes                        = 1048576                                   {product} {ergonomic}
   size_t MinHeapSize                              = 8388608                                   {product} {ergonomic}
    uintx NonProfiledCodeHeapSize                  = 0                                      {pd product} {ergonomic}
     bool ProfileInterpreter                       = false                                  {pd product} {command line}
    uintx ProfiledCodeHeapSize                     = 0                                      {pd product} {ergonomic}
     bool ShowCodeDetailsInExceptionMessages       = true                                   {manageable} {command line}
   size_t SoftMaxHeapSize                          = 1040187392                             {manageable} {ergonomic}
     intx TieredStopAtLevel                        = 1                                         {product} {command line}
     bool UseCompressedClassPointers               = true                           {product lp64_product} {ergonomic}
     bool UseCompressedOops                        = true                           {product lp64_product} {ergonomic}
     bool UseG1GC                                  = true                                      {product} {ergonomic}
     bool UseLargePagesIndividualAllocation        = false                                  {pd product} {ergonomic}

Logging:
Log output configuration:
 #0: stdout all=warning uptime,level,tags
 #1: stderr all=off uptime,level,tags

Environment Variables:
JAVA_HOME=C:\Program Files\Java\jdk1.8.0_301
PATH=D:/spring core/sts-4.16.1.RELEASE//plugins/org.eclipse.justj.openjdk.hotspot.jre.full.win32.x86_64_17.0.4.v20221004-1257/jre/bin/server;D:/spring core/sts-4.16.1.RELEASE//plugins/org.eclipse.justj.openjdk.hotspot.jre.full.win32.x86_64_17.0.4.v20221004-1257/jre/bin;C:\Program Files (x86)\Common Files\Oracle\Java\javapath;C:\Python310\Scripts\;C:\Python310\;C:\Windows\system32;C:\Windows;C:\Windows\System32\Wbem;C:\Windows\System32\WindowsPowerShell\v1.0\;C:\Windows\System32\OpenSSH\;C:\Program Files\Git\cmd;C:\ProgramData\chocolatey\bin;C:\Program Files\Java\jdk1.8.0_301\bin;C:\Program Files\Java\jre1.8.0_301\bin;C:\Program Files\MongoDB\Server\6.0\bin;C:\Program Files\Docker\Docker\resources\bin;D:\front-end softwares\nodejs app;C:\Program Files\MySQL\MySQL Shell 8.0\bin\;C:\Users\USER\AppData\Local\Microsoft\WindowsApps;;D:\D\Microsoft VS Code\bin;C:\Users\USER\AppData\Roaming\npm;D:\spring core\sts-4.16.1.RELEASE;
USERNAME=USER
OS=Windows_NT
PROCESSOR_IDENTIFIER=Intel64 Family 6 Model 142 Stepping 10, GenuineIntel
TMP=C:\Users\USER\AppData\Local\Temp
TEMP=C:\Users\USER\AppData\Local\Temp



---------------  S Y S T E M  ---------------

OS:
 Windows 11 , 64 bit Build 22000 (10.0.22000.1219)
OS uptime: 0 days 3:50 hours
Hyper-V role detected

CPU: total 8 (initial active 8) (4 cores per cpu, 2 threads per core) family 6 model 142 stepping 10 microcode 0xe0, cx8, cmov, fxsr, ht, mmx, 3dnowpref, sse, sse2, sse3, ssse3, sse4.1, sse4.2, popcnt, lzcnt, tsc, tscinvbit, avx, avx2, aes, erms, clmul, bmi1, bmi2, adx, fma, vzeroupper, clflush, clflushopt, hv

Memory: 4k page, system-wide physical 3962M (292M free)
TotalPageFile size 10106M (AvailPageFile size 0M)
current process WorkingSet (physical memory assigned to process): 173M, peak: 174M
current process commit charge ("private bytes"): 208M, peak: 208M

vm_info: OpenJDK 64-Bit Server VM (17.0.4.1+1) for windows-amd64 JRE (17.0.4.1+1), built on Aug 17 2022 07:42:43 by "temurin" with MS VC++ 16.7 (VS2019)

END.
