#
# There is insufficient memory for the Java Runtime Environment to continue.
# Native memory allocation (mmap) failed to map 9437184 bytes for G1 virtual space
# Possible reasons:
#   The system is out of physical RAM or swap space
#   The process is running with CompressedOops enabled, and the Java Heap may be blocking the growth of the native heap
# Possible solutions:
#   Reduce memory load on the system
#   Increase physical memory or swap space
#   Check if swap backing store is full
#   Decrease Java heap size (-Xmx/-Xms)
#   Decrease number of Java threads
#   Decrease Java thread stack sizes (-Xss)
#   Set larger code cache with -XX:ReservedCodeCacheSize=
#   JVM is running with Unscaled Compressed Oops mode in which the Java heap is
#     placed in the first 4GB address space. The Java Heap base address is the
#     maximum limit for the native heap growth. Please use -XX:HeapBaseMinAddress
#     to set the Java Heap base and to place the Java Heap above 4GB virtual address.
# This output file may be truncated or incomplete.
#
#  Out of Memory Error (os_windows.cpp:3541), pid=19120, tid=6840
#
# JRE version: OpenJDK Runtime Environment Temurin-17.0.4.1+1 (17.0.4.1+1) (build 17.0.4.1+1)
# Java VM: OpenJDK 64-Bit Server VM Temurin-17.0.4.1+1 (17.0.4.1+1, mixed mode, emulated-client, tiered, compressed oops, compressed class ptrs, g1 gc, windows-amd64)
# No core dump will be written. Minidumps are not enabled by default on client versions of Windows
#

---------------  S U M M A R Y ------------

Command Line: -Dcom.sun.management.jmxremote -Dcom.sun.management.jmxremote.port=56768 -Dcom.sun.management.jmxremote.authenticate=false -Dcom.sun.management.jmxremote.ssl=false -Djava.rmi.server.hostname=localhost -Dspring.jmx.enabled=true -Dspring.application.admin.enabled=true -XX:TieredStopAtLevel=1 -Dspring.boot.project.name=admin-services -Dfile.encoding=UTF-8 -XX:+ShowCodeDetailsInExceptionMessages com.grpf.adminservices.AdminServicesApplication --spring.output.ansi.enabled=always

Host: Intel(R) Core(TM) i5-8250U CPU @ 1.60GHz, 8 cores, 3G,  Windows 11 , 64 bit Build 22000 (10.0.22000.1219)
Time: Fri Nov 25 00:21:08 2022 India Standard Time elapsed time: 5.621683 seconds (0d 0h 0m 5s)

---------------  T H R E A D  ---------------

Current thread (0x000001370cc582e0):  VMThread "VM Thread" [stack: 0x0000001c3bf00000,0x0000001c3c000000] [id=6840]

Stack: [0x0000001c3bf00000,0x0000001c3c000000]
Native frames: (J=compiled Java code, j=interpreted, Vv=VM code, C=native code)
V  [jvm.dll+0x67731a]
V  [jvm.dll+0x832284]
V  [jvm.dll+0x833a2e]
V  [jvm.dll+0x834093]
V  [jvm.dll+0x245775]
V  [jvm.dll+0x674209]
V  [jvm.dll+0x668a92]
V  [jvm.dll+0x30471b]
V  [jvm.dll+0x30bc66]
V  [jvm.dll+0x35ba9e]
V  [jvm.dll+0x35bccf]
V  [jvm.dll+0x2db5b8]
V  [jvm.dll+0x2d986c]
V  [jvm.dll+0x2d8e3c]
V  [jvm.dll+0x31cd9b]
V  [jvm.dll+0x83853b]
V  [jvm.dll+0x839274]
V  [jvm.dll+0x83978c]
V  [jvm.dll+0x839b64]
V  [jvm.dll+0x839c30]
V  [jvm.dll+0x7e240a]
V  [jvm.dll+0x6761a5]
C  [ucrtbase.dll+0x26c0c]
C  [KERNEL32.DLL+0x15550]
C  [ntdll.dll+0x485b]

VM_Operation (0x0000001c3d1f86e0): G1CollectForAllocation, mode: safepoint, requested by thread 0x000001371b698610


---------------  P R O C E S S  ---------------

Threads class SMR info:
_java_thread_list=0x000001371d389500, length=28, elements={
0x000001370cb89ce0, 0x000001370cc58900, 0x000001371a1f60c0, 0x000001370cc5e280,
0x000001371a2428d0, 0x000001371a243190, 0x000001371a246f50, 0x000001371a247810,
0x000001371a248200, 0x000001371a28e800, 0x000001371acb1020, 0x000001371ada4cc0,
0x000001371b2cf5a0, 0x000001371b2c1280, 0x000001371b2b2260, 0x000001371b345210,
0x000001371b697870, 0x000001371b698610, 0x000001371b76c290, 0x000001371b7b26d0,
0x000001371b7c1560, 0x000001371c5a1f60, 0x000001371c5a4110, 0x000001371c5a45e0,
0x000001371c5a2900, 0x000001371c5a32a0, 0x000001371c5a1a90, 0x000001371c5a3c40
}

Java Threads: ( => current thread )
  0x000001370cb89ce0 JavaThread "main" [_thread_blocked, id=15860, stack(0x0000001c3b900000,0x0000001c3ba00000)]
  0x000001370cc58900 JavaThread "Reference Handler" daemon [_thread_blocked, id=1888, stack(0x0000001c3c000000,0x0000001c3c100000)]
  0x000001371a1f60c0 JavaThread "Finalizer" daemon [_thread_blocked, id=13908, stack(0x0000001c3c100000,0x0000001c3c200000)]
  0x000001370cc5e280 JavaThread "Signal Dispatcher" daemon [_thread_blocked, id=17124, stack(0x0000001c3c200000,0x0000001c3c300000)]
  0x000001371a2428d0 JavaThread "Attach Listener" daemon [_thread_blocked, id=13184, stack(0x0000001c3c300000,0x0000001c3c400000)]
  0x000001371a243190 JavaThread "Service Thread" daemon [_thread_blocked, id=18228, stack(0x0000001c3c400000,0x0000001c3c500000)]
  0x000001371a246f50 JavaThread "Monitor Deflation Thread" daemon [_thread_blocked, id=14256, stack(0x0000001c3c500000,0x0000001c3c600000)]
  0x000001371a247810 JavaThread "C1 CompilerThread0" daemon [_thread_blocked, id=19500, stack(0x0000001c3c600000,0x0000001c3c700000)]
  0x000001371a248200 JavaThread "Sweeper thread" daemon [_thread_blocked, id=20152, stack(0x0000001c3c700000,0x0000001c3c800000)]
  0x000001371a28e800 JavaThread "Common-Cleaner" daemon [_thread_blocked, id=18548, stack(0x0000001c3c800000,0x0000001c3c900000)]
  0x000001371acb1020 JavaThread "C1 CompilerThread1" daemon [_thread_blocked, id=18320, stack(0x0000001c3c900000,0x0000001c3ca00000)]
  0x000001371ada4cc0 JavaThread "Notification Thread" daemon [_thread_blocked, id=17076, stack(0x0000001c3ca00000,0x0000001c3cb00000)]
  0x000001371b2cf5a0 JavaThread "RMI TCP Accept-0" daemon [_thread_in_native, id=320, stack(0x0000001c3cb00000,0x0000001c3cc00000)]
  0x000001371b2c1280 JavaThread "RMI TCP Accept-56768" daemon [_thread_in_native, id=13824, stack(0x0000001c3cc00000,0x0000001c3cd00000)]
  0x000001371b2b2260 JavaThread "RMI TCP Accept-0" daemon [_thread_in_native, id=11468, stack(0x0000001c3cd00000,0x0000001c3ce00000)]
  0x000001371b345210 JavaThread "C1 CompilerThread2" daemon [_thread_blocked, id=12952, stack(0x0000001c3cf00000,0x0000001c3d000000)]
  0x000001371b697870 JavaThread "Thread-0" [_thread_blocked, id=16048, stack(0x0000001c3d000000,0x0000001c3d100000)]
  0x000001371b698610 JavaThread "restartedMain" [_thread_blocked, id=1608, stack(0x0000001c3d100000,0x0000001c3d200000)]
  0x000001371b76c290 JavaThread "RMI TCP Connection(1)-127.0.0.1" daemon [_thread_in_native, id=604, stack(0x0000001c3db00000,0x0000001c3dc00000)]
  0x000001371b7b26d0 JavaThread "RMI Scheduler(0)" daemon [_thread_blocked, id=20648, stack(0x0000001c3dc00000,0x0000001c3dd00000)]
  0x000001371b7c1560 JavaThread "RMI TCP Connection(2)-127.0.0.1" daemon [_thread_in_native, id=6780, stack(0x0000001c3dd00000,0x0000001c3de00000)]
  0x000001371c5a1f60 JavaThread "JMX server connection timeout 25" daemon [_thread_blocked, id=13420, stack(0x0000001c3de00000,0x0000001c3df00000)]
  0x000001371c5a4110 JavaThread "Catalina-utility-1" [_thread_blocked, id=12752, stack(0x0000001c3df00000,0x0000001c3e000000)]
  0x000001371c5a45e0 JavaThread "Catalina-utility-2" [_thread_blocked, id=10832, stack(0x0000001c3e100000,0x0000001c3e200000)]
  0x000001371c5a2900 JavaThread "container-0" [_thread_blocked, id=15728, stack(0x0000001c3e200000,0x0000001c3e300000)]
  0x000001371c5a32a0 JavaThread "mysql-cj-abandoned-connection-cleanup" daemon [_thread_blocked, id=4724, stack(0x0000001c3e300000,0x0000001c3e400000)]
  0x000001371c5a1a90 JavaThread "HikariPool-1 housekeeper" daemon [_thread_blocked, id=20864, stack(0x0000001c3e500000,0x0000001c3e600000)]
  0x000001371c5a3c40 JavaThread "HikariPool-1 connection adder" daemon [_thread_blocked, id=8452, stack(0x0000001c3e600000,0x0000001c3e700000)]

Other Threads:
=>0x000001370cc582e0 VMThread "VM Thread" [stack: 0x0000001c3bf00000,0x0000001c3c000000] [id=6840]
  0x000001371b2c4bf0 WatcherThread [stack: 0x0000001c3ce00000,0x0000001c3cf00000] [id=20160]
  0x000001370cbc97b0 GCTaskThread "GC Thread#0" [stack: 0x0000001c3ba00000,0x0000001c3bb00000] [id=3648]
  0x000001371b699200 GCTaskThread "GC Thread#1" [stack: 0x0000001c3d200000,0x0000001c3d300000] [id=3644]
  0x000001371b72c020 GCTaskThread "GC Thread#2" [stack: 0x0000001c3d300000,0x0000001c3d400000] [id=9592]
  0x000001371b7302e0 GCTaskThread "GC Thread#3" [stack: 0x0000001c3d400000,0x0000001c3d500000] [id=9028]
  0x000001371b731600 GCTaskThread "GC Thread#4" [stack: 0x0000001c3d500000,0x0000001c3d600000] [id=17120]
  0x000001371b7310a0 GCTaskThread "GC Thread#5" [stack: 0x0000001c3d600000,0x0000001c3d700000] [id=19832]
  0x000001371b730df0 GCTaskThread "GC Thread#6" [stack: 0x0000001c3d700000,0x0000001c3d800000] [id=6524]
  0x000001371b731e10 GCTaskThread "GC Thread#7" [stack: 0x0000001c3d800000,0x0000001c3d900000] [id=4904]
  0x000001370cbd2bf0 ConcurrentGCThread "G1 Main Marker" [stack: 0x0000001c3bb00000,0x0000001c3bc00000] [id=11444]
  0x000001370cbd3600 ConcurrentGCThread "G1 Conc#0" [stack: 0x0000001c3bc00000,0x0000001c3bd00000] [id=19580]
  0x000001371b7305e0 ConcurrentGCThread "G1 Conc#1" [stack: 0x0000001c3e000000,0x0000001c3e100000] [id=7532]
  0x000001370cc265d0 ConcurrentGCThread "G1 Refine#0" [stack: 0x0000001c3bd00000,0x0000001c3be00000] [id=14952]
  0x000001371af12c70 ConcurrentGCThread "G1 Refine#1" [stack: 0x0000001c3d900000,0x0000001c3da00000] [id=16580]
  0x000001371af13760 ConcurrentGCThread "G1 Refine#2" [stack: 0x0000001c3da00000,0x0000001c3db00000] [id=15744]
  0x000001370cc282a0 ConcurrentGCThread "G1 Service" [stack: 0x0000001c3be00000,0x0000001c3bf00000] [id=6392]

Threads with active compile tasks:

VM state: at safepoint (normal execution)

VM Mutex/Monitor currently owned by a thread:  ([mutex/lock_event])
[0x000001370c9ce640] Threads_lock - owner thread: 0x000001370cc582e0
[0x000001370c9cd3b0] Heap_lock - owner thread: 0x000001371b698610

Heap address: 0x00000000c2000000, size: 992 MB, Compressed Oops mode: 32-bit

CDS archive(s) not mapped
Compressed class space mapped at: 0x0000000100000000-0x0000000140000000, reserved size: 1073741824
Narrow klass base: 0x0000000000000000, Narrow klass shift: 3, Narrow klass range: 0x140000000

GC Precious Log:
 CPUs: 8 total, 8 available
 Memory: 3962M
 Large Page Support: Disabled
 NUMA Support: Disabled
 Compressed Oops: Enabled (32-bit)
 Heap Region Size: 1M
 Heap Min Capacity: 8M
 Heap Initial Capacity: 62M
 Heap Max Capacity: 992M
 Pre-touch: Disabled
 Parallel Workers: 8
 Concurrent Workers: 2
 Concurrent Refinement Workers: 8
 Periodic GC: Disabled

Heap:
 garbage-first heap   total 54272K, used 21508K [0x00000000c2000000, 0x0000000100000000)
  region size 1024K, 3 young (3072K), 3 survivors (3072K)
 Metaspace       used 56951K, committed 57408K, reserved 1105920K
  class space    used 7644K, committed 7872K, reserved 1048576K

Heap Regions: E=young(eden), S=young(survivor), O=old, HS=humongous(starts), HC=humongous(continues), CS=collection set, F=free, OA=open archive, CA=closed archive, TAMS=top-at-mark-start (previous, next)
|   0|0x00000000c2000000, 0x00000000c2100000, 0x00000000c2100000|100%|HS|  |TAMS 0x00000000c2100000, 0x00000000c2000000| Complete 
|   1|0x00000000c2100000, 0x00000000c2200000, 0x00000000c2200000|100%| O|  |TAMS 0x00000000c2200000, 0x00000000c2100000| Untracked 
|   2|0x00000000c2200000, 0x00000000c2300000, 0x00000000c2300000|100%| O|  |TAMS 0x00000000c2300000, 0x00000000c2200000| Untracked 
|   3|0x00000000c2300000, 0x00000000c2400000, 0x00000000c2400000|100%| O|  |TAMS 0x00000000c2400000, 0x00000000c2300000| Untracked 
|   4|0x00000000c2400000, 0x00000000c2500000, 0x00000000c2500000|100%| O|  |TAMS 0x00000000c2500000, 0x00000000c2400000| Untracked 
|   5|0x00000000c2500000, 0x00000000c2600000, 0x00000000c2600000|100%| O|  |TAMS 0x00000000c2600000, 0x00000000c2500000| Untracked 
|   6|0x00000000c2600000, 0x00000000c2700000, 0x00000000c2700000|100%| O|  |TAMS 0x00000000c2700000, 0x00000000c2600000| Untracked 
|   7|0x00000000c2700000, 0x00000000c2800000, 0x00000000c2800000|100%| O|  |TAMS 0x00000000c2700000, 0x00000000c2700000| Untracked 
|   8|0x00000000c2800000, 0x00000000c2900000, 0x00000000c2900000|100%| O|  |TAMS 0x00000000c2900000, 0x00000000c2800000| Untracked 
|   9|0x00000000c2900000, 0x00000000c2a00000, 0x00000000c2a00000|100%| O|  |TAMS 0x00000000c2a00000, 0x00000000c2900000| Untracked 
|  10|0x00000000c2a00000, 0x00000000c2b00000, 0x00000000c2b00000|100%| O|  |TAMS 0x00000000c2b00000, 0x00000000c2a00000| Untracked 
|  11|0x00000000c2b00000, 0x00000000c2c00000, 0x00000000c2c00000|100%| O|  |TAMS 0x00000000c2b00000, 0x00000000c2b00000| Untracked 
|  12|0x00000000c2c00000, 0x00000000c2d00000, 0x00000000c2d00000|100%| O|  |TAMS 0x00000000c2c00000, 0x00000000c2c00000| Untracked 
|  13|0x00000000c2d00000, 0x00000000c2e00000, 0x00000000c2e00000|100%| O|  |TAMS 0x00000000c2d00000, 0x00000000c2d00000| Untracked 
|  14|0x00000000c2e00000, 0x00000000c2f00000, 0x00000000c2f00000|100%| O|  |TAMS 0x00000000c2e00000, 0x00000000c2e00000| Untracked 
|  15|0x00000000c2f00000, 0x00000000c3000000, 0x00000000c3000000|100%| O|  |TAMS 0x00000000c2f00000, 0x00000000c2f00000| Untracked 
|  16|0x00000000c3000000, 0x00000000c3100000, 0x00000000c3100000|100%| O|  |TAMS 0x00000000c3000000, 0x00000000c3000000| Untracked 
|  17|0x00000000c3100000, 0x00000000c3200000, 0x00000000c3200000|100%| O|  |TAMS 0x00000000c3100000, 0x00000000c3100000| Untracked 
|  18|0x00000000c3200000, 0x00000000c3266000, 0x00000000c3300000| 39%| O|  |TAMS 0x00000000c3200000, 0x00000000c3200000| Untracked 
|  19|0x00000000c3300000, 0x00000000c3300000, 0x00000000c3400000|  0%| F|  |TAMS 0x00000000c3300000, 0x00000000c3300000| Untracked 
|  20|0x00000000c3400000, 0x00000000c3400000, 0x00000000c3500000|  0%| F|  |TAMS 0x00000000c3400000, 0x00000000c3400000| Untracked 
|  21|0x00000000c3500000, 0x00000000c3500000, 0x00000000c3600000|  0%| F|  |TAMS 0x00000000c3500000, 0x00000000c3500000| Untracked 
|  22|0x00000000c3600000, 0x00000000c3600000, 0x00000000c3700000|  0%| F|  |TAMS 0x00000000c3600000, 0x00000000c3600000| Untracked 
|  23|0x00000000c3700000, 0x00000000c3700000, 0x00000000c3800000|  0%| F|  |TAMS 0x00000000c3700000, 0x00000000c3700000| Untracked 
|  24|0x00000000c3800000, 0x00000000c3800000, 0x00000000c3900000|  0%| F|  |TAMS 0x00000000c3800000, 0x00000000c3800000| Untracked 
|  25|0x00000000c3900000, 0x00000000c3900000, 0x00000000c3a00000|  0%| F|  |TAMS 0x00000000c3900000, 0x00000000c3900000| Untracked 
|  26|0x00000000c3a00000, 0x00000000c3a00000, 0x00000000c3b00000|  0%| F|  |TAMS 0x00000000c3a00000, 0x00000000c3a00000| Untracked 
|  27|0x00000000c3b00000, 0x00000000c3b00000, 0x00000000c3c00000|  0%| F|  |TAMS 0x00000000c3b00000, 0x00000000c3b00000| Untracked 
|  28|0x00000000c3c00000, 0x00000000c3c9b1e0, 0x00000000c3d00000| 60%| S|CS|TAMS 0x00000000c3c00000, 0x00000000c3c00000| Complete 
|  29|0x00000000c3d00000, 0x00000000c3e00000, 0x00000000c3e00000|100%| S|CS|TAMS 0x00000000c3d00000, 0x00000000c3d00000| Complete 
|  30|0x00000000c3e00000, 0x00000000c3f00000, 0x00000000c3f00000|100%| S|CS|TAMS 0x00000000c3e00000, 0x00000000c3e00000| Complete 
|  31|0x00000000c3f00000, 0x00000000c3f00000, 0x00000000c4000000|  0%| F|  |TAMS 0x00000000c3f00000, 0x00000000c3f00000| Untracked 
|  32|0x00000000c4000000, 0x00000000c4000000, 0x00000000c4100000|  0%| F|  |TAMS 0x00000000c4000000, 0x00000000c4000000| Untracked 
|  33|0x00000000c4100000, 0x00000000c4100000, 0x00000000c4200000|  0%| F|  |TAMS 0x00000000c4100000, 0x00000000c4100000| Untracked 
|  34|0x00000000c4200000, 0x00000000c4200000, 0x00000000c4300000|  0%| F|  |TAMS 0x00000000c4200000, 0x00000000c4200000| Untracked 
|  35|0x00000000c4300000, 0x00000000c4300000, 0x00000000c4400000|  0%| F|  |TAMS 0x00000000c4300000, 0x00000000c4300000| Untracked 
|  36|0x00000000c4400000, 0x00000000c4400000, 0x00000000c4500000|  0%| F|  |TAMS 0x00000000c4400000, 0x00000000c4400000| Untracked 
|  37|0x00000000c4500000, 0x00000000c4500000, 0x00000000c4600000|  0%| F|  |TAMS 0x00000000c4500000, 0x00000000c4500000| Untracked 
|  38|0x00000000c4600000, 0x00000000c4600000, 0x00000000c4700000|  0%| F|  |TAMS 0x00000000c4600000, 0x00000000c4600000| Untracked 
|  39|0x00000000c4700000, 0x00000000c4700000, 0x00000000c4800000|  0%| F|  |TAMS 0x00000000c4700000, 0x00000000c4700000| Untracked 
|  40|0x00000000c4800000, 0x00000000c4800000, 0x00000000c4900000|  0%| F|  |TAMS 0x00000000c4800000, 0x00000000c4800000| Untracked 
|  41|0x00000000c4900000, 0x00000000c4900000, 0x00000000c4a00000|  0%| F|  |TAMS 0x00000000c4900000, 0x00000000c4900000| Untracked 
|  42|0x00000000c4a00000, 0x00000000c4a00000, 0x00000000c4b00000|  0%| F|  |TAMS 0x00000000c4a00000, 0x00000000c4a00000| Untracked 
|  43|0x00000000c4b00000, 0x00000000c4b00000, 0x00000000c4c00000|  0%| F|  |TAMS 0x00000000c4b00000, 0x00000000c4b00000| Untracked 
|  44|0x00000000c4c00000, 0x00000000c4c00000, 0x00000000c4d00000|  0%| F|  |TAMS 0x00000000c4c00000, 0x00000000c4c00000| Untracked 
|  45|0x00000000c4d00000, 0x00000000c4d00000, 0x00000000c4e00000|  0%| F|  |TAMS 0x00000000c4d00000, 0x00000000c4d00000| Untracked 
|  46|0x00000000c4e00000, 0x00000000c4e00000, 0x00000000c4f00000|  0%| F|  |TAMS 0x00000000c4e00000, 0x00000000c4e00000| Untracked 
|  47|0x00000000c4f00000, 0x00000000c4f00000, 0x00000000c5000000|  0%| F|  |TAMS 0x00000000c4f00000, 0x00000000c4f00000| Untracked 
|  48|0x00000000c5000000, 0x00000000c5000000, 0x00000000c5100000|  0%| F|  |TAMS 0x00000000c5000000, 0x00000000c5000000| Untracked 
|  49|0x00000000c5100000, 0x00000000c5100000, 0x00000000c5200000|  0%| F|  |TAMS 0x00000000c5100000, 0x00000000c5100000| Untracked 
|  59|0x00000000c5b00000, 0x00000000c5b00000, 0x00000000c5c00000|  0%| F|  |TAMS 0x00000000c5b00000, 0x00000000c5b00000| Untracked 
|  60|0x00000000c5c00000, 0x00000000c5c00000, 0x00000000c5d00000|  0%| F|  |TAMS 0x00000000c5c00000, 0x00000000c5c00000| Untracked 
|  61|0x00000000c5d00000, 0x00000000c5d00000, 0x00000000c5e00000|  0%| F|  |TAMS 0x00000000c5d00000, 0x00000000c5d00000| Untracked 

Card table byte_map: [0x0000013715530000,0x0000013715720000] _byte_map_base: 0x0000013714f20000

Marking Bits (Prev, Next): (CMBitMap*) 0x000001370cbc9dc0, (CMBitMap*) 0x000001370cbc9e00
 Prev Bits: [0x0000013715910000, 0x0000013716890000)
 Next Bits: [0x0000013716890000, 0x0000013717810000)

Polling page: 0x000001370cc60000

Metaspace:

Usage:
  Non-class:     48.15 MB used.
      Class:      7.47 MB used.
       Both:     55.62 MB used.

Virtual space:
  Non-class space:       56.00 MB reserved,      48.38 MB ( 86%) committed,  7 nodes.
      Class space:        1.00 GB reserved,       7.69 MB ( <1%) committed,  1 nodes.
             Both:        1.05 GB reserved,      56.06 MB (  5%) committed. 

Chunk freelists:
   Non-Class:  3.42 MB
       Class:  304.00 KB
        Both:  3.72 MB

MaxMetaspaceSize: unlimited
CompressedClassSpaceSize: 1.00 GB
Initial GC threshold: 21.00 MB
Current GC threshold: 59.19 MB
CDS: off
MetaspaceReclaimPolicy: balanced
 - commit_granule_bytes: 65536.
 - commit_granule_words: 8192.
 - virtual_space_node_default_size: 1048576.
 - enlarge_chunks_in_place: 1.
 - new_chunks_are_fully_committed: 0.
 - uncommit_free_chunks: 1.
 - use_allocation_guard: 0.
 - handle_deallocations: 1.


Internal statistics:

num_allocs_failed_limit: 6.
num_arena_births: 472.
num_arena_deaths: 0.
num_vsnodes_births: 8.
num_vsnodes_deaths: 0.
num_space_committed: 897.
num_space_uncommitted: 0.
num_chunks_returned_to_freelist: 6.
num_chunks_taken_from_freelist: 2126.
num_chunk_merges: 6.
num_chunk_splits: 1485.
num_chunks_enlarged: 1124.
num_purges: 0.
num_inconsistent_stats: 0.

CodeCache: size=49152Kb used=9401Kb max_used=9401Kb free=39750Kb
 bounds [0x0000013711a60000, 0x0000013712390000, 0x0000013714a60000]
 total_blobs=5161 nmethods=4547 adapters=539
 compilation: enabled
              stopped_count=0, restarted_count=0
 full_count=0

Compilation events (20 events):
Event: 5.593 Thread 0x000001371b345210 4538       1       org.springframework.aop.framework.autoproxy.AbstractAdvisorAutoProxyCreator$BeanFactoryAdvisorRetrievalHelperAdapter::isEligibleBean (9 bytes)
Event: 5.593 Thread 0x000001371b345210 nmethod 4538 0x0000013712386790 code [0x0000013712386920, 0x00000137123869f8]
Event: 5.593 Thread 0x000001371b345210 4539       1       org.springframework.beans.factory.support.DefaultSingletonBeanRegistry::isCurrentlyInCreation (33 bytes)
Event: 5.593 Thread 0x000001371b345210 nmethod 4539 0x0000013712386a90 code [0x0000013712386c40, 0x0000013712386e28]
Event: 5.593 Thread 0x000001371b345210 4540       1       org.springframework.beans.factory.support.AbstractBeanFactory::isActuallyInCreation (22 bytes)
Event: 5.593 Thread 0x000001371b345210 nmethod 4540 0x0000013712386f10 code [0x00000137123870c0, 0x0000013712387218]
Event: 5.594 Thread 0x000001371a247810 nmethod 4537 0x0000013712387310 code [0x00000137123876c0, 0x00000137123886f8]
Event: 5.594 Thread 0x000001371acb1020 nmethod 4541 0x0000013712389110 code [0x0000013712389540, 0x000001371238a8e8]
Event: 5.598 Thread 0x000001371acb1020 4542       1       org.springframework.beans.factory.support.DefaultListableBeanFactory::findAnnotationOnBean (25 bytes)
Event: 5.598 Thread 0x000001371a247810 4543       1       org.springframework.beans.factory.support.DefaultListableBeanFactory::findMergedAnnotationOnBean (153 bytes)
Event: 5.598 Thread 0x000001371b345210 4544       1       org.springframework.beans.factory.support.DefaultListableBeanFactory$$Lambda$475/0x00000001003b51d8::test (10 bytes)
Event: 5.598 Thread 0x000001371b345210 nmethod 4544 0x000001371238ba90 code [0x000001371238bc20, 0x000001371238bd68]
Event: 5.599 Thread 0x000001371acb1020 nmethod 4542 0x000001371238be10 code [0x000001371238c000, 0x000001371238c398]
Event: 5.599 Thread 0x000001371a247810 nmethod 4543 0x000001371238c590 code [0x000001371238c880, 0x000001371238d238]
Event: 5.602 Thread 0x000001371a247810 4545       1       java.util.regex.Matcher::match (154 bytes)
Event: 5.602 Thread 0x000001371a247810 nmethod 4545 0x000001371238d790 code [0x000001371238d940, 0x000001371238db58]
Event: 5.605 Thread 0x000001371a247810 4546       1       sun.reflect.annotation.AnnotationParser::skipMemberValue (11 bytes)
Event: 5.605 Thread 0x000001371b345210 4547       1       sun.reflect.annotation.AnnotationParser::skipMemberValue (65 bytes)
Event: 5.605 Thread 0x000001371a247810 nmethod 4546 0x000001371238dd10 code [0x000001371238dec0, 0x000001371238dfb8]
Event: 5.605 Thread 0x000001371b345210 nmethod 4547 0x000001371238e090 code [0x000001371238e280, 0x000001371238e4b8]

GC Heap History (20 events):
Event: 1.676 GC heap after
{Heap after GC invocations=5 (full 0):
 garbage-first heap   total 37888K, used 9839K [0x00000000c2000000, 0x0000000100000000)
  region size 1024K, 3 young (3072K), 3 survivors (3072K)
 Metaspace       used 25758K, committed 26048K, reserved 1073152K
  class space    used 3052K, committed 3200K, reserved 1048576K
}
Event: 1.696 GC heap before
{Heap before GC invocations=5 (full 0):
 garbage-first heap   total 37888K, used 9839K [0x00000000c2000000, 0x0000000100000000)
  region size 1024K, 4 young (4096K), 3 survivors (3072K)
 Metaspace       used 25878K, committed 26176K, reserved 1073152K
  class space    used 3074K, committed 3200K, reserved 1048576K
}
Event: 1.699 GC heap after
{Heap after GC invocations=6 (full 0):
 garbage-first heap   total 37888K, used 9993K [0x00000000c2000000, 0x0000000100000000)
  region size 1024K, 1 young (1024K), 1 survivors (1024K)
 Metaspace       used 25878K, committed 26176K, reserved 1073152K
  class space    used 3074K, committed 3200K, reserved 1048576K
}
Event: 1.979 GC heap before
{Heap before GC invocations=6 (full 0):
 garbage-first heap   total 37888K, used 26377K [0x00000000c2000000, 0x0000000100000000)
  region size 1024K, 17 young (17408K), 1 survivors (1024K)
 Metaspace       used 27231K, committed 27520K, reserved 1073152K
  class space    used 3251K, committed 3392K, reserved 1048576K
}
Event: 1.981 GC heap after
{Heap after GC invocations=7 (full 0):
 garbage-first heap   total 54272K, used 11091K [0x00000000c2000000, 0x0000000100000000)
  region size 1024K, 2 young (2048K), 2 survivors (2048K)
 Metaspace       used 27231K, committed 27520K, reserved 1073152K
  class space    used 3251K, committed 3392K, reserved 1048576K
}
Event: 2.426 GC heap before
{Heap before GC invocations=7 (full 0):
 garbage-first heap   total 54272K, used 35667K [0x00000000c2000000, 0x0000000100000000)
  region size 1024K, 26 young (26624K), 2 survivors (2048K)
 Metaspace       used 30324K, committed 30592K, reserved 1081344K
  class space    used 3714K, committed 3840K, reserved 1048576K
}
Event: 2.430 GC heap after
{Heap after GC invocations=8 (full 0):
 garbage-first heap   total 54272K, used 12433K [0x00000000c2000000, 0x0000000100000000)
  region size 1024K, 3 young (3072K), 3 survivors (3072K)
 Metaspace       used 30324K, committed 30592K, reserved 1081344K
  class space    used 3714K, committed 3840K, reserved 1048576K
}
Event: 2.900 GC heap before
{Heap before GC invocations=8 (full 0):
 garbage-first heap   total 54272K, used 38033K [0x00000000c2000000, 0x0000000100000000)
  region size 1024K, 28 young (28672K), 3 survivors (3072K)
 Metaspace       used 34337K, committed 34752K, reserved 1081344K
  class space    used 4294K, committed 4480K, reserved 1048576K
}
Event: 2.905 GC heap after
{Heap after GC invocations=9 (full 0):
 garbage-first heap   total 54272K, used 15168K [0x00000000c2000000, 0x0000000100000000)
  region size 1024K, 4 young (4096K), 4 survivors (4096K)
 Metaspace       used 34337K, committed 34752K, reserved 1081344K
  class space    used 4294K, committed 4480K, reserved 1048576K
}
Event: 3.095 GC heap before
{Heap before GC invocations=9 (full 0):
 garbage-first heap   total 54272K, used 27456K [0x00000000c2000000, 0x0000000100000000)
  region size 1024K, 17 young (17408K), 4 survivors (4096K)
 Metaspace       used 35789K, committed 36160K, reserved 1081344K
  class space    used 4482K, committed 4672K, reserved 1048576K
}
Event: 3.099 GC heap after
{Heap after GC invocations=10 (full 0):
 garbage-first heap   total 54272K, used 16435K [0x00000000c2000000, 0x0000000100000000)
  region size 1024K, 2 young (2048K), 2 survivors (2048K)
 Metaspace       used 35789K, committed 36160K, reserved 1081344K
  class space    used 4482K, committed 4672K, reserved 1048576K
}
Event: 3.625 GC heap before
{Heap before GC invocations=11 (full 0):
 garbage-first heap   total 54272K, used 37939K [0x00000000c2000000, 0x0000000100000000)
  region size 1024K, 23 young (23552K), 2 survivors (2048K)
 Metaspace       used 41553K, committed 41856K, reserved 1089536K
  class space    used 5444K, committed 5568K, reserved 1048576K
}
Event: 3.628 GC heap after
{Heap after GC invocations=12 (full 0):
 garbage-first heap   total 54272K, used 17268K [0x00000000c2000000, 0x0000000100000000)
  region size 1024K, 2 young (2048K), 2 survivors (2048K)
 Metaspace       used 41553K, committed 41856K, reserved 1089536K
  class space    used 5444K, committed 5568K, reserved 1048576K
}
Event: 3.649 GC heap before
{Heap before GC invocations=12 (full 0):
 garbage-first heap   total 54272K, used 18292K [0x00000000c2000000, 0x0000000100000000)
  region size 1024K, 3 young (3072K), 2 survivors (2048K)
 Metaspace       used 41825K, committed 42176K, reserved 1089536K
  class space    used 5469K, committed 5632K, reserved 1048576K
}
Event: 3.653 GC heap after
{Heap after GC invocations=13 (full 0):
 garbage-first heap   total 54272K, used 17358K [0x00000000c2000000, 0x0000000100000000)
  region size 1024K, 1 young (1024K), 1 survivors (1024K)
 Metaspace       used 41825K, committed 42176K, reserved 1089536K
  class space    used 5469K, committed 5632K, reserved 1048576K
}
Event: 4.221 GC heap before
{Heap before GC invocations=13 (full 0):
 garbage-first heap   total 54272K, used 37838K [0x00000000c2000000, 0x0000000100000000)
  region size 1024K, 22 young (22528K), 1 survivors (1024K)
 Metaspace       used 50016K, committed 50432K, reserved 1097728K
  class space    used 6542K, committed 6720K, reserved 1048576K
}
Event: 4.224 GC heap after
{Heap after GC invocations=14 (full 0):
 garbage-first heap   total 54272K, used 18976K [0x00000000c2000000, 0x0000000100000000)
  region size 1024K, 3 young (3072K), 3 survivors (3072K)
 Metaspace       used 50016K, committed 50432K, reserved 1097728K
  class space    used 6542K, committed 6720K, reserved 1048576K
}
Event: 4.493 GC heap before
{Heap before GC invocations=14 (full 0):
 garbage-first heap   total 54272K, used 39456K [0x00000000c2000000, 0x0000000100000000)
  region size 1024K, 23 young (23552K), 3 survivors (3072K)
 Metaspace       used 53215K, committed 53568K, reserved 1097728K
  class space    used 6975K, committed 7168K, reserved 1048576K
}
Event: 4.498 GC heap after
{Heap after GC invocations=15 (full 0):
 garbage-first heap   total 54272K, used 20161K [0x00000000c2000000, 0x0000000100000000)
  region size 1024K, 2 young (2048K), 2 survivors (2048K)
 Metaspace       used 53215K, committed 53568K, reserved 1097728K
  class space    used 6975K, committed 7168K, reserved 1048576K
}
Event: 5.615 GC heap before
{Heap before GC invocations=15 (full 0):
 garbage-first heap   total 54272K, used 40641K [0x00000000c2000000, 0x0000000100000000)
  region size 1024K, 22 young (22528K), 2 survivors (2048K)
 Metaspace       used 56951K, committed 57408K, reserved 1105920K
  class space    used 7644K, committed 7872K, reserved 1048576K
}

Deoptimization events (4 events):
Event: 1.486 Thread 0x000001371b698610 DEOPT PACKING pc=0x0000013711f69819 sp=0x0000001c3d1fca60
Event: 1.486 Thread 0x000001371b698610 DEOPT UNPACKING pc=0x0000013711ab2b43 sp=0x0000001c3d1fbf40 mode 3
Event: 3.022 Thread 0x000001371b698610 DEOPT PACKING pc=0x00000137121d69fd sp=0x0000001c3d1fbe80
Event: 3.022 Thread 0x000001371b698610 DEOPT UNPACKING pc=0x0000013711ab2b43 sp=0x0000001c3d1fb3e8 mode 3

Classes unloaded (0 events):
No events

Classes redefined (0 events):
No events

Internal exceptions (20 events):
Event: 3.815 Thread 0x000001371b698610 Exception <a 'sun/nio/fs/WindowsException'{0x00000000c4dbbbc8}> (0x00000000c4dbbbc8) 
thrown [s\src\hotspot\share\prims\jni.cpp, line 516]
Event: 3.829 Thread 0x000001371b698610 Exception <a 'java/lang/NoSuchMethodError'{0x00000000c4de04f0}: 'int java.lang.invoke.DirectMethodHandle$Holder.invokeStaticInit(java.lang.Object, java.lang.Object, java.lang.Object, java.lang.Object)'> (0x00000000c4de04f0) 
thrown [s\src\hotspot\share\interpreter\linkResolver.cpp, line 759]
Event: 4.120 Thread 0x000001371b698610 Exception <a 'java/lang/NoSuchMethodError'{0x00000000c45856f0}: 'java.lang.Object java.lang.invoke.DirectMethodHandle$Holder.invokeStaticInit(java.lang.Object, java.lang.Object, java.lang.Object, java.lang.Object)'> (0x00000000c45856f0) 
thrown [s\src\hotspot\share\interpreter\linkResolver.cpp, line 759]
Event: 4.195 Thread 0x000001371b7c1560 Exception <a 'java/lang/reflect/InvocationTargetException'{0x00000000c4038430}> (0x00000000c4038430) 
thrown [s\src\hotspot\share\runtime\reflection.cpp, line 1121]
Event: 4.337 Thread 0x000001371b698610 Exception <a 'java/lang/NoSuchMethodError'{0x00000000c4b2ddd0}: 'java.lang.Object java.lang.invoke.DirectMethodHandle$Holder.newInvokeSpecial(java.lang.Object, java.lang.Object, int, java.lang.Object, java.lang.Object)'> (0x00000000c4b2ddd0) 
thrown [s\src\hotspot\share\interpreter\linkResolver.cpp, line 759]
Event: 4.748 Thread 0x000001371b7c1560 Exception <a 'java/lang/reflect/InvocationTargetException'{0x00000000c50fa8c8}> (0x00000000c50fa8c8) 
thrown [s\src\hotspot\share\runtime\reflection.cpp, line 1121]
Event: 4.821 Thread 0x000001371b698610 Exception <a 'java/lang/NoSuchMethodError'{0x00000000c4d861f0}: 'void java.lang.invoke.DirectMethodHandle$Holder.invokeInterface(java.lang.Object, java.lang.Object)'> (0x00000000c4d861f0) 
thrown [s\src\hotspot\share\interpreter\linkResolver.cpp, line 759]
Event: 4.825 Thread 0x000001371b698610 Exception <a 'java/lang/NoSuchMethodError'{0x00000000c4d9d4e8}: 'int java.lang.invoke.DirectMethodHandle$Holder.invokeStatic(java.lang.Object, java.lang.Object, int)'> (0x00000000c4d9d4e8) 
thrown [s\src\hotspot\share\interpreter\linkResolver.cpp, line 759]
Event: 4.844 Thread 0x000001371b698610 Exception <a 'java/lang/NoSuchMethodError'{0x00000000c4c355f0}: 'java.lang.Object java.lang.invoke.DirectMethodHandle$Holder.invokeStaticInit(java.lang.Object, java.lang.Object, java.lang.Object, java.lang.Object, int, int)'> (0x00000000c4c355f0) 
thrown [s\src\hotspot\share\interpreter\linkResolver.cpp, line 759]
Event: 5.253 Thread 0x000001371b7c1560 Exception <a 'java/lang/reflect/InvocationTargetException'{0x00000000c49f9290}> (0x00000000c49f9290) 
thrown [s\src\hotspot\share\runtime\reflection.cpp, line 1121]
Event: 5.515 Thread 0x000001371b698610 Exception <a 'java/lang/ClassNotFoundException'{0x00000000c46d1388}: java/lang/ObjectCustomizer> (0x00000000c46d1388) 
thrown [s\src\hotspot\share\classfile\systemDictionary.cpp, line 256]
Event: 5.516 Thread 0x000001371b698610 Exception <a 'java/lang/ClassNotFoundException'{0x00000000c46da4e0}: org/springframework/web/servlet/config/annotation/WebMvcConfigurationSupportCustomizer> (0x00000000c46da4e0) 
thrown [s\src\hotspot\share\classfile\systemDictionary.cpp, line 256]
Event: 5.518 Thread 0x000001371b698610 Exception <a 'java/lang/ClassNotFoundException'{0x00000000c46efab8}: org/springframework/web/servlet/config/annotation/DelegatingWebMvcConfigurationCustomizer> (0x00000000c46efab8) 
thrown [s\src\hotspot\share\classfile\systemDictionary.cpp, line 256]
Event: 5.520 Thread 0x000001371b698610 Exception <a 'java/lang/ClassNotFoundException'{0x00000000c46fa540}: org/springframework/boot/autoconfigure/web/servlet/WebMvcAutoConfiguration$EnableWebMvcConfigurationCustomizer> (0x00000000c46fa540) 
thrown [s\src\hotspot\share\classfile\systemDictionary.cpp, line 256]
Event: 5.521 Thread 0x000001371b698610 Exception <a 'java/lang/ClassNotFoundException'{0x00000000c450dd10}: org/springframework/context/ResourceLoaderAwareCustomizer> (0x00000000c450dd10) 
thrown [s\src\hotspot\share\classfile\systemDictionary.cpp, line 256]
Event: 5.521 Thread 0x000001371b698610 Exception <a 'java/lang/ClassNotFoundException'{0x00000000c4513d58}: org/springframework/beans/factory/AwareCustomizer> (0x00000000c4513d58) 
thrown [s\src\hotspot\share\classfile\systemDictionary.cpp, line 256]
Event: 5.521 Thread 0x000001371b698610 Exception <a 'java/lang/ClassNotFoundException'{0x00000000c4519250}: org/springframework/context/ApplicationContextAwareCustomizer> (0x00000000c4519250) 
thrown [s\src\hotspot\share\classfile\systemDictionary.cpp, line 256]
Event: 5.522 Thread 0x000001371b698610 Exception <a 'java/lang/ClassNotFoundException'{0x00000000c451fd88}: org/springframework/beans/factory/AwareCustomizer> (0x00000000c451fd88) 
thrown [s\src\hotspot\share\classfile\systemDictionary.cpp, line 256]
Event: 5.522 Thread 0x000001371b698610 Exception <a 'java/lang/ClassNotFoundException'{0x00000000c4525258}: org/springframework/web/context/ServletContextAwareCustomizer> (0x00000000c4525258) 
thrown [s\src\hotspot\share\classfile\systemDictionary.cpp, line 256]
Event: 5.522 Thread 0x000001371b698610 Exception <a 'java/lang/ClassNotFoundException'{0x00000000c452b6d8}: org/springframework/beans/factory/AwareCustomizer> (0x00000000c452b6d8) 
thrown [s\src\hotspot\share\classfile\systemDictionary.cpp, line 256]

VM Operations (20 events):
Event: 3.124 Executing VM operation: G1Concurrent done
Event: 3.625 Executing VM operation: G1CollectForAllocation
Event: 3.628 Executing VM operation: G1CollectForAllocation done
Event: 3.649 Executing VM operation: G1CollectForAllocation
Event: 3.653 Executing VM operation: G1CollectForAllocation done
Event: 3.822 Executing VM operation: HandshakeAllThreads
Event: 3.822 Executing VM operation: HandshakeAllThreads done
Event: 3.980 Executing VM operation: HandshakeAllThreads
Event: 3.980 Executing VM operation: HandshakeAllThreads done
Event: 4.220 Executing VM operation: G1CollectForAllocation
Event: 4.224 Executing VM operation: G1CollectForAllocation done
Event: 4.493 Executing VM operation: G1CollectForAllocation
Event: 4.498 Executing VM operation: G1CollectForAllocation done
Event: 5.542 Executing VM operation: HandshakeAllThreads
Event: 5.542 Executing VM operation: HandshakeAllThreads done
Event: 5.542 Executing VM operation: Cleanup
Event: 5.542 Executing VM operation: Cleanup done
Event: 5.580 Executing VM operation: HandshakeAllThreads
Event: 5.580 Executing VM operation: HandshakeAllThreads done
Event: 5.615 Executing VM operation: G1CollectForAllocation

Events (20 events):
Event: 5.496 loading class java/time/DurationEditor
Event: 5.496 loading class java/time/DurationEditor done
Event: 5.515 loading class java/lang/ObjectCustomizer
Event: 5.515 loading class java/lang/ObjectCustomizer done
Event: 5.515 loading class java/lang/ObjectCustomizer
Event: 5.515 loading class java/lang/ObjectCustomizer done
Event: 5.541 loading class java/util/ArrayList$ListItr
Event: 5.541 loading class java/util/ArrayList$ListItr done
Event: 5.567 loading class java/util/concurrent/Flow$Publisher
Event: 5.567 loading class java/util/concurrent/Flow$Publisher done
Event: 5.591 loading class java/util/EnumMap$EntrySet
Event: 5.592 loading class java/util/EnumMap$EntrySet done
Event: 5.592 loading class java/util/EnumMap$EntryIterator
Event: 5.592 loading class java/util/EnumMap$EnumMapIterator
Event: 5.592 loading class java/util/EnumMap$EnumMapIterator done
Event: 5.592 loading class java/util/EnumMap$EntryIterator done
Event: 5.605 loading class java/lang/SafeVarargs
Event: 5.605 loading class java/lang/SafeVarargs done
Event: 5.607 loading class java/lang/reflect/MalformedParametersException
Event: 5.607 loading class java/lang/reflect/MalformedParametersException done


Dynamic libraries:
0x00007ff6ed2e0000 - 0x00007ff6ed2ee000 	D:\spring core\sts-4.16.1.RELEASE\plugins\org.eclipse.justj.openjdk.hotspot.jre.full.win32.x86_64_17.0.4.v20221004-1257\jre\bin\javaw.exe
0x00007ffc813e0000 - 0x00007ffc815e9000 	C:\Windows\SYSTEM32\ntdll.dll
0x00007ffc802c0000 - 0x00007ffc8037e000 	C:\Windows\System32\KERNEL32.DLL
0x00007ffc7ec50000 - 0x00007ffc7efcb000 	C:\Windows\System32\KERNELBASE.dll
0x00007ffc7eb30000 - 0x00007ffc7ec41000 	C:\Windows\System32\ucrtbase.dll
0x00007ffc7a280000 - 0x00007ffc7a298000 	D:\spring core\sts-4.16.1.RELEASE\plugins\org.eclipse.justj.openjdk.hotspot.jre.full.win32.x86_64_17.0.4.v20221004-1257\jre\bin\jli.dll
0x00007ffc7a2a0000 - 0x00007ffc7a2b9000 	D:\spring core\sts-4.16.1.RELEASE\plugins\org.eclipse.justj.openjdk.hotspot.jre.full.win32.x86_64_17.0.4.v20221004-1257\jre\bin\VCRUNTIME140.dll
0x00007ffc7fd90000 - 0x00007ffc7ff3d000 	C:\Windows\System32\USER32.dll
0x00007ffc666f0000 - 0x00007ffc66995000 	C:\Windows\WinSxS\amd64_microsoft.windows.common-controls_6595b64144ccf1df_6.0.22000.120_none_9d947278b86cc467\COMCTL32.dll
0x00007ffc7ea40000 - 0x00007ffc7ea66000 	C:\Windows\System32\win32u.dll
0x00007ffc812d0000 - 0x00007ffc81373000 	C:\Windows\System32\msvcrt.dll
0x00007ffc812a0000 - 0x00007ffc812c9000 	C:\Windows\System32\GDI32.dll
0x00007ffc7e8b0000 - 0x00007ffc7e9c8000 	C:\Windows\System32\gdi32full.dll
0x00007ffc7f1c0000 - 0x00007ffc7f25d000 	C:\Windows\System32\msvcp_win.dll
0x00007ffc7f480000 - 0x00007ffc7f4b2000 	C:\Windows\System32\IMM32.DLL
0x00007ffc7bb00000 - 0x00007ffc7bb0c000 	D:\spring core\sts-4.16.1.RELEASE\plugins\org.eclipse.justj.openjdk.hotspot.jre.full.win32.x86_64_17.0.4.v20221004-1257\jre\bin\vcruntime140_1.dll
0x00007ffc78660000 - 0x00007ffc786f1000 	D:\spring core\sts-4.16.1.RELEASE\plugins\org.eclipse.justj.openjdk.hotspot.jre.full.win32.x86_64_17.0.4.v20221004-1257\jre\bin\msvcp140.dll
0x00007ffc23560000 - 0x00007ffc241a6000 	D:\spring core\sts-4.16.1.RELEASE\plugins\org.eclipse.justj.openjdk.hotspot.jre.full.win32.x86_64_17.0.4.v20221004-1257\jre\bin\server\jvm.dll
0x00007ffc7f7c0000 - 0x00007ffc7f86e000 	C:\Windows\System32\ADVAPI32.dll
0x00007ffc7f630000 - 0x00007ffc7f6ce000 	C:\Windows\System32\sechost.dll
0x00007ffc80380000 - 0x00007ffc804a0000 	C:\Windows\System32\RPCRT4.dll
0x00007ffc802b0000 - 0x00007ffc802b8000 	C:\Windows\System32\PSAPI.DLL
0x00007ffc78b60000 - 0x00007ffc78b93000 	C:\Windows\SYSTEM32\WINMM.dll
0x00007ffc7bd90000 - 0x00007ffc7bd99000 	C:\Windows\SYSTEM32\WSOCK32.dll
0x00007ffc78ba0000 - 0x00007ffc78baa000 	C:\Windows\SYSTEM32\VERSION.dll
0x00007ffc80ce0000 - 0x00007ffc80d4f000 	C:\Windows\System32\WS2_32.dll
0x00007ffc7d8f0000 - 0x00007ffc7d908000 	C:\Windows\SYSTEM32\kernel.appcore.dll
0x00007ffc7bb50000 - 0x00007ffc7bb5a000 	D:\spring core\sts-4.16.1.RELEASE\plugins\org.eclipse.justj.openjdk.hotspot.jre.full.win32.x86_64_17.0.4.v20221004-1257\jre\bin\jimage.dll
0x00007ffc75fd0000 - 0x00007ffc761f1000 	C:\Windows\SYSTEM32\DBGHELP.DLL
0x00007ffc75be0000 - 0x00007ffc75c11000 	C:\Windows\SYSTEM32\dbgcore.DLL
0x00007ffc7efd0000 - 0x00007ffc7f04f000 	C:\Windows\System32\bcryptPrimitives.dll
0x00007ffc74050000 - 0x00007ffc74075000 	D:\spring core\sts-4.16.1.RELEASE\plugins\org.eclipse.justj.openjdk.hotspot.jre.full.win32.x86_64_17.0.4.v20221004-1257\jre\bin\java.dll
0x00007ffc78b00000 - 0x00007ffc78b18000 	D:\spring core\sts-4.16.1.RELEASE\plugins\org.eclipse.justj.openjdk.hotspot.jre.full.win32.x86_64_17.0.4.v20221004-1257\jre\bin\zip.dll
0x00007ffc80510000 - 0x00007ffc80cc8000 	C:\Windows\System32\SHELL32.dll
0x00007ffc7c960000 - 0x00007ffc7d1c5000 	C:\Windows\SYSTEM32\windows.storage.dll
0x00007ffc7f870000 - 0x00007ffc7fbe8000 	C:\Windows\System32\combase.dll
0x00007ffc7c7f0000 - 0x00007ffc7c956000 	C:\Windows\SYSTEM32\wintypes.dll
0x00007ffc7f540000 - 0x00007ffc7f62a000 	C:\Windows\System32\SHCORE.dll
0x00007ffc7ffd0000 - 0x00007ffc8002d000 	C:\Windows\System32\shlwapi.dll
0x00007ffc7e7e0000 - 0x00007ffc7e801000 	C:\Windows\SYSTEM32\profapi.dll
0x00007ffc76530000 - 0x00007ffc76549000 	D:\spring core\sts-4.16.1.RELEASE\plugins\org.eclipse.justj.openjdk.hotspot.jre.full.win32.x86_64_17.0.4.v20221004-1257\jre\bin\net.dll
0x00007ffc78fc0000 - 0x00007ffc790d4000 	C:\Windows\SYSTEM32\WINHTTP.dll
0x00007ffc7ddb0000 - 0x00007ffc7de17000 	C:\Windows\system32\mswsock.dll
0x00007ffc725a0000 - 0x00007ffc725b5000 	D:\spring core\sts-4.16.1.RELEASE\plugins\org.eclipse.justj.openjdk.hotspot.jre.full.win32.x86_64_17.0.4.v20221004-1257\jre\bin\nio.dll
0x00007ffc7a130000 - 0x00007ffc7a139000 	D:\spring core\sts-4.16.1.RELEASE\plugins\org.eclipse.justj.openjdk.hotspot.jre.full.win32.x86_64_17.0.4.v20221004-1257\jre\bin\management.dll
0x00007ffc7a120000 - 0x00007ffc7a12b000 	D:\spring core\sts-4.16.1.RELEASE\plugins\org.eclipse.justj.openjdk.hotspot.jre.full.win32.x86_64_17.0.4.v20221004-1257\jre\bin\management_ext.dll
0x00007ffc68500000 - 0x00007ffc68517000 	C:\Windows\system32\napinsp.dll
0x00007ffc60270000 - 0x00007ffc6028b000 	C:\Windows\system32\pnrpnsp.dll
0x00007ffc7d440000 - 0x00007ffc7d528000 	C:\Windows\SYSTEM32\DNSAPI.dll
0x00007ffc7d410000 - 0x00007ffc7d43d000 	C:\Windows\SYSTEM32\IPHLPAPI.DLL
0x00007ffc80cd0000 - 0x00007ffc80cd9000 	C:\Windows\System32\NSI.dll
0x00007ffc600d0000 - 0x00007ffc600e2000 	C:\Windows\System32\winrnr.dll
0x00007ffc76be0000 - 0x00007ffc76bf5000 	C:\Windows\system32\wshbth.dll
0x00007ffc600b0000 - 0x00007ffc600cf000 	C:\Windows\system32\nlansp_c.dll
0x00007ffc73850000 - 0x00007ffc7385a000 	C:\Windows\System32\rasadhlp.dll
0x00007ffc76780000 - 0x00007ffc76801000 	C:\Windows\System32\fwpuclnt.dll
0x00007ffc7e020000 - 0x00007ffc7e038000 	C:\Windows\SYSTEM32\CRYPTSP.dll
0x00007ffc7d850000 - 0x00007ffc7d885000 	C:\Windows\system32\rsaenh.dll
0x00007ffc7dec0000 - 0x00007ffc7dee9000 	C:\Windows\SYSTEM32\USERENV.dll
0x00007ffc7e1a0000 - 0x00007ffc7e1c7000 	C:\Windows\SYSTEM32\bcrypt.dll
0x00007ffc7e010000 - 0x00007ffc7e01c000 	C:\Windows\SYSTEM32\CRYPTBASE.dll
0x00007ffc78fa0000 - 0x00007ffc78fb9000 	C:\Windows\SYSTEM32\dhcpcsvc6.DLL
0x00007ffc79630000 - 0x00007ffc7964e000 	C:\Windows\SYSTEM32\dhcpcsvc.DLL
0x00007ffc7b310000 - 0x00007ffc7b320000 	D:\spring core\sts-4.16.1.RELEASE\plugins\org.eclipse.justj.openjdk.hotspot.jre.full.win32.x86_64_17.0.4.v20221004-1257\jre\bin\verify.dll
0x00007ffc7b160000 - 0x00007ffc7b16e000 	D:\spring core\sts-4.16.1.RELEASE\plugins\org.eclipse.justj.openjdk.hotspot.jre.full.win32.x86_64_17.0.4.v20221004-1257\jre\bin\sunmscapi.dll
0x00007ffc7f050000 - 0x00007ffc7f1b2000 	C:\Windows\System32\CRYPT32.dll
0x00007ffc7e170000 - 0x00007ffc7e198000 	C:\Windows\SYSTEM32\ncrypt.dll
0x00007ffc7e130000 - 0x00007ffc7e167000 	C:\Windows\SYSTEM32\NTASN1.dll

dbghelp: loaded successfully - version: 4.0.5 - missing functions: none
symbol engine: initialized successfully - sym options: 0x614 - pdb path: .;D:\spring core\sts-4.16.1.RELEASE\plugins\org.eclipse.justj.openjdk.hotspot.jre.full.win32.x86_64_17.0.4.v20221004-1257\jre\bin;C:\Windows\SYSTEM32;C:\Windows\WinSxS\amd64_microsoft.windows.common-controls_6595b64144ccf1df_6.0.22000.120_none_9d947278b86cc467;D:\spring core\sts-4.16.1.RELEASE\plugins\org.eclipse.justj.openjdk.hotspot.jre.full.win32.x86_64_17.0.4.v20221004-1257\jre\bin\server

VM Arguments:
jvm_args: -Dcom.sun.management.jmxremote -Dcom.sun.management.jmxremote.port=56768 -Dcom.sun.management.jmxremote.authenticate=false -Dcom.sun.management.jmxremote.ssl=false -Djava.rmi.server.hostname=localhost -Dspring.jmx.enabled=true -Dspring.application.admin.enabled=true -XX:TieredStopAtLevel=1 -Dspring.boot.project.name=admin-services -Dfile.encoding=UTF-8 -XX:+ShowCodeDetailsInExceptionMessages 
java_command: com.grpf.adminservices.AdminServicesApplication --spring.output.ansi.enabled=always
java_class_path (initial): D:\project-group-f\admin-services\target\classes;C:\Users\USER\.m2\repository\org\springframework\boot\spring-boot-starter-data-jpa\2.7.5\spring-boot-starter-data-jpa-2.7.5.jar;C:\Users\USER\.m2\repository\org\springframework\boot\spring-boot-starter-aop\2.7.5\spring-boot-starter-aop-2.7.5.jar;C:\Users\USER\.m2\repository\org\springframework\spring-aop\5.3.23\spring-aop-5.3.23.jar;C:\Users\USER\.m2\repository\org\aspectj\aspectjweaver\1.9.7\aspectjweaver-1.9.7.jar;C:\Users\USER\.m2\repository\org\springframework\boot\spring-boot-starter-jdbc\2.7.5\spring-boot-starter-jdbc-2.7.5.jar;C:\Users\USER\.m2\repository\com\zaxxer\HikariCP\4.0.3\HikariCP-4.0.3.jar;C:\Users\USER\.m2\repository\org\springframework\spring-jdbc\5.3.23\spring-jdbc-5.3.23.jar;C:\Users\USER\.m2\repository\jakarta\transaction\jakarta.transaction-api\1.3.3\jakarta.transaction-api-1.3.3.jar;C:\Users\USER\.m2\repository\jakarta\persistence\jakarta.persistence-api\2.2.3\jakarta.persistence-api-2.2.3.jar;C:\Users\USER\.m2\repository\org\hibernate\hibernate-core\5.6.12.Final\hibernate-core-5.6.12.Final.jar;C:\Users\USER\.m2\repository\org\jboss\logging\jboss-logging\3.4.3.Final\jboss-logging-3.4.3.Final.jar;C:\Users\USER\.m2\repository\net\bytebuddy\byte-buddy\1.12.18\byte-buddy-1.12.18.jar;C:\Users\USER\.m2\repository\antlr\antlr\2.7.7\antlr-2.7.7.jar;C:\Users\USER\.m2\repository\org\jboss\jandex\2.4.2.Final\jandex-2.4.2.Final.jar;C:\Users\USER\.m2\repository\com\fasterxml\classmate\1.5.1\classmate-1.5.1.jar;C:\Users\USER\.m2\repository\org\hibernate\common\hibernate-commons-annotations\5.1.2.Final\hibernate-commons-annotations-5.1.2.Final.jar;C:\Users\USER\.m2\repository\org\glassfish\jaxb\jaxb-runtime\2.3.7\jaxb-runtime-2.3.7.jar;C:\Users\USER\.m2\repository\org\glassfish\jaxb\txw2\2.3.7\txw2-2.3.7.jar;C:\Users\USER\.m2\repository\com\sun\istack\istack-commons-runtime\3.0.12\istack-commons-runtime-3.0.12.jar;C:\Users\USER\.m2\repository\com\sun\activation\jakarta.activation\
Launcher Type: SUN_STANDARD

[Global flags]
     intx CICompilerCount                          = 4                                         {product} {ergonomic}
     uint ConcGCThreads                            = 2                                         {product} {ergonomic}
     uint G1ConcRefinementThreads                  = 8                                         {product} {ergonomic}
   size_t G1HeapRegionSize                         = 1048576                                   {product} {ergonomic}
    uintx GCDrainStackTargetSize                   = 64                                        {product} {ergonomic}
   size_t InitialHeapSize                          = 65011712                                  {product} {ergonomic}
     bool ManagementServer                         = true                                      {product} {command line}
   size_t MarkStackSize                            = 4194304                                   {product} {ergonomic}
   size_t MaxHeapSize                              = 1040187392                                {product} {ergonomic}
   size_t MaxNewSize                               = 623902720                                 {product} {ergonomic}
   size_t MinHeapDeltaBytes                        = 1048576                                   {product} {ergonomic}
   size_t MinHeapSize                              = 8388608                                   {product} {ergonomic}
    uintx NonProfiledCodeHeapSize                  = 0                                      {pd product} {ergonomic}
     bool ProfileInterpreter                       = false                                  {pd product} {command line}
    uintx ProfiledCodeHeapSize                     = 0                                      {pd product} {ergonomic}
     bool ShowCodeDetailsInExceptionMessages       = true                                   {manageable} {command line}
   size_t SoftMaxHeapSize                          = 1040187392                             {manageable} {ergonomic}
     intx TieredStopAtLevel                        = 1                                         {product} {command line}
     bool UseCompressedClassPointers               = true                           {product lp64_product} {ergonomic}
     bool UseCompressedOops                        = true                           {product lp64_product} {ergonomic}
     bool UseG1GC                                  = true                                      {product} {ergonomic}
     bool UseLargePagesIndividualAllocation        = false                                  {pd product} {ergonomic}

Logging:
Log output configuration:
 #0: stdout all=warning uptime,level,tags
 #1: stderr all=off uptime,level,tags

Environment Variables:
JAVA_HOME=C:\Program Files\Java\jdk1.8.0_301
PATH=D:/spring core/sts-4.16.1.RELEASE//plugins/org.eclipse.justj.openjdk.hotspot.jre.full.win32.x86_64_17.0.4.v20221004-1257/jre/bin/server;D:/spring core/sts-4.16.1.RELEASE//plugins/org.eclipse.justj.openjdk.hotspot.jre.full.win32.x86_64_17.0.4.v20221004-1257/jre/bin;C:\Program Files (x86)\Common Files\Oracle\Java\javapath;C:\Python310\Scripts\;C:\Python310\;C:\Windows\system32;C:\Windows;C:\Windows\System32\Wbem;C:\Windows\System32\WindowsPowerShell\v1.0\;C:\Windows\System32\OpenSSH\;C:\Program Files\Git\cmd;D:\front-end\nodejs app\;C:\ProgramData\chocolatey\bin;C:\Program Files\Java\jdk1.8.0_301\bin;C:\Program Files\Java\jre1.8.0_301\bin;C:\Program Files\MongoDB\Server\6.0\bin;;C:\Program Files\Docker\Docker\resources\bin;C:\Program Files\MySQL\MySQL Shell 8.0\bin\;C:\Users\USER\AppData\Local\Microsoft\WindowsApps;;D:\D\Microsoft VS Code\bin;C:\Users\USER\AppData\Roaming\npm;D:\spring core\sts-4.16.1.RELEASE;
USERNAME=USER
OS=Windows_NT
PROCESSOR_IDENTIFIER=Intel64 Family 6 Model 142 Stepping 10, GenuineIntel
TMP=C:\Users\USER\AppData\Local\Temp
TEMP=C:\Users\USER\AppData\Local\Temp



---------------  S Y S T E M  ---------------

OS:
 Windows 11 , 64 bit Build 22000 (10.0.22000.1219)
OS uptime: 6 days 15:00 hours
Hyper-V role detected

CPU: total 8 (initial active 8) (4 cores per cpu, 2 threads per core) family 6 model 142 stepping 10 microcode 0xe0, cx8, cmov, fxsr, ht, mmx, 3dnowpref, sse, sse2, sse3, ssse3, sse4.1, sse4.2, popcnt, lzcnt, tsc, tscinvbit, avx, avx2, aes, erms, clmul, bmi1, bmi2, adx, fma, vzeroupper, clflush, clflushopt, hv

Memory: 4k page, system-wide physical 3962M (303M free)
TotalPageFile size 10106M (AvailPageFile size 3M)
current process WorkingSet (physical memory assigned to process): 177M, peak: 177M
current process commit charge ("private bytes"): 209M, peak: 218M

vm_info: OpenJDK 64-Bit Server VM (17.0.4.1+1) for windows-amd64 JRE (17.0.4.1+1), built on Aug 17 2022 07:42:43 by "temurin" with MS VC++ 16.7 (VS2019)

END.
