#
# There is insufficient memory for the Java Runtime Environment to continue.
# Native memory allocation (mmap) failed to map 33554432 bytes for G1 virtual space
# Possible reasons:
#   The system is out of physical RAM or swap space
#   The process is running with CompressedOops enabled, and the Java Heap may be blocking the growth of the native heap
# Possible solutions:
#   Reduce memory load on the system
#   Increase physical memory or swap space
#   Check if swap backing store is full
#   Decrease Java heap size (-Xmx/-Xms)
#   Decrease number of Java threads
#   Decrease Java thread stack sizes (-Xss)
#   Set larger code cache with -XX:ReservedCodeCacheSize=
#   JVM is running with Unscaled Compressed Oops mode in which the Java heap is
#     placed in the first 4GB address space. The Java Heap base address is the
#     maximum limit for the native heap growth. Please use -XX:HeapBaseMinAddress
#     to set the Java Heap base and to place the Java Heap above 4GB virtual address.
# This output file may be truncated or incomplete.
#
#  Out of Memory Error (os_windows.cpp:3541), pid=14636, tid=2900
#
# JRE version: OpenJDK Runtime Environment Temurin-17.0.4.1+1 (17.0.4.1+1) (build 17.0.4.1+1)
# Java VM: OpenJDK 64-Bit Server VM Temurin-17.0.4.1+1 (17.0.4.1+1, mixed mode, emulated-client, tiered, compressed oops, compressed class ptrs, g1 gc, windows-amd64)
# No core dump will be written. Minidumps are not enabled by default on client versions of Windows
#

---------------  S U M M A R Y ------------

Command Line: -Dcom.sun.management.jmxremote -Dcom.sun.management.jmxremote.port=53604 -Dcom.sun.management.jmxremote.authenticate=false -Dcom.sun.management.jmxremote.ssl=false -Djava.rmi.server.hostname=localhost -Dspring.jmx.enabled=true -Dspring.application.admin.enabled=true -XX:TieredStopAtLevel=1 -Dspring.boot.project.name=admin-services -Dfile.encoding=UTF-8 -XX:+ShowCodeDetailsInExceptionMessages com.grpf.adminservices.AdminServicesApplication --spring.output.ansi.enabled=always

Host: Intel(R) Core(TM) i5-8250U CPU @ 1.60GHz, 8 cores, 3G,  Windows 11 , 64 bit Build 22000 (10.0.22000.1219)
Time: Mon Nov 28 07:47:00 2022 India Standard Time elapsed time: 10.207395 seconds (0d 0h 0m 10s)

---------------  T H R E A D  ---------------

Current thread (0x000002143a0018d0):  VMThread "VM Thread" [stack: 0x0000004fcaf00000,0x0000004fcb000000] [id=2900]

Stack: [0x0000004fcaf00000,0x0000004fcb000000]
Native frames: (J=compiled Java code, j=interpreted, Vv=VM code, C=native code)
V  [jvm.dll+0x67731a]
V  [jvm.dll+0x832284]
V  [jvm.dll+0x833a2e]
V  [jvm.dll+0x834093]
V  [jvm.dll+0x245775]
V  [jvm.dll+0x674209]
V  [jvm.dll+0x668a92]
V  [jvm.dll+0x30471b]
V  [jvm.dll+0x30bc66]
V  [jvm.dll+0x35ba9e]
V  [jvm.dll+0x35bccf]
V  [jvm.dll+0x2db5b8]
V  [jvm.dll+0x2d986c]
V  [jvm.dll+0x2d8e3c]
V  [jvm.dll+0x31d0c1]
V  [jvm.dll+0x83853b]
V  [jvm.dll+0x839274]
V  [jvm.dll+0x83978c]
V  [jvm.dll+0x839b64]
V  [jvm.dll+0x839c30]
V  [jvm.dll+0x7e240a]
V  [jvm.dll+0x6761a5]
C  [ucrtbase.dll+0x26c0c]
C  [KERNEL32.DLL+0x15550]
C  [ntdll.dll+0x485b]

VM_Operation (0x0000004fce3fe000): G1TryInitiateConcMark, mode: safepoint, requested by thread 0x000002143f9cf0f0


---------------  P R O C E S S  ---------------

Threads class SMR info:
_java_thread_list=0x000002143f992f80, length=43, elements={
0x000002142e92c4e0, 0x000002143a0057a0, 0x000002143a008b10, 0x000002143a021c50,
0x000002143a068510, 0x000002143a06d680, 0x000002143a06e7d0, 0x000002143a0752a0,
0x000002143a076ae0, 0x000002143ac45ec0, 0x000002143ac17590, 0x000002143ada3870,
0x000002143b3ceed0, 0x000002143b3be250, 0x000002143b47b040, 0x000002143b3cadf0,
0x000002143b3cb2c0, 0x000002143b3cbb30, 0x000002143b4fac20, 0x000002143c340a70,
0x000002143c341410, 0x000002143c3418e0, 0x000002143c3405a0, 0x000002143c341db0,
0x000002143c342280, 0x000002143c342750, 0x000002143c342c20, 0x000002143c3430f0,
0x000002143c3435c0, 0x000002143c343a90, 0x000002143c3400d0, 0x000002143c340f40,
0x000002143f9cb730, 0x000002143f9c9a50, 0x000002143f9cd410, 0x000002143f9cec20,
0x000002143f9ca8c0, 0x000002143f9ce280, 0x000002143f9cf5c0, 0x000002143f9cf0f0,
0x000002143f9ca3f0, 0x000002143f9c9f20, 0x000002143f9cbc00
}

Java Threads: ( => current thread )
  0x000002142e92c4e0 JavaThread "main" [_thread_blocked, id=10336, stack(0x0000004fca900000,0x0000004fcaa00000)]
  0x000002143a0057a0 JavaThread "Reference Handler" daemon [_thread_blocked, id=2312, stack(0x0000004fcb000000,0x0000004fcb100000)]
  0x000002143a008b10 JavaThread "Finalizer" daemon [_thread_blocked, id=13344, stack(0x0000004fcb100000,0x0000004fcb200000)]
  0x000002143a021c50 JavaThread "Signal Dispatcher" daemon [_thread_blocked, id=1600, stack(0x0000004fcb200000,0x0000004fcb300000)]
  0x000002143a068510 JavaThread "Attach Listener" daemon [_thread_blocked, id=13156, stack(0x0000004fcb300000,0x0000004fcb400000)]
  0x000002143a06d680 JavaThread "Service Thread" daemon [_thread_blocked, id=7644, stack(0x0000004fcb400000,0x0000004fcb500000)]
  0x000002143a06e7d0 JavaThread "Monitor Deflation Thread" daemon [_thread_blocked, id=7732, stack(0x0000004fcb500000,0x0000004fcb600000)]
  0x000002143a0752a0 JavaThread "C1 CompilerThread0" daemon [_thread_blocked, id=13296, stack(0x0000004fcb600000,0x0000004fcb700000)]
  0x000002143a076ae0 JavaThread "Sweeper thread" daemon [_thread_blocked, id=7468, stack(0x0000004fcb700000,0x0000004fcb800000)]
  0x000002143ac45ec0 JavaThread "Common-Cleaner" daemon [_thread_blocked, id=7660, stack(0x0000004fcb800000,0x0000004fcb900000)]
  0x000002143ac17590 JavaThread "C1 CompilerThread1" daemon [_thread_blocked, id=15064, stack(0x0000004fcb900000,0x0000004fcba00000)]
  0x000002143ada3870 JavaThread "Notification Thread" daemon [_thread_blocked, id=11748, stack(0x0000004fcba00000,0x0000004fcbb00000)]
  0x000002143b3ceed0 JavaThread "RMI TCP Accept-0" daemon [_thread_in_native, id=10496, stack(0x0000004fcbb00000,0x0000004fcbc00000)]
  0x000002143b3be250 JavaThread "RMI TCP Accept-53604" daemon [_thread_in_native, id=12648, stack(0x0000004fcbc00000,0x0000004fcbd00000)]
  0x000002143b47b040 JavaThread "RMI TCP Connection(1)-127.0.0.1" daemon [_thread_in_native, id=3656, stack(0x0000004fcbd00000,0x0000004fcbe00000)]
  0x000002143b3cadf0 JavaThread "RMI Scheduler(0)" daemon [_thread_blocked, id=8176, stack(0x0000004fcbe00000,0x0000004fcbf00000)]
  0x000002143b3cb2c0 JavaThread "RMI TCP Connection(2)-127.0.0.1" daemon [_thread_in_native, id=10152, stack(0x0000004fcbf00000,0x0000004fcc000000)]
  0x000002143b3cbb30 JavaThread "RMI TCP Accept-0" daemon [_thread_in_native, id=15656, stack(0x0000004fcc000000,0x0000004fcc100000)]
  0x000002143b4fac20 JavaThread "JMX server connection timeout 22" daemon [_thread_blocked, id=14052, stack(0x0000004fcc200000,0x0000004fcc300000)]
  0x000002143c340a70 JavaThread "Thread-0" [_thread_blocked, id=13924, stack(0x0000004fccd00000,0x0000004fcce00000)]
  0x000002143c341410 JavaThread "restartedMain" [_thread_blocked, id=14484, stack(0x0000004fcce00000,0x0000004fccf00000)]
  0x000002143c3418e0 JavaThread "mysql-cj-abandoned-connection-cleanup" daemon [_thread_blocked, id=15140, stack(0x0000004fccf00000,0x0000004fcd000000)]
  0x000002143c3405a0 JavaThread "HikariPool-1 housekeeper" daemon [_thread_blocked, id=15864, stack(0x0000004fcd200000,0x0000004fcd300000)]
  0x000002143c341db0 JavaThread "HikariPool-1 connection adder" daemon [_thread_blocked, id=8276, stack(0x0000004fcd300000,0x0000004fcd400000)]
  0x000002143c342280 JavaThread "RMI TCP Connection(3)-127.0.0.1" daemon [_thread_in_native, id=9856, stack(0x0000004fcd400000,0x0000004fcd500000)]
  0x000002143c342750 JavaThread "Catalina-utility-1" [_thread_blocked, id=15384, stack(0x0000004fcd500000,0x0000004fcd600000)]
  0x000002143c342c20 JavaThread "Catalina-utility-2" [_thread_blocked, id=11156, stack(0x0000004fcd600000,0x0000004fcd700000)]
  0x000002143c3430f0 JavaThread "container-0" [_thread_blocked, id=3972, stack(0x0000004fcd700000,0x0000004fcd800000)]
  0x000002143c3435c0 JavaThread "Live Reload Server" daemon [_thread_in_native, id=12164, stack(0x0000004fcd900000,0x0000004fcda00000)]
  0x000002143c343a90 JavaThread "ClassGraph-worker-42" daemon [_thread_blocked, id=5004, stack(0x0000004fcd800000,0x0000004fcd900000)]
  0x000002143c3400d0 JavaThread "ClassGraph-worker-43" daemon [_thread_blocked, id=6636, stack(0x0000004fcda00000,0x0000004fcdb00000)]
  0x000002143c340f40 JavaThread "ClassGraph-worker-44" daemon [_thread_blocked, id=9980, stack(0x0000004fcdb00000,0x0000004fcdc00000)]
  0x000002143f9cb730 JavaThread "ClassGraph-worker-45" daemon [_thread_blocked, id=15388, stack(0x0000004fcdc00000,0x0000004fcdd00000)]
  0x000002143f9c9a50 JavaThread "ClassGraph-worker-46" daemon [_thread_blocked, id=14892, stack(0x0000004fcdd00000,0x0000004fcde00000)]
  0x000002143f9cd410 JavaThread "ClassGraph-worker-47" daemon [_thread_blocked, id=13888, stack(0x0000004fcde00000,0x0000004fcdf00000)]
  0x000002143f9cec20 JavaThread "ClassGraph-worker-48" daemon [_thread_blocked, id=5608, stack(0x0000004fcdf00000,0x0000004fce000000)]
  0x000002143f9ca8c0 JavaThread "ClassGraph-worker-49" daemon [_thread_blocked, id=5476, stack(0x0000004fce000000,0x0000004fce100000)]
  0x000002143f9ce280 JavaThread "ClassGraph-worker-50" daemon [_thread_blocked, id=14780, stack(0x0000004fce100000,0x0000004fce200000)]
  0x000002143f9cf5c0 JavaThread "ClassGraph-worker-51" daemon [_thread_blocked, id=11120, stack(0x0000004fce200000,0x0000004fce300000)]
  0x000002143f9cf0f0 JavaThread "ClassGraph-worker-52" daemon [_thread_blocked, id=9464, stack(0x0000004fce300000,0x0000004fce400000)]
  0x000002143f9ca3f0 JavaThread "ClassGraph-worker-53" daemon [_thread_blocked, id=14548, stack(0x0000004fce400000,0x0000004fce500000)]
  0x000002143f9c9f20 JavaThread "ClassGraph-worker-54" daemon [_thread_blocked, id=8304, stack(0x0000004fce500000,0x0000004fce600000)]
  0x000002143f9cbc00 JavaThread "ClassGraph-worker-55" daemon [_thread_blocked, id=1796, stack(0x0000004fce600000,0x0000004fce700000)]

Other Threads:
=>0x000002143a0018d0 VMThread "VM Thread" [stack: 0x0000004fcaf00000,0x0000004fcb000000] [id=2900]
  0x000002142e97ce70 WatcherThread [stack: 0x0000004fcc100000,0x0000004fcc200000] [id=1620]
  0x000002142e96bf10 GCTaskThread "GC Thread#0" [stack: 0x0000004fcaa00000,0x0000004fcab00000] [id=6784]
  0x000002143b7de4e0 GCTaskThread "GC Thread#1" [stack: 0x0000004fcc300000,0x0000004fcc400000] [id=1016]
  0x000002143c3496c0 GCTaskThread "GC Thread#2" [stack: 0x0000004fcc400000,0x0000004fcc500000] [id=13012]
  0x000002143b7fc8d0 GCTaskThread "GC Thread#3" [stack: 0x0000004fcc500000,0x0000004fcc600000] [id=5964]
  0x000002143c386240 GCTaskThread "GC Thread#4" [stack: 0x0000004fcc600000,0x0000004fcc700000] [id=8480]
  0x000002143c3864f0 GCTaskThread "GC Thread#5" [stack: 0x0000004fcc700000,0x0000004fcc800000] [id=8404]
  0x000002143c3867a0 GCTaskThread "GC Thread#6" [stack: 0x0000004fcc800000,0x0000004fcc900000] [id=8396]
  0x000002143c386a50 GCTaskThread "GC Thread#7" [stack: 0x0000004fcc900000,0x0000004fcca00000] [id=9468]
  0x000002142e974a50 ConcurrentGCThread "G1 Main Marker" [stack: 0x0000004fcab00000,0x0000004fcac00000] [id=9092]
  0x000002142e975dd0 ConcurrentGCThread "G1 Conc#0" [stack: 0x0000004fcac00000,0x0000004fcad00000] [id=4100]
  0x000002143c4ff850 ConcurrentGCThread "G1 Conc#1" [stack: 0x0000004fcd000000,0x0000004fcd100000] [id=15488]
  0x000002142e9c7770 ConcurrentGCThread "G1 Refine#0" [stack: 0x0000004fcad00000,0x0000004fcae00000] [id=4720]
  0x000002143c387520 ConcurrentGCThread "G1 Refine#1" [stack: 0x0000004fcca00000,0x0000004fccb00000] [id=6044]
  0x000002143c369440 ConcurrentGCThread "G1 Refine#2" [stack: 0x0000004fccb00000,0x0000004fccc00000] [id=5392]
  0x000002143c369720 ConcurrentGCThread "G1 Refine#3" [stack: 0x0000004fccc00000,0x0000004fccd00000] [id=11884]
  0x000002142e9c8190 ConcurrentGCThread "G1 Service" [stack: 0x0000004fcae00000,0x0000004fcaf00000] [id=9888]

Threads with active compile tasks:

VM state: at safepoint (normal execution)

VM Mutex/Monitor currently owned by a thread:  ([mutex/lock_event])
[0x000002142c83ea60] Threads_lock - owner thread: 0x000002143a0018d0
[0x000002142c83eb80] Heap_lock - owner thread: 0x000002143f9cf0f0

Heap address: 0x00000000c2000000, size: 992 MB, Compressed Oops mode: 32-bit

CDS archive(s) not mapped
Compressed class space mapped at: 0x0000000100000000-0x0000000140000000, reserved size: 1073741824
Narrow klass base: 0x0000000000000000, Narrow klass shift: 3, Narrow klass range: 0x140000000

GC Precious Log:
 CPUs: 8 total, 8 available
 Memory: 3962M
 Large Page Support: Disabled
 NUMA Support: Disabled
 Compressed Oops: Enabled (32-bit)
 Heap Region Size: 1M
 Heap Min Capacity: 8M
 Heap Initial Capacity: 62M
 Heap Max Capacity: 992M
 Pre-touch: Disabled
 Parallel Workers: 8
 Concurrent Workers: 2
 Concurrent Refinement Workers: 8
 Periodic GC: Disabled

Heap:
 garbage-first heap   total 86016K, used 44812K [0x00000000c2000000, 0x0000000100000000)
  region size 1024K, 1 young (1024K), 1 survivors (1024K)
 Metaspace       used 71615K, committed 72064K, reserved 1114112K
  class space    used 9676K, committed 9920K, reserved 1048576K

Heap Regions: E=young(eden), S=young(survivor), O=old, HS=humongous(starts), HC=humongous(continues), CS=collection set, F=free, OA=open archive, CA=closed archive, TAMS=top-at-mark-start (previous, next)
|   0|0x00000000c2000000, 0x00000000c2100000, 0x00000000c2100000|100%|HS|  |TAMS 0x00000000c2100000, 0x00000000c2100000| Complete 
|   1|0x00000000c2100000, 0x00000000c2200000, 0x00000000c2200000|100%| O|  |TAMS 0x00000000c2200000, 0x00000000c2200000| Untracked 
|   2|0x00000000c2200000, 0x00000000c2300000, 0x00000000c2300000|100%| O|  |TAMS 0x00000000c2300000, 0x00000000c2300000| Untracked 
|   3|0x00000000c2300000, 0x00000000c2400000, 0x00000000c2400000|100%| O|  |TAMS 0x00000000c2400000, 0x00000000c2400000| Untracked 
|   4|0x00000000c2400000, 0x00000000c2500000, 0x00000000c2500000|100%| O|  |TAMS 0x00000000c2500000, 0x00000000c2500000| Untracked 
|   5|0x00000000c2500000, 0x00000000c2600000, 0x00000000c2600000|100%| O|  |TAMS 0x00000000c2600000, 0x00000000c2600000| Untracked 
|   6|0x00000000c2600000, 0x00000000c2700000, 0x00000000c2700000|100%| O|  |TAMS 0x00000000c2700000, 0x00000000c2700000| Untracked 
|   7|0x00000000c2700000, 0x00000000c2800000, 0x00000000c2800000|100%| O|  |TAMS 0x00000000c2800000, 0x00000000c2800000| Untracked 
|   8|0x00000000c2800000, 0x00000000c281de00, 0x00000000c2900000| 11%| O|  |TAMS 0x00000000c281de00, 0x00000000c281de00| Untracked 
|   9|0x00000000c2900000, 0x00000000c2a00000, 0x00000000c2a00000|100%| O|  |TAMS 0x00000000c2a00000, 0x00000000c2a00000| Untracked 
|  10|0x00000000c2a00000, 0x00000000c2b00000, 0x00000000c2b00000|100%| O|  |TAMS 0x00000000c2b00000, 0x00000000c2b00000| Untracked 
|  11|0x00000000c2b00000, 0x00000000c2c00000, 0x00000000c2c00000|100%| O|  |TAMS 0x00000000c2c00000, 0x00000000c2c00000| Untracked 
|  12|0x00000000c2c00000, 0x00000000c2d00000, 0x00000000c2d00000|100%| O|  |TAMS 0x00000000c2d00000, 0x00000000c2d00000| Untracked 
|  13|0x00000000c2d00000, 0x00000000c2e00000, 0x00000000c2e00000|100%| O|  |TAMS 0x00000000c2e00000, 0x00000000c2e00000| Untracked 
|  14|0x00000000c2e00000, 0x00000000c2f00000, 0x00000000c2f00000|100%| O|  |TAMS 0x00000000c2f00000, 0x00000000c2f00000| Untracked 
|  15|0x00000000c2f00000, 0x00000000c3000000, 0x00000000c3000000|100%| O|  |TAMS 0x00000000c3000000, 0x00000000c3000000| Untracked 
|  16|0x00000000c3000000, 0x00000000c3100000, 0x00000000c3100000|100%| O|  |TAMS 0x00000000c3100000, 0x00000000c3100000| Untracked 
|  17|0x00000000c3100000, 0x00000000c3200000, 0x00000000c3200000|100%| O|  |TAMS 0x00000000c3200000, 0x00000000c3200000| Untracked 
|  18|0x00000000c3200000, 0x00000000c3300000, 0x00000000c3300000|100%| O|  |TAMS 0x00000000c3300000, 0x00000000c3300000| Untracked 
|  19|0x00000000c3300000, 0x00000000c3400000, 0x00000000c3400000|100%| O|  |TAMS 0x00000000c3400000, 0x00000000c3400000| Untracked 
|  20|0x00000000c3400000, 0x00000000c3500000, 0x00000000c3500000|100%| O|  |TAMS 0x00000000c3500000, 0x00000000c3500000| Untracked 
|  21|0x00000000c3500000, 0x00000000c3600000, 0x00000000c3600000|100%| O|  |TAMS 0x00000000c3600000, 0x00000000c3600000| Untracked 
|  22|0x00000000c3600000, 0x00000000c3700000, 0x00000000c3700000|100%| O|  |TAMS 0x00000000c3700000, 0x00000000c3700000| Untracked 
|  23|0x00000000c3700000, 0x00000000c3800000, 0x00000000c3800000|100%| O|  |TAMS 0x00000000c3800000, 0x00000000c3800000| Untracked 
|  24|0x00000000c3800000, 0x00000000c3900000, 0x00000000c3900000|100%| O|  |TAMS 0x00000000c38bde00, 0x00000000c3900000| Untracked 
|  25|0x00000000c3900000, 0x00000000c3a00000, 0x00000000c3a00000|100%| O|  |TAMS 0x00000000c3900000, 0x00000000c3a00000| Untracked 
|  26|0x00000000c3a00000, 0x00000000c3b00000, 0x00000000c3b00000|100%| O|  |TAMS 0x00000000c3a00000, 0x00000000c3b00000| Untracked 
|  27|0x00000000c3b00000, 0x00000000c3c00000, 0x00000000c3c00000|100%| O|  |TAMS 0x00000000c3b00000, 0x00000000c3c00000| Untracked 
|  28|0x00000000c3c00000, 0x00000000c3d00000, 0x00000000c3d00000|100%| O|  |TAMS 0x00000000c3c00000, 0x00000000c3d00000| Untracked 
|  29|0x00000000c3d00000, 0x00000000c3e00000, 0x00000000c3e00000|100%| O|  |TAMS 0x00000000c3d00000, 0x00000000c3e00000| Untracked 
|  30|0x00000000c3e00000, 0x00000000c3f00000, 0x00000000c3f00000|100%| O|  |TAMS 0x00000000c3e00000, 0x00000000c3f00000| Untracked 
|  31|0x00000000c3f00000, 0x00000000c4000000, 0x00000000c4000000|100%| O|  |TAMS 0x00000000c3f00000, 0x00000000c3f00000| Untracked 
|  32|0x00000000c4000000, 0x00000000c4100000, 0x00000000c4100000|100%| O|  |TAMS 0x00000000c4000000, 0x00000000c4100000| Untracked 
|  33|0x00000000c4100000, 0x00000000c4200000, 0x00000000c4200000|100%| O|  |TAMS 0x00000000c4100000, 0x00000000c4200000| Untracked 
|  34|0x00000000c4200000, 0x00000000c4300000, 0x00000000c4300000|100%| O|  |TAMS 0x00000000c4200000, 0x00000000c4300000| Untracked 
|  35|0x00000000c4300000, 0x00000000c4400000, 0x00000000c4400000|100%| O|  |TAMS 0x00000000c4300000, 0x00000000c4400000| Untracked 
|  36|0x00000000c4400000, 0x00000000c4500000, 0x00000000c4500000|100%| O|  |TAMS 0x00000000c4400000, 0x00000000c4500000| Untracked 
|  37|0x00000000c4500000, 0x00000000c4600000, 0x00000000c4600000|100%| O|  |TAMS 0x00000000c4500000, 0x00000000c4600000| Untracked 
|  38|0x00000000c4600000, 0x00000000c4700000, 0x00000000c4700000|100%| O|  |TAMS 0x00000000c4600000, 0x00000000c4700000| Untracked 
|  39|0x00000000c4700000, 0x00000000c4800000, 0x00000000c4800000|100%| O|  |TAMS 0x00000000c4700000, 0x00000000c4800000| Untracked 
|  40|0x00000000c4800000, 0x00000000c4900000, 0x00000000c4900000|100%| O|  |TAMS 0x00000000c4800000, 0x00000000c483c600| Untracked 
|  41|0x00000000c4900000, 0x00000000c4a00000, 0x00000000c4a00000|100%| O|  |TAMS 0x00000000c4900000, 0x00000000c4900000| Untracked 
|  42|0x00000000c4a00000, 0x00000000c4b00000, 0x00000000c4b00000|100%| O|  |TAMS 0x00000000c4a00000, 0x00000000c4a00000| Untracked 
|  43|0x00000000c4b00000, 0x00000000c4ba5200, 0x00000000c4c00000| 64%| O|  |TAMS 0x00000000c4b00000, 0x00000000c4b00000| Untracked 
|  44|0x00000000c4c00000, 0x00000000c4c00000, 0x00000000c4d00000|  0%| F|  |TAMS 0x00000000c4c00000, 0x00000000c4c00000| Untracked 
|  45|0x00000000c4d00000, 0x00000000c4d00000, 0x00000000c4e00000|  0%| F|  |TAMS 0x00000000c4d00000, 0x00000000c4d00000| Untracked 
|  46|0x00000000c4e00000, 0x00000000c4e00000, 0x00000000c4f00000|  0%| F|  |TAMS 0x00000000c4e00000, 0x00000000c4e00000| Untracked 
|  47|0x00000000c4f00000, 0x00000000c4f00000, 0x00000000c5000000|  0%| F|  |TAMS 0x00000000c4f00000, 0x00000000c4f00000| Untracked 
|  48|0x00000000c5000000, 0x00000000c5000000, 0x00000000c5100000|  0%| F|  |TAMS 0x00000000c5000000, 0x00000000c5000000| Untracked 
|  49|0x00000000c5100000, 0x00000000c5100000, 0x00000000c5200000|  0%| F|  |TAMS 0x00000000c5100000, 0x00000000c5100000| Untracked 
|  50|0x00000000c5200000, 0x00000000c5200000, 0x00000000c5300000|  0%| F|  |TAMS 0x00000000c5200000, 0x00000000c5200000| Untracked 
|  51|0x00000000c5300000, 0x00000000c5300000, 0x00000000c5400000|  0%| F|  |TAMS 0x00000000c5300000, 0x00000000c5300000| Untracked 
|  52|0x00000000c5400000, 0x00000000c5400000, 0x00000000c5500000|  0%| F|  |TAMS 0x00000000c5400000, 0x00000000c5400000| Untracked 
|  53|0x00000000c5500000, 0x00000000c5500000, 0x00000000c5600000|  0%| F|  |TAMS 0x00000000c5500000, 0x00000000c5500000| Untracked 
|  54|0x00000000c5600000, 0x00000000c5600000, 0x00000000c5700000|  0%| F|  |TAMS 0x00000000c5600000, 0x00000000c5600000| Untracked 
|  55|0x00000000c5700000, 0x00000000c5700000, 0x00000000c5800000|  0%| F|  |TAMS 0x00000000c5700000, 0x00000000c5700000| Untracked 
|  56|0x00000000c5800000, 0x00000000c5800000, 0x00000000c5900000|  0%| F|  |TAMS 0x00000000c5800000, 0x00000000c5800000| Untracked 
|  57|0x00000000c5900000, 0x00000000c5900000, 0x00000000c5a00000|  0%| F|  |TAMS 0x00000000c5900000, 0x00000000c5900000| Untracked 
|  58|0x00000000c5a00000, 0x00000000c5a00000, 0x00000000c5b00000|  0%| F|  |TAMS 0x00000000c5a00000, 0x00000000c5a00000| Untracked 
|  59|0x00000000c5b00000, 0x00000000c5b00000, 0x00000000c5c00000|  0%| F|  |TAMS 0x00000000c5b00000, 0x00000000c5b00000| Untracked 
|  60|0x00000000c5c00000, 0x00000000c5c00000, 0x00000000c5d00000|  0%| F|  |TAMS 0x00000000c5c00000, 0x00000000c5c00000| Untracked 
|  61|0x00000000c5d00000, 0x00000000c5d00000, 0x00000000c5e00000|  0%| F|  |TAMS 0x00000000c5d00000, 0x00000000c5d00000| Untracked 
|  62|0x00000000c5e00000, 0x00000000c5e00000, 0x00000000c5f00000|  0%| F|  |TAMS 0x00000000c5e00000, 0x00000000c5e00000| Untracked 
|  63|0x00000000c5f00000, 0x00000000c5f00000, 0x00000000c6000000|  0%| F|  |TAMS 0x00000000c5f00000, 0x00000000c5f00000| Untracked 
|  64|0x00000000c6000000, 0x00000000c6000000, 0x00000000c6100000|  0%| F|  |TAMS 0x00000000c6000000, 0x00000000c6000000| Untracked 
|  65|0x00000000c6100000, 0x00000000c6100000, 0x00000000c6200000|  0%| F|  |TAMS 0x00000000c6100000, 0x00000000c6100000| Untracked 
|  66|0x00000000c6200000, 0x00000000c6200000, 0x00000000c6300000|  0%| F|  |TAMS 0x00000000c6200000, 0x00000000c6200000| Untracked 
|  67|0x00000000c6300000, 0x00000000c6300000, 0x00000000c6400000|  0%| F|  |TAMS 0x00000000c6300000, 0x00000000c6300000| Untracked 
|  68|0x00000000c6400000, 0x00000000c6400000, 0x00000000c6500000|  0%| F|  |TAMS 0x00000000c6400000, 0x00000000c6400000| Untracked 
|  69|0x00000000c6500000, 0x00000000c6500000, 0x00000000c6600000|  0%| F|  |TAMS 0x00000000c6500000, 0x00000000c6500000| Untracked 
|  70|0x00000000c6600000, 0x00000000c6600000, 0x00000000c6700000|  0%| F|  |TAMS 0x00000000c6600000, 0x00000000c6600000| Untracked 
|  71|0x00000000c6700000, 0x00000000c6700000, 0x00000000c6800000|  0%| F|  |TAMS 0x00000000c6700000, 0x00000000c6700000| Untracked 
|  72|0x00000000c6800000, 0x00000000c6800000, 0x00000000c6900000|  0%| F|  |TAMS 0x00000000c6800000, 0x00000000c6800000| Untracked 
|  73|0x00000000c6900000, 0x00000000c6900000, 0x00000000c6a00000|  0%| F|  |TAMS 0x00000000c6900000, 0x00000000c6900000| Untracked 
|  74|0x00000000c6a00000, 0x00000000c6a00000, 0x00000000c6b00000|  0%| F|  |TAMS 0x00000000c6a00000, 0x00000000c6a00000| Untracked 
|  75|0x00000000c6b00000, 0x00000000c6b00000, 0x00000000c6c00000|  0%| F|  |TAMS 0x00000000c6b00000, 0x00000000c6b00000| Untracked 
|  76|0x00000000c6c00000, 0x00000000c6c00000, 0x00000000c6d00000|  0%| F|  |TAMS 0x00000000c6c00000, 0x00000000c6c00000| Untracked 
|  77|0x00000000c6d00000, 0x00000000c6d00000, 0x00000000c6e00000|  0%| F|  |TAMS 0x00000000c6d00000, 0x00000000c6d00000| Untracked 
|  78|0x00000000c6e00000, 0x00000000c6e00000, 0x00000000c6f00000|  0%| F|  |TAMS 0x00000000c6e00000, 0x00000000c6e00000| Untracked 
|  79|0x00000000c6f00000, 0x00000000c6f00000, 0x00000000c7000000|  0%| F|  |TAMS 0x00000000c6f00000, 0x00000000c6f00000| Untracked 
|  80|0x00000000c7000000, 0x00000000c7100000, 0x00000000c7100000|100%| S|CS|TAMS 0x00000000c7000000, 0x00000000c7000000| Complete 
|  81|0x00000000c7100000, 0x00000000c7100000, 0x00000000c7200000|  0%| F|  |TAMS 0x00000000c7100000, 0x00000000c7100000| Untracked 
|  82|0x00000000c7200000, 0x00000000c7200000, 0x00000000c7300000|  0%| F|  |TAMS 0x00000000c7200000, 0x00000000c7200000| Untracked 
|  83|0x00000000c7300000, 0x00000000c7300000, 0x00000000c7400000|  0%| F|  |TAMS 0x00000000c7300000, 0x00000000c7300000| Untracked 

Card table byte_map: [0x00000214352f0000,0x00000214354e0000] _byte_map_base: 0x0000021434ce0000

Marking Bits (Prev, Next): (CMBitMap*) 0x000002142e96c560, (CMBitMap*) 0x000002142e96c520
 Prev Bits: [0x0000021436650000, 0x00000214375d0000)
 Next Bits: [0x00000214356d0000, 0x0000021436650000)

Polling page: 0x000002142cab0000

Metaspace:

Usage:
  Non-class:     60.49 MB used.
      Class:      9.45 MB used.
       Both:     69.94 MB used.

Virtual space:
  Non-class space:       64.00 MB reserved,      60.69 MB ( 95%) committed,  8 nodes.
      Class space:        1.00 GB reserved,       9.69 MB ( <1%) committed,  1 nodes.
             Both:        1.06 GB reserved,      70.38 MB (  6%) committed. 

Chunk freelists:
   Non-Class:  2.95 MB
       Class:  2.37 MB
        Both:  5.33 MB

MaxMetaspaceSize: unlimited
CompressedClassSpaceSize: 1.00 GB
Initial GC threshold: 21.00 MB
Current GC threshold: 98.69 MB
CDS: off
MetaspaceReclaimPolicy: balanced
 - commit_granule_bytes: 65536.
 - commit_granule_words: 8192.
 - virtual_space_node_default_size: 1048576.
 - enlarge_chunks_in_place: 1.
 - new_chunks_are_fully_committed: 0.
 - uncommit_free_chunks: 1.
 - use_allocation_guard: 0.
 - handle_deallocations: 1.


Internal statistics:

num_allocs_failed_limit: 9.
num_arena_births: 578.
num_arena_deaths: 0.
num_vsnodes_births: 9.
num_vsnodes_deaths: 0.
num_space_committed: 1126.
num_space_uncommitted: 0.
num_chunks_returned_to_freelist: 9.
num_chunks_taken_from_freelist: 2818.
num_chunk_merges: 9.
num_chunk_splits: 1985.
num_chunks_enlarged: 1530.
num_purges: 0.
num_inconsistent_stats: 0.

CodeCache: size=49152Kb used=12417Kb max_used=12417Kb free=36734Kb
 bounds [0x0000021431ff0000, 0x0000021432c20000, 0x0000021434ff0000]
 total_blobs=6946 nmethods=6311 adapters=561
 compilation: enabled
              stopped_count=0, restarted_count=0
 full_count=0

Compilation events (20 events):
Event: 10.191 Thread 0x000002143ac17590 nmethod 6300 0x0000021432c0b810 code [0x0000021432c0b9c0, 0x0000021432c0bca8]
Event: 10.191 Thread 0x000002143ac17590 6302       1       java.net.URI::appendAuthority (264 bytes)
Event: 10.191 Thread 0x000002143a0752a0 nmethod 6301 0x0000021432c0be90 code [0x0000021432c0c0a0, 0x0000021432c0c4c8]
Event: 10.191 Thread 0x000002143a0752a0 6303       1       java.net.URI::appendSchemeSpecificPart (185 bytes)
Event: 10.192 Thread 0x000002143a0752a0 nmethod 6303 0x0000021432c0c790 code [0x0000021432c0ca20, 0x0000021432c0cfd8]
Event: 10.192 Thread 0x000002143ac17590 nmethod 6302 0x0000021432c0d490 code [0x0000021432c0d780, 0x0000021432c0df38]
Event: 10.195 Thread 0x000002143ac17590 6304       1       nonapi.io.github.classgraph.concurrency.WorkQueue::addWorkUnit (41 bytes)
Event: 10.195 Thread 0x000002143ac17590 nmethod 6304 0x0000021432c0e590 code [0x0000021432c0e740, 0x0000021432c0e998]
Event: 10.197 Thread 0x000002143ac17590 6305       1       java.util.concurrent.CountDownLatch::<init> (31 bytes)
Event: 10.197 Thread 0x000002143a0752a0 6306       1       java.lang.Thread::checkAccess (14 bytes)
Event: 10.197 Thread 0x000002143ac17590 nmethod 6305 0x0000021432c0ea90 code [0x0000021432c0ec40, 0x0000021432c0ee68]
Event: 10.197 Thread 0x000002143a0752a0 nmethod 6306 0x0000021432c0ef10 code [0x0000021432c0f0a0, 0x0000021432c0f1c8]
Event: 10.197 Thread 0x000002143ac17590 6307       1       sun.nio.fs.WindowsException::lastError (5 bytes)
Event: 10.198 Thread 0x000002143ac17590 nmethod 6307 0x0000021432c0f290 code [0x0000021432c0f420, 0x0000021432c0f4f8]
Event: 10.198 Thread 0x000002143ac17590 6308       1       java.io.File::canRead (34 bytes)
Event: 10.199 Thread 0x000002143ac17590 nmethod 6308 0x0000021432c0f990 code [0x0000021432c0fb60, 0x0000021432c0fe28]
Event: 10.199 Thread 0x000002143ac17590 6310       1       java.util.concurrent.atomic.AtomicLong::get (5 bytes)
Event: 10.199 Thread 0x000002143ac17590 nmethod 6310 0x0000021432c0ff90 code [0x0000021432c10120, 0x0000021432c101f8]
Event: 10.200 Thread 0x000002143ac17590 6311       1       java.net.URI::<init> (13 bytes)
Event: 10.200 Thread 0x000002143ac17590 nmethod 6311 0x0000021432c10290 code [0x0000021432c10420, 0x0000021432c10528]

GC Heap History (20 events):
Event: 8.173 GC heap after
{Heap after GC invocations=21 (full 0):
 garbage-first heap   total 59392K, used 26863K [0x00000000c2000000, 0x0000000100000000)
  region size 1024K, 3 young (3072K), 3 survivors (3072K)
 Metaspace       used 60910K, committed 61248K, reserved 1105920K
  class space    used 8164K, committed 8320K, reserved 1048576K
}
Event: 8.271 GC heap before
{Heap before GC invocations=21 (full 0):
 garbage-first heap   total 59392K, used 47343K [0x00000000c2000000, 0x0000000100000000)
  region size 1024K, 23 young (23552K), 3 survivors (3072K)
 Metaspace       used 61297K, committed 61632K, reserved 1105920K
  class space    used 8221K, committed 8384K, reserved 1048576K
}
Event: 8.274 GC heap after
{Heap after GC invocations=22 (full 0):
 garbage-first heap   total 71680K, used 26963K [0x00000000c2000000, 0x0000000100000000)
  region size 1024K, 2 young (2048K), 2 survivors (2048K)
 Metaspace       used 61297K, committed 61632K, reserved 1105920K
  class space    used 8221K, committed 8384K, reserved 1048576K
}
Event: 8.548 GC heap before
{Heap before GC invocations=22 (full 0):
 garbage-first heap   total 71680K, used 58707K [0x00000000c2000000, 0x0000000100000000)
  region size 1024K, 33 young (33792K), 2 survivors (2048K)
 Metaspace       used 63992K, committed 64384K, reserved 1105920K
  class space    used 8605K, committed 8832K, reserved 1048576K
}
Event: 8.552 GC heap after
{Heap after GC invocations=23 (full 0):
 garbage-first heap   total 71680K, used 27919K [0x00000000c2000000, 0x0000000100000000)
  region size 1024K, 3 young (3072K), 3 survivors (3072K)
 Metaspace       used 63992K, committed 64384K, reserved 1105920K
  class space    used 8605K, committed 8832K, reserved 1048576K
}
Event: 8.793 GC heap before
{Heap before GC invocations=23 (full 0):
 garbage-first heap   total 71680K, used 57615K [0x00000000c2000000, 0x0000000100000000)
  region size 1024K, 32 young (32768K), 3 survivors (3072K)
 Metaspace       used 65785K, committed 66240K, reserved 1114112K
  class space    used 8846K, committed 9088K, reserved 1048576K
}
Event: 8.798 GC heap after
{Heap after GC invocations=24 (full 0):
 garbage-first heap   total 71680K, used 29430K [0x00000000c2000000, 0x0000000100000000)
  region size 1024K, 4 young (4096K), 4 survivors (4096K)
 Metaspace       used 65785K, committed 66240K, reserved 1114112K
  class space    used 8846K, committed 9088K, reserved 1048576K
}
Event: 8.923 GC heap before
{Heap before GC invocations=24 (full 0):
 garbage-first heap   total 71680K, used 57078K [0x00000000c2000000, 0x0000000100000000)
  region size 1024K, 31 young (31744K), 4 survivors (4096K)
 Metaspace       used 66198K, committed 66624K, reserved 1114112K
  class space    used 8905K, committed 9152K, reserved 1048576K
}
Event: 8.927 GC heap after
{Heap after GC invocations=25 (full 0):
 garbage-first heap   total 71680K, used 30179K [0x00000000c2000000, 0x0000000100000000)
  region size 1024K, 3 young (3072K), 3 survivors (3072K)
 Metaspace       used 66198K, committed 66624K, reserved 1114112K
  class space    used 8905K, committed 9152K, reserved 1048576K
}
Event: 9.171 GC heap before
{Heap before GC invocations=25 (full 0):
 garbage-first heap   total 71680K, used 58851K [0x00000000c2000000, 0x0000000100000000)
  region size 1024K, 31 young (31744K), 3 survivors (3072K)
 Metaspace       used 67334K, committed 67776K, reserved 1114112K
  class space    used 9063K, committed 9280K, reserved 1048576K
}
Event: 9.175 GC heap after
{Heap after GC invocations=26 (full 0):
 garbage-first heap   total 86016K, used 31002K [0x00000000c2000000, 0x0000000100000000)
  region size 1024K, 2 young (2048K), 2 survivors (2048K)
 Metaspace       used 67334K, committed 67776K, reserved 1114112K
  class space    used 9063K, committed 9280K, reserved 1048576K
}
Event: 9.518 GC heap before
{Heap before GC invocations=26 (full 0):
 garbage-first heap   total 86016K, used 70938K [0x00000000c2000000, 0x0000000100000000)
  region size 1024K, 41 young (41984K), 2 survivors (2048K)
 Metaspace       used 69190K, committed 69696K, reserved 1114112K
  class space    used 9346K, committed 9600K, reserved 1048576K
}
Event: 9.523 GC heap after
{Heap after GC invocations=27 (full 0):
 garbage-first heap   total 86016K, used 32436K [0x00000000c2000000, 0x0000000100000000)
  region size 1024K, 4 young (4096K), 4 survivors (4096K)
 Metaspace       used 69190K, committed 69696K, reserved 1114112K
  class space    used 9346K, committed 9600K, reserved 1048576K
}
Event: 9.819 GC heap before
{Heap before GC invocations=27 (full 0):
 garbage-first heap   total 86016K, used 69300K [0x00000000c2000000, 0x0000000100000000)
  region size 1024K, 40 young (40960K), 4 survivors (4096K)
 Metaspace       used 69962K, committed 70400K, reserved 1114112K
  class space    used 9469K, committed 9664K, reserved 1048576K
}
Event: 9.825 GC heap after
{Heap after GC invocations=28 (full 0):
 garbage-first heap   total 86016K, used 34157K [0x00000000c2000000, 0x0000000100000000)
  region size 1024K, 4 young (4096K), 4 survivors (4096K)
 Metaspace       used 69962K, committed 70400K, reserved 1114112K
  class space    used 9469K, committed 9664K, reserved 1048576K
}
Event: 10.082 GC heap before
{Heap before GC invocations=28 (full 0):
 garbage-first heap   total 86016K, used 69997K [0x00000000c2000000, 0x0000000100000000)
  region size 1024K, 39 young (39936K), 4 survivors (4096K)
 Metaspace       used 71522K, committed 71936K, reserved 1114112K
  class space    used 9664K, committed 9856K, reserved 1048576K
}
Event: 10.088 GC heap after
{Heap after GC invocations=29 (full 0):
 garbage-first heap   total 86016K, used 38524K [0x00000000c2000000, 0x0000000100000000)
  region size 1024K, 5 young (5120K), 5 survivors (5120K)
 Metaspace       used 71522K, committed 71936K, reserved 1114112K
  class space    used 9664K, committed 9856K, reserved 1048576K
}
Event: 10.170 GC heap before
{Heap before GC invocations=29 (full 0):
 garbage-first heap   total 86016K, used 68220K [0x00000000c2000000, 0x0000000100000000)
  region size 1024K, 35 young (35840K), 5 survivors (5120K)
 Metaspace       used 71591K, committed 72064K, reserved 1114112K
  class space    used 9674K, committed 9920K, reserved 1048576K
}
Event: 10.180 GC heap after
{Heap after GC invocations=30 (full 0):
 garbage-first heap   total 86016K, used 44393K [0x00000000c2000000, 0x0000000100000000)
  region size 1024K, 5 young (5120K), 5 survivors (5120K)
 Metaspace       used 71591K, committed 72064K, reserved 1114112K
  class space    used 9674K, committed 9920K, reserved 1048576K
}
Event: 10.201 GC heap before
{Heap before GC invocations=30 (full 0):
 garbage-first heap   total 86016K, used 46441K [0x00000000c2000000, 0x0000000100000000)
  region size 1024K, 8 young (8192K), 5 survivors (5120K)
 Metaspace       used 71615K, committed 72064K, reserved 1114112K
  class space    used 9676K, committed 9920K, reserved 1048576K
}

Deoptimization events (20 events):
Event: 3.746 Thread 0x000002143c341410 DEOPT PACKING pc=0x0000021432766dd4 sp=0x0000004fccefb1c0
Event: 3.746 Thread 0x000002143c341410 DEOPT UNPACKING pc=0x0000021432042b43 sp=0x0000004fccefa6f8 mode 0
Event: 4.204 Thread 0x000002143c341410 DEOPT PACKING pc=0x00000214327573f0 sp=0x0000004fccef8ad0
Event: 4.204 Thread 0x000002143c341410 DEOPT UNPACKING pc=0x0000021432042b43 sp=0x0000004fccef80f0 mode 0
Event: 4.204 Thread 0x000002143c341410 DEOPT PACKING pc=0x00000214327567a4 sp=0x0000004fccef8e90
Event: 4.204 Thread 0x000002143c341410 DEOPT UNPACKING pc=0x0000021432042b43 sp=0x0000004fccef84b0 mode 0
Event: 4.204 Thread 0x000002143c341410 DEOPT PACKING pc=0x000002143275509c sp=0x0000004fccef9220
Event: 4.204 Thread 0x000002143c341410 DEOPT UNPACKING pc=0x0000021432042b43 sp=0x0000004fccef8840 mode 0
Event: 4.204 Thread 0x000002143c341410 DEOPT PACKING pc=0x000002143275556c sp=0x0000004fccef9450
Event: 4.204 Thread 0x000002143c341410 DEOPT UNPACKING pc=0x0000021432042b43 sp=0x0000004fccef8a70 mode 0
Event: 4.204 Thread 0x000002143c341410 DEOPT PACKING pc=0x00000214327ed494 sp=0x0000004fccef9800
Event: 4.205 Thread 0x000002143c341410 DEOPT UNPACKING pc=0x0000021432042b43 sp=0x0000004fccef8d88 mode 0
Event: 4.288 Thread 0x000002143c341410 DEOPT PACKING pc=0x00000214324a53c2 sp=0x0000004fccef8da0
Event: 4.288 Thread 0x000002143c341410 DEOPT UNPACKING pc=0x0000021432042b43 sp=0x0000004fccef82a8 mode 3
Event: 5.019 Thread 0x000002143c341410 DEOPT PACKING pc=0x00000214328352fd sp=0x0000004fccef6520
Event: 5.019 Thread 0x000002143c341410 DEOPT UNPACKING pc=0x0000021432042b43 sp=0x0000004fccef5a88 mode 3
Event: 8.842 Thread 0x000002143c341410 DEOPT PACKING pc=0x0000021432a8bb19 sp=0x0000004fccefb8f0
Event: 8.842 Thread 0x000002143c341410 DEOPT UNPACKING pc=0x0000021432042b43 sp=0x0000004fccefadd0 mode 3
Event: 10.045 Thread 0x000002143c341410 DEOPT PACKING pc=0x0000021432b93aab sp=0x0000004fccefc460
Event: 10.045 Thread 0x000002143c341410 DEOPT UNPACKING pc=0x0000021432042b43 sp=0x0000004fccefb9a8 mode 3

Classes unloaded (0 events):
No events

Classes redefined (0 events):
No events

Internal exceptions (20 events):
Event: 10.197 Thread 0x000002143c3400d0 Exception <a 'sun/nio/fs/WindowsException'{0x00000000c72cf8e0}> (0x00000000c72cf8e0) 
thrown [s\src\hotspot\share\prims\jni.cpp, line 516]
Event: 10.197 Thread 0x000002143c3400d0 Exception <a 'sun/nio/fs/WindowsException'{0x00000000c72cfc50}> (0x00000000c72cfc50) 
thrown [s\src\hotspot\share\prims\jni.cpp, line 516]
Event: 10.197 Thread 0x000002143c3400d0 Exception <a 'sun/nio/fs/WindowsException'{0x00000000c72d0628}> (0x00000000c72d0628) 
thrown [s\src\hotspot\share\prims\jni.cpp, line 516]
Event: 10.197 Thread 0x000002143c3400d0 Exception <a 'sun/nio/fs/WindowsException'{0x00000000c72d09d0}> (0x00000000c72d09d0) 
thrown [s\src\hotspot\share\prims\jni.cpp, line 516]
Event: 10.198 Thread 0x000002143c3400d0 Exception <a 'sun/nio/fs/WindowsException'{0x00000000c72d1380}> (0x00000000c72d1380) 
thrown [s\src\hotspot\share\prims\jni.cpp, line 516]
Event: 10.198 Thread 0x000002143c3400d0 Exception <a 'sun/nio/fs/WindowsException'{0x00000000c72d16f8}> (0x00000000c72d16f8) 
thrown [s\src\hotspot\share\prims\jni.cpp, line 516]
Event: 10.198 Thread 0x000002143c3400d0 Exception <a 'sun/nio/fs/WindowsException'{0x00000000c72d2080}> (0x00000000c72d2080) 
thrown [s\src\hotspot\share\prims\jni.cpp, line 516]
Event: 10.198 Thread 0x000002143c3400d0 Exception <a 'sun/nio/fs/WindowsException'{0x00000000c72d23c0}> (0x00000000c72d23c0) 
thrown [s\src\hotspot\share\prims\jni.cpp, line 516]
Event: 10.198 Thread 0x000002143c3400d0 Exception <a 'sun/nio/fs/WindowsException'{0x00000000c72d2d58}> (0x00000000c72d2d58) 
thrown [s\src\hotspot\share\prims\jni.cpp, line 516]
Event: 10.198 Thread 0x000002143c3400d0 Exception <a 'sun/nio/fs/WindowsException'{0x00000000c72d30b0}> (0x00000000c72d30b0) 
thrown [s\src\hotspot\share\prims\jni.cpp, line 516]
Event: 10.198 Thread 0x000002143c3400d0 Exception <a 'sun/nio/fs/WindowsException'{0x00000000c72d3a38}> (0x00000000c72d3a38) 
thrown [s\src\hotspot\share\prims\jni.cpp, line 516]
Event: 10.198 Thread 0x000002143c3400d0 Exception <a 'sun/nio/fs/WindowsException'{0x00000000c72d3d80}> (0x00000000c72d3d80) 
thrown [s\src\hotspot\share\prims\jni.cpp, line 516]
Event: 10.198 Thread 0x000002143c3400d0 Exception <a 'sun/nio/fs/WindowsException'{0x00000000c72d4718}> (0x00000000c72d4718) 
thrown [s\src\hotspot\share\prims\jni.cpp, line 516]
Event: 10.198 Thread 0x000002143c3400d0 Exception <a 'sun/nio/fs/WindowsException'{0x00000000c72d4a70}> (0x00000000c72d4a70) 
thrown [s\src\hotspot\share\prims\jni.cpp, line 516]
Event: 10.198 Thread 0x000002143c3400d0 Exception <a 'sun/nio/fs/WindowsException'{0x00000000c72d5420}> (0x00000000c72d5420) 
thrown [s\src\hotspot\share\prims\jni.cpp, line 516]
Event: 10.198 Thread 0x000002143c3400d0 Exception <a 'sun/nio/fs/WindowsException'{0x00000000c72d5798}> (0x00000000c72d5798) 
thrown [s\src\hotspot\share\prims\jni.cpp, line 516]
Event: 10.199 Thread 0x000002143c3400d0 Exception <a 'sun/nio/fs/WindowsException'{0x00000000c72d6160}> (0x00000000c72d6160) 
thrown [s\src\hotspot\share\prims\jni.cpp, line 516]
Event: 10.199 Thread 0x000002143c3400d0 Exception <a 'sun/nio/fs/WindowsException'{0x00000000c72d64f0}> (0x00000000c72d64f0) 
thrown [s\src\hotspot\share\prims\jni.cpp, line 516]
Event: 10.199 Thread 0x000002143c3400d0 Exception <a 'sun/nio/fs/WindowsException'{0x00000000c72d6eb0}> (0x00000000c72d6eb0) 
thrown [s\src\hotspot\share\prims\jni.cpp, line 516]
Event: 10.199 Thread 0x000002143c3400d0 Exception <a 'sun/nio/fs/WindowsException'{0x00000000c72d7238}> (0x00000000c72d7238) 
thrown [s\src\hotspot\share\prims\jni.cpp, line 516]

VM Operations (20 events):
Event: 9.216 Executing VM operation: HandshakeAllThreads done
Event: 9.250 Executing VM operation: HandshakeAllThreads
Event: 9.250 Executing VM operation: HandshakeAllThreads done
Event: 9.252 Executing VM operation: HandshakeAllThreads
Event: 9.253 Executing VM operation: HandshakeAllThreads done
Event: 9.518 Executing VM operation: G1CollectForAllocation
Event: 9.523 Executing VM operation: G1CollectForAllocation done
Event: 9.819 Executing VM operation: G1CollectForAllocation
Event: 9.825 Executing VM operation: G1CollectForAllocation done
Event: 9.912 Executing VM operation: HandshakeAllThreads
Event: 9.912 Executing VM operation: HandshakeAllThreads done
Event: 9.986 Executing VM operation: HandshakeAllThreads
Event: 9.986 Executing VM operation: HandshakeAllThreads done
Event: 10.082 Executing VM operation: G1CollectForAllocation
Event: 10.090 Executing VM operation: G1CollectForAllocation done
Event: 10.160 Executing VM operation: HandshakeAllThreads
Event: 10.160 Executing VM operation: HandshakeAllThreads done
Event: 10.170 Executing VM operation: G1CollectForAllocation
Event: 10.180 Executing VM operation: G1CollectForAllocation done
Event: 10.201 Executing VM operation: G1TryInitiateConcMark

Events (20 events):
Event: 10.184 Thread 0x000002143f9a1ee0 Thread exited: 0x000002143f9a1ee0
Event: 10.184 Thread 0x000002143f9a4f00 Thread exited: 0x000002143f9a4f00
Event: 10.184 Thread 0x000002143c3400d0 Thread exited: 0x000002143c3400d0
Event: 10.184 Thread 0x000002143f9a53d0 Thread exited: 0x000002143f9a53d0
Event: 10.184 Thread 0x000002143f9a58a0 Thread exited: 0x000002143f9a58a0
Event: 10.184 Thread 0x000002143f9a1070 Thread exited: 0x000002143f9a1070
Event: 10.195 Thread 0x000002143c343a90 Thread added: 0x000002143c343a90
Event: 10.195 Thread 0x000002143c3400d0 Thread added: 0x000002143c3400d0
Event: 10.195 Thread 0x000002143c340f40 Thread added: 0x000002143c340f40
Event: 10.195 Thread 0x000002143f9cb730 Thread added: 0x000002143f9cb730
Event: 10.196 Thread 0x000002143f9c9a50 Thread added: 0x000002143f9c9a50
Event: 10.196 Thread 0x000002143f9cd410 Thread added: 0x000002143f9cd410
Event: 10.196 Thread 0x000002143f9cec20 Thread added: 0x000002143f9cec20
Event: 10.196 Thread 0x000002143f9ca8c0 Thread added: 0x000002143f9ca8c0
Event: 10.196 Thread 0x000002143f9ce280 Thread added: 0x000002143f9ce280
Event: 10.196 Thread 0x000002143f9cf5c0 Thread added: 0x000002143f9cf5c0
Event: 10.196 Thread 0x000002143f9cf0f0 Thread added: 0x000002143f9cf0f0
Event: 10.196 Thread 0x000002143f9ca3f0 Thread added: 0x000002143f9ca3f0
Event: 10.197 Thread 0x000002143f9c9f20 Thread added: 0x000002143f9c9f20
Event: 10.198 Thread 0x000002143f9cbc00 Thread added: 0x000002143f9cbc00


Dynamic libraries:
0x00007ff7e4a40000 - 0x00007ff7e4a4e000 	D:\spring core\sts-4.16.1.RELEASE\plugins\org.eclipse.justj.openjdk.hotspot.jre.full.win32.x86_64_17.0.4.v20221004-1257\jre\bin\javaw.exe
0x00007ffaf44c0000 - 0x00007ffaf46c9000 	C:\Windows\SYSTEM32\ntdll.dll
0x00007ffaf28b0000 - 0x00007ffaf296e000 	C:\Windows\System32\KERNEL32.DLL
0x00007ffaf1fc0000 - 0x00007ffaf233b000 	C:\Windows\System32\KERNELBASE.dll
0x00007ffaf1b00000 - 0x00007ffaf1c11000 	C:\Windows\System32\ucrtbase.dll
0x00007ffae6a70000 - 0x00007ffae6a89000 	D:\spring core\sts-4.16.1.RELEASE\plugins\org.eclipse.justj.openjdk.hotspot.jre.full.win32.x86_64_17.0.4.v20221004-1257\jre\bin\VCRUNTIME140.dll
0x00007ffadd4d0000 - 0x00007ffadd4e8000 	D:\spring core\sts-4.16.1.RELEASE\plugins\org.eclipse.justj.openjdk.hotspot.jre.full.win32.x86_64_17.0.4.v20221004-1257\jre\bin\jli.dll
0x00007ffaf3210000 - 0x00007ffaf33bd000 	C:\Windows\System32\USER32.dll
0x00007ffad9000000 - 0x00007ffad92a5000 	C:\Windows\WinSxS\amd64_microsoft.windows.common-controls_6595b64144ccf1df_6.0.22000.120_none_9d947278b86cc467\COMCTL32.dll
0x00007ffaf1c20000 - 0x00007ffaf1c46000 	C:\Windows\System32\win32u.dll
0x00007ffaf40f0000 - 0x00007ffaf4193000 	C:\Windows\System32\msvcrt.dll
0x00007ffaf4360000 - 0x00007ffaf4389000 	C:\Windows\System32\GDI32.dll
0x00007ffaf1d10000 - 0x00007ffaf1e28000 	C:\Windows\System32\gdi32full.dll
0x00007ffaf1f20000 - 0x00007ffaf1fbd000 	C:\Windows\System32\msvcp_win.dll
0x00007ffaf2370000 - 0x00007ffaf23a2000 	C:\Windows\System32\IMM32.DLL
0x00007ffae6df0000 - 0x00007ffae6dfc000 	D:\spring core\sts-4.16.1.RELEASE\plugins\org.eclipse.justj.openjdk.hotspot.jre.full.win32.x86_64_17.0.4.v20221004-1257\jre\bin\vcruntime140_1.dll
0x00007ffaa7c60000 - 0x00007ffaa7cf1000 	D:\spring core\sts-4.16.1.RELEASE\plugins\org.eclipse.justj.openjdk.hotspot.jre.full.win32.x86_64_17.0.4.v20221004-1257\jre\bin\msvcp140.dll
0x00007ffa9dce0000 - 0x00007ffa9e926000 	D:\spring core\sts-4.16.1.RELEASE\plugins\org.eclipse.justj.openjdk.hotspot.jre.full.win32.x86_64_17.0.4.v20221004-1257\jre\bin\server\jvm.dll
0x00007ffaf3160000 - 0x00007ffaf320e000 	C:\Windows\System32\ADVAPI32.dll
0x00007ffaf4050000 - 0x00007ffaf40ee000 	C:\Windows\System32\sechost.dll
0x00007ffaf26a0000 - 0x00007ffaf27c0000 	C:\Windows\System32\RPCRT4.dll
0x00007ffaf2340000 - 0x00007ffaf2348000 	C:\Windows\System32\PSAPI.DLL
0x00007ffaed470000 - 0x00007ffaed479000 	C:\Windows\SYSTEM32\WSOCK32.dll
0x00007ffaeb640000 - 0x00007ffaeb64a000 	C:\Windows\SYSTEM32\VERSION.dll
0x00007ffaeb390000 - 0x00007ffaeb3c3000 	C:\Windows\SYSTEM32\WINMM.dll
0x00007ffaf3a20000 - 0x00007ffaf3a8f000 	C:\Windows\System32\WS2_32.dll
0x00007ffaf09d0000 - 0x00007ffaf09e8000 	C:\Windows\SYSTEM32\kernel.appcore.dll
0x00007ffaed460000 - 0x00007ffaed46a000 	D:\spring core\sts-4.16.1.RELEASE\plugins\org.eclipse.justj.openjdk.hotspot.jre.full.win32.x86_64_17.0.4.v20221004-1257\jre\bin\jimage.dll
0x00007ffae16f0000 - 0x00007ffae1911000 	C:\Windows\SYSTEM32\DBGHELP.DLL
0x00007ffae01f0000 - 0x00007ffae0221000 	C:\Windows\SYSTEM32\dbgcore.DLL
0x00007ffaf1e30000 - 0x00007ffaf1eaf000 	C:\Windows\System32\bcryptPrimitives.dll
0x00007ffaddf60000 - 0x00007ffaddf85000 	D:\spring core\sts-4.16.1.RELEASE\plugins\org.eclipse.justj.openjdk.hotspot.jre.full.win32.x86_64_17.0.4.v20221004-1257\jre\bin\java.dll
0x00007ffaeba80000 - 0x00007ffaeba98000 	D:\spring core\sts-4.16.1.RELEASE\plugins\org.eclipse.justj.openjdk.hotspot.jre.full.win32.x86_64_17.0.4.v20221004-1257\jre\bin\zip.dll
0x00007ffaf29a0000 - 0x00007ffaf3158000 	C:\Windows\System32\SHELL32.dll
0x00007ffaefa40000 - 0x00007ffaf02a5000 	C:\Windows\SYSTEM32\windows.storage.dll
0x00007ffaf3a90000 - 0x00007ffaf3e08000 	C:\Windows\System32\combase.dll
0x00007ffaef8d0000 - 0x00007ffaefa36000 	C:\Windows\SYSTEM32\wintypes.dll
0x00007ffaf3420000 - 0x00007ffaf350a000 	C:\Windows\System32\SHCORE.dll
0x00007ffaf33c0000 - 0x00007ffaf341d000 	C:\Windows\System32\shlwapi.dll
0x00007ffaf18c0000 - 0x00007ffaf18e1000 	C:\Windows\SYSTEM32\profapi.dll
0x00007ffaddf40000 - 0x00007ffaddf59000 	D:\spring core\sts-4.16.1.RELEASE\plugins\org.eclipse.justj.openjdk.hotspot.jre.full.win32.x86_64_17.0.4.v20221004-1257\jre\bin\net.dll
0x00007ffaebee0000 - 0x00007ffaebff4000 	C:\Windows\SYSTEM32\WINHTTP.dll
0x00007ffaf0e70000 - 0x00007ffaf0ed7000 	C:\Windows\system32\mswsock.dll
0x00007ffaddf20000 - 0x00007ffaddf35000 	D:\spring core\sts-4.16.1.RELEASE\plugins\org.eclipse.justj.openjdk.hotspot.jre.full.win32.x86_64_17.0.4.v20221004-1257\jre\bin\nio.dll
0x00007ffae6bd0000 - 0x00007ffae6bd9000 	D:\spring core\sts-4.16.1.RELEASE\plugins\org.eclipse.justj.openjdk.hotspot.jre.full.win32.x86_64_17.0.4.v20221004-1257\jre\bin\management.dll
0x00007ffae6ab0000 - 0x00007ffae6abb000 	D:\spring core\sts-4.16.1.RELEASE\plugins\org.eclipse.justj.openjdk.hotspot.jre.full.win32.x86_64_17.0.4.v20221004-1257\jre\bin\management_ext.dll
0x00007ffadc4e0000 - 0x00007ffadc4f7000 	C:\Windows\system32\napinsp.dll
0x00007ffadb580000 - 0x00007ffadb59b000 	C:\Windows\system32\pnrpnsp.dll
0x00007ffaf0530000 - 0x00007ffaf0618000 	C:\Windows\SYSTEM32\DNSAPI.dll
0x00007ffaf0500000 - 0x00007ffaf052d000 	C:\Windows\SYSTEM32\IPHLPAPI.DLL
0x00007ffaf2970000 - 0x00007ffaf2979000 	C:\Windows\System32\NSI.dll
0x00007ffadb560000 - 0x00007ffadb572000 	C:\Windows\System32\winrnr.dll
0x00007ffaea4e0000 - 0x00007ffaea4f5000 	C:\Windows\system32\wshbth.dll
0x00007ffadb540000 - 0x00007ffadb55f000 	C:\Windows\system32\nlansp_c.dll
0x00007ffae2cb0000 - 0x00007ffae2cba000 	C:\Windows\System32\rasadhlp.dll
0x00007ffae9420000 - 0x00007ffae94a1000 	C:\Windows\System32\fwpuclnt.dll
0x00007ffaf10f0000 - 0x00007ffaf1108000 	C:\Windows\SYSTEM32\CRYPTSP.dll
0x00007ffaf0930000 - 0x00007ffaf0965000 	C:\Windows\system32\rsaenh.dll
0x00007ffaf0f80000 - 0x00007ffaf0fa9000 	C:\Windows\SYSTEM32\USERENV.dll
0x00007ffaf1280000 - 0x00007ffaf12a7000 	C:\Windows\SYSTEM32\bcrypt.dll
0x00007ffaf1110000 - 0x00007ffaf111c000 	C:\Windows\SYSTEM32\CRYPTBASE.dll
0x00007ffaec190000 - 0x00007ffaec1a9000 	C:\Windows\SYSTEM32\dhcpcsvc6.DLL
0x00007ffaec480000 - 0x00007ffaec49e000 	C:\Windows\SYSTEM32\dhcpcsvc.DLL
0x00007ffae7380000 - 0x00007ffae7390000 	D:\spring core\sts-4.16.1.RELEASE\plugins\org.eclipse.justj.openjdk.hotspot.jre.full.win32.x86_64_17.0.4.v20221004-1257\jre\bin\verify.dll
0x00007ffae7740000 - 0x00007ffae774e000 	D:\spring core\sts-4.16.1.RELEASE\plugins\org.eclipse.justj.openjdk.hotspot.jre.full.win32.x86_64_17.0.4.v20221004-1257\jre\bin\sunmscapi.dll
0x00007ffaf1990000 - 0x00007ffaf1af2000 	C:\Windows\System32\CRYPT32.dll
0x00007ffaf1250000 - 0x00007ffaf1278000 	C:\Windows\SYSTEM32\ncrypt.dll
0x00007ffaf1210000 - 0x00007ffaf1247000 	C:\Windows\SYSTEM32\NTASN1.dll

dbghelp: loaded successfully - version: 4.0.5 - missing functions: none
symbol engine: initialized successfully - sym options: 0x614 - pdb path: .;D:\spring core\sts-4.16.1.RELEASE\plugins\org.eclipse.justj.openjdk.hotspot.jre.full.win32.x86_64_17.0.4.v20221004-1257\jre\bin;C:\Windows\SYSTEM32;C:\Windows\WinSxS\amd64_microsoft.windows.common-controls_6595b64144ccf1df_6.0.22000.120_none_9d947278b86cc467;D:\spring core\sts-4.16.1.RELEASE\plugins\org.eclipse.justj.openjdk.hotspot.jre.full.win32.x86_64_17.0.4.v20221004-1257\jre\bin\server

VM Arguments:
jvm_args: -Dcom.sun.management.jmxremote -Dcom.sun.management.jmxremote.port=53604 -Dcom.sun.management.jmxremote.authenticate=false -Dcom.sun.management.jmxremote.ssl=false -Djava.rmi.server.hostname=localhost -Dspring.jmx.enabled=true -Dspring.application.admin.enabled=true -XX:TieredStopAtLevel=1 -Dspring.boot.project.name=admin-services -Dfile.encoding=UTF-8 -XX:+ShowCodeDetailsInExceptionMessages 
java_command: com.grpf.adminservices.AdminServicesApplication --spring.output.ansi.enabled=always
java_class_path (initial): C:\Users\USER\Downloads\admin-services\admin-services\admin-services\target\classes;C:\Users\USER\.m2\repository\org\springframework\boot\spring-boot-starter-data-jpa\2.7.5\spring-boot-starter-data-jpa-2.7.5.jar;C:\Users\USER\.m2\repository\org\springframework\boot\spring-boot-starter-aop\2.7.5\spring-boot-starter-aop-2.7.5.jar;C:\Users\USER\.m2\repository\org\aspectj\aspectjweaver\1.9.7\aspectjweaver-1.9.7.jar;C:\Users\USER\.m2\repository\org\springframework\boot\spring-boot-starter-jdbc\2.7.5\spring-boot-starter-jdbc-2.7.5.jar;C:\Users\USER\.m2\repository\com\zaxxer\HikariCP\4.0.3\HikariCP-4.0.3.jar;C:\Users\USER\.m2\repository\org\springframework\spring-jdbc\5.3.23\spring-jdbc-5.3.23.jar;C:\Users\USER\.m2\repository\jakarta\transaction\jakarta.transaction-api\1.3.3\jakarta.transaction-api-1.3.3.jar;C:\Users\USER\.m2\repository\jakarta\persistence\jakarta.persistence-api\2.2.3\jakarta.persistence-api-2.2.3.jar;C:\Users\USER\.m2\repository\org\hibernate\hibernate-core\5.6.12.Final\hibernate-core-5.6.12.Final.jar;C:\Users\USER\.m2\repository\org\jboss\logging\jboss-logging\3.4.3.Final\jboss-logging-3.4.3.Final.jar;C:\Users\USER\.m2\repository\net\bytebuddy\byte-buddy\1.12.18\byte-buddy-1.12.18.jar;C:\Users\USER\.m2\repository\antlr\antlr\2.7.7\antlr-2.7.7.jar;C:\Users\USER\.m2\repository\org\jboss\jandex\2.4.2.Final\jandex-2.4.2.Final.jar;C:\Users\USER\.m2\repository\org\hibernate\common\hibernate-commons-annotations\5.1.2.Final\hibernate-commons-annotations-5.1.2.Final.jar;C:\Users\USER\.m2\repository\org\glassfish\jaxb\jaxb-runtime\2.3.7\jaxb-runtime-2.3.7.jar;C:\Users\USER\.m2\repository\org\glassfish\jaxb\txw2\2.3.7\txw2-2.3.7.jar;C:\Users\USER\.m2\repository\com\sun\istack\istack-commons-runtime\3.0.12\istack-commons-runtime-3.0.12.jar;C:\Users\USER\.m2\repository\com\sun\activation\jakarta.activation\1.2.2\jakarta.activation-1.2.2.jar;C:\Users\USER\.m2\repository\org\springframework\data\spring-data-jpa\2.7.5\spring-data-jpa-2.7.5.
Launcher Type: SUN_STANDARD

[Global flags]
     intx CICompilerCount                          = 4                                         {product} {ergonomic}
     uint ConcGCThreads                            = 2                                         {product} {ergonomic}
     uint G1ConcRefinementThreads                  = 8                                         {product} {ergonomic}
   size_t G1HeapRegionSize                         = 1048576                                   {product} {ergonomic}
    uintx GCDrainStackTargetSize                   = 64                                        {product} {ergonomic}
   size_t InitialHeapSize                          = 65011712                                  {product} {ergonomic}
     bool ManagementServer                         = true                                      {product} {command line}
   size_t MarkStackSize                            = 4194304                                   {product} {ergonomic}
   size_t MaxHeapSize                              = 1040187392                                {product} {ergonomic}
   size_t MaxNewSize                               = 623902720                                 {product} {ergonomic}
   size_t MinHeapDeltaBytes                        = 1048576                                   {product} {ergonomic}
   size_t MinHeapSize                              = 8388608                                   {product} {ergonomic}
    uintx NonProfiledCodeHeapSize                  = 0                                      {pd product} {ergonomic}
     bool ProfileInterpreter                       = false                                  {pd product} {command line}
    uintx ProfiledCodeHeapSize                     = 0                                      {pd product} {ergonomic}
     bool ShowCodeDetailsInExceptionMessages       = true                                   {manageable} {command line}
   size_t SoftMaxHeapSize                          = 1040187392                             {manageable} {ergonomic}
     intx TieredStopAtLevel                        = 1                                         {product} {command line}
     bool UseCompressedClassPointers               = true                           {product lp64_product} {ergonomic}
     bool UseCompressedOops                        = true                           {product lp64_product} {ergonomic}
     bool UseG1GC                                  = true                                      {product} {ergonomic}
     bool UseLargePagesIndividualAllocation        = false                                  {pd product} {ergonomic}

Logging:
Log output configuration:
 #0: stdout all=warning uptime,level,tags
 #1: stderr all=off uptime,level,tags

Environment Variables:
JAVA_HOME=C:\Program Files\Java\jdk1.8.0_301
PATH=D:/spring core/sts-4.16.1.RELEASE//plugins/org.eclipse.justj.openjdk.hotspot.jre.full.win32.x86_64_17.0.4.v20221004-1257/jre/bin/server;D:/spring core/sts-4.16.1.RELEASE//plugins/org.eclipse.justj.openjdk.hotspot.jre.full.win32.x86_64_17.0.4.v20221004-1257/jre/bin;C:\Program Files (x86)\Common Files\Oracle\Java\javapath;C:\Python310\Scripts\;C:\Python310\;C:\Windows\system32;C:\Windows;C:\Windows\System32\Wbem;C:\Windows\System32\WindowsPowerShell\v1.0\;C:\Windows\System32\OpenSSH\;C:\Program Files\Git\cmd;D:\front-end\nodejs app\;C:\ProgramData\chocolatey\bin;C:\Program Files\Java\jdk1.8.0_301\bin;C:\Program Files\Java\jre1.8.0_301\bin;C:\Program Files\MongoDB\Server\6.0\bin;;C:\Program Files\Docker\Docker\resources\bin;C:\Program Files\MySQL\MySQL Shell 8.0\bin\;C:\Users\USER\AppData\Local\Microsoft\WindowsApps;;D:\D\Microsoft VS Code\bin;C:\Users\USER\AppData\Roaming\npm;D:\spring core\sts-4.16.1.RELEASE;
USERNAME=USER
OS=Windows_NT
PROCESSOR_IDENTIFIER=Intel64 Family 6 Model 142 Stepping 10, GenuineIntel
TMP=C:\Users\USER\AppData\Local\Temp
TEMP=C:\Users\USER\AppData\Local\Temp



---------------  S Y S T E M  ---------------

OS:
 Windows 11 , 64 bit Build 22000 (10.0.22000.1219)
OS uptime: 2 days 14:25 hours
Hyper-V role detected

CPU: total 8 (initial active 8) (4 cores per cpu, 2 threads per core) family 6 model 142 stepping 10 microcode 0xe0, cx8, cmov, fxsr, ht, mmx, 3dnowpref, sse, sse2, sse3, ssse3, sse4.1, sse4.2, popcnt, lzcnt, tsc, tscinvbit, avx, avx2, aes, erms, clmul, bmi1, bmi2, adx, fma, vzeroupper, clflush, clflushopt, hv

Memory: 4k page, system-wide physical 3962M (170M free)
TotalPageFile size 10106M (AvailPageFile size 24M)
current process WorkingSet (physical memory assigned to process): 239M, peak: 239M
current process commit charge ("private bytes"): 274M, peak: 305M

vm_info: OpenJDK 64-Bit Server VM (17.0.4.1+1) for windows-amd64 JRE (17.0.4.1+1), built on Aug 17 2022 07:42:43 by "temurin" with MS VC++ 16.7 (VS2019)

END.
