#
# There is insufficient memory for the Java Runtime Environment to continue.
# Native memory allocation (mmap) failed to map 65536 bytes for Failed to commit metaspace.
# Possible reasons:
#   The system is out of physical RAM or swap space
#   The process is running with CompressedOops enabled, and the Java Heap may be blocking the growth of the native heap
# Possible solutions:
#   Reduce memory load on the system
#   Increase physical memory or swap space
#   Check if swap backing store is full
#   Decrease Java heap size (-Xmx/-Xms)
#   Decrease number of Java threads
#   Decrease Java thread stack sizes (-Xss)
#   Set larger code cache with -XX:ReservedCodeCacheSize=
#   JVM is running with Unscaled Compressed Oops mode in which the Java heap is
#     placed in the first 4GB address space. The Java Heap base address is the
#     maximum limit for the native heap growth. Please use -XX:HeapBaseMinAddress
#     to set the Java Heap base and to place the Java Heap above 4GB virtual address.
# This output file may be truncated or incomplete.
#
#  Out of Memory Error (virtualSpaceNode.cpp:110), pid=4644, tid=4052
#
# JRE version: OpenJDK Runtime Environment Temurin-17.0.4.1+1 (17.0.4.1+1) (build 17.0.4.1+1)
# Java VM: OpenJDK 64-Bit Server VM Temurin-17.0.4.1+1 (17.0.4.1+1, mixed mode, emulated-client, tiered, compressed oops, compressed class ptrs, g1 gc, windows-amd64)
# No core dump will be written. Minidumps are not enabled by default on client versions of Windows
#

---------------  S U M M A R Y ------------

Command Line: -Dcom.sun.management.jmxremote -Dcom.sun.management.jmxremote.port=54988 -Dcom.sun.management.jmxremote.authenticate=false -Dcom.sun.management.jmxremote.ssl=false -Djava.rmi.server.hostname=localhost -Dspring.jmx.enabled=true -Dspring.application.admin.enabled=true -XX:TieredStopAtLevel=1 -Dspring.boot.project.name=favourite-service -Dfile.encoding=UTF-8 -XX:+ShowCodeDetailsInExceptionMessages com.cgi.favouriteservice.FavouriteServiceApplication --spring.output.ansi.enabled=always

Host: Intel(R) Core(TM) i5-8250U CPU @ 1.60GHz, 8 cores, 3G,  Windows 11 , 64 bit Build 22000 (10.0.22000.1219)
Time: Mon Dec  5 15:59:38 2022 India Standard Time elapsed time: 12.376914 seconds (0d 0h 0m 12s)

---------------  T H R E A D  ---------------

Current thread (0x000001cec928ba10):  JavaThread "restartedMain" [_thread_in_vm, id=4052, stack(0x000000b23d200000,0x000000b23d300000)]

Stack: [0x000000b23d200000,0x000000b23d300000]
Native frames: (J=compiled Java code, j=interpreted, Vv=VM code, C=native code)
V  [jvm.dll+0x67731a]
V  [jvm.dll+0x832284]
V  [jvm.dll+0x833a2e]
V  [jvm.dll+0x834093]
V  [jvm.dll+0x245775]
V  [jvm.dll+0x82e22b]
V  [jvm.dll+0x61bdf6]
V  [jvm.dll+0x1c07be]
V  [jvm.dll+0x61e741]
V  [jvm.dll+0x61c796]
V  [jvm.dll+0x36ba22]
V  [jvm.dll+0x1e227b]
V  [jvm.dll+0x53c939]
V  [jvm.dll+0x7ad138]
V  [jvm.dll+0x7ad224]
V  [jvm.dll+0x40ccd5]
V  [jvm.dll+0x412ec8]
C  [java.dll+0x17ec]

Java frames: (J=compiled Java code, j=interpreted, Vv=VM code)
J 1245  java.lang.ClassLoader.defineClass1(Ljava/lang/ClassLoader;Ljava/lang/String;[BIILjava/security/ProtectionDomain;Ljava/lang/String;)Ljava/lang/Class; java.base@17.0.4.1 (0 bytes) @ 0x000001cec0081adb [0x000001cec0081a20+0x00000000000000bb]
J 1437 c1 java.lang.ClassLoader.defineClass(Ljava/lang/String;[BIILjava/security/ProtectionDomain;)Ljava/lang/Class; java.base@17.0.4.1 (43 bytes) @ 0x000001cec00d3cdc [0x000001cec00d3be0+0x00000000000000fc]
J 1287 c1 jdk.internal.loader.BuiltinClassLoader.defineClass(Ljava/lang/String;Ljdk/internal/loader/Resource;)Ljava/lang/Class; java.base@17.0.4.1 (121 bytes) @ 0x000001cec0094644 [0x000001cec00941a0+0x00000000000004a4]
J 1253 c1 jdk.internal.loader.BuiltinClassLoader.findClassOnClassPathOrNull(Ljava/lang/String;)Ljava/lang/Class; java.base@17.0.4.1 (64 bytes) @ 0x000001cec008581c [0x000001cec0085580+0x000000000000029c]
J 973 c1 jdk.internal.loader.BuiltinClassLoader.loadClassOrNull(Ljava/lang/String;Z)Ljava/lang/Class; java.base@17.0.4.1 (143 bytes) @ 0x000001cec00121c4 [0x000001cec0011d80+0x0000000000000444]
J 1144 c1 jdk.internal.loader.ClassLoaders$AppClassLoader.loadClass(Ljava/lang/String;Z)Ljava/lang/Class; java.base@17.0.4.1 (40 bytes) @ 0x000001cec005e024 [0x000001cec005dee0+0x0000000000000144]
J 1141 c1 java.lang.ClassLoader.loadClass(Ljava/lang/String;)Ljava/lang/Class; java.base@17.0.4.1 (7 bytes) @ 0x000001cec005d464 [0x000001cec005d420+0x0000000000000044]
v  ~StubRoutines::call_stub
J 1245  java.lang.ClassLoader.defineClass1(Ljava/lang/ClassLoader;Ljava/lang/String;[BIILjava/security/ProtectionDomain;Ljava/lang/String;)Ljava/lang/Class; java.base@17.0.4.1 (0 bytes) @ 0x000001cec0081adb [0x000001cec0081a20+0x00000000000000bb]
J 1437 c1 java.lang.ClassLoader.defineClass(Ljava/lang/String;[BIILjava/security/ProtectionDomain;)Ljava/lang/Class; java.base@17.0.4.1 (43 bytes) @ 0x000001cec00d3cdc [0x000001cec00d3be0+0x00000000000000fc]
J 1287 c1 jdk.internal.loader.BuiltinClassLoader.defineClass(Ljava/lang/String;Ljdk/internal/loader/Resource;)Ljava/lang/Class; java.base@17.0.4.1 (121 bytes) @ 0x000001cec0094644 [0x000001cec00941a0+0x00000000000004a4]
J 1253 c1 jdk.internal.loader.BuiltinClassLoader.findClassOnClassPathOrNull(Ljava/lang/String;)Ljava/lang/Class; java.base@17.0.4.1 (64 bytes) @ 0x000001cec008581c [0x000001cec0085580+0x000000000000029c]
J 973 c1 jdk.internal.loader.BuiltinClassLoader.loadClassOrNull(Ljava/lang/String;Z)Ljava/lang/Class; java.base@17.0.4.1 (143 bytes) @ 0x000001cec00121c4 [0x000001cec0011d80+0x0000000000000444]
J 1144 c1 jdk.internal.loader.ClassLoaders$AppClassLoader.loadClass(Ljava/lang/String;Z)Ljava/lang/Class; java.base@17.0.4.1 (40 bytes) @ 0x000001cec005e024 [0x000001cec005dee0+0x0000000000000144]
J 1141 c1 java.lang.ClassLoader.loadClass(Ljava/lang/String;)Ljava/lang/Class; java.base@17.0.4.1 (7 bytes) @ 0x000001cec005d464 [0x000001cec005d420+0x0000000000000044]
v  ~StubRoutines::call_stub
j  net.bytebuddy.dynamic.scaffold.InstrumentedType$Default.getSuperClass()Lnet/bytebuddy/description/type/TypeDescription$Generic;+13
j  net.bytebuddy.dynamic.scaffold.subclass.ConstructorStrategy$Default$5.doExtractConstructors(Lnet/bytebuddy/description/type/TypeDescription;)Ljava/util/List;+1
j  net.bytebuddy.dynamic.scaffold.subclass.ConstructorStrategy$Default.extractConstructors(Lnet/bytebuddy/description/type/TypeDescription;)Ljava/util/List;+2
j  net.bytebuddy.dynamic.scaffold.subclass.SubclassDynamicTypeBuilder.applyConstructorStrategy(Lnet/bytebuddy/dynamic/scaffold/InstrumentedType;)Lnet/bytebuddy/dynamic/scaffold/InstrumentedType;+14
j  net.bytebuddy.dynamic.scaffold.subclass.SubclassDynamicTypeBuilder.toTypeWriter(Lnet/bytebuddy/pool/TypePool;)Lnet/bytebuddy/dynamic/scaffold/TypeWriter;+22
j  net.bytebuddy.dynamic.scaffold.subclass.SubclassDynamicTypeBuilder.toTypeWriter()Lnet/bytebuddy/dynamic/scaffold/TypeWriter;+4
j  net.bytebuddy.dynamic.DynamicType$Builder$AbstractBase$UsingTypeWriter.make(Lnet/bytebuddy/dynamic/TypeResolutionStrategy;)Lnet/bytebuddy/dynamic/DynamicType$Unloaded;+1
j  net.bytebuddy.dynamic.DynamicType$Builder$AbstractBase.make()Lnet/bytebuddy/dynamic/DynamicType$Unloaded;+4
j  net.bytebuddy.dynamic.DynamicType$Builder$AbstractBase$Delegator.make()Lnet/bytebuddy/dynamic/DynamicType$Unloaded;+4
j  org.hibernate.bytecode.internal.bytebuddy.ByteBuddyState.make(Lnet/bytebuddy/pool/TypePool;Lnet/bytebuddy/dynamic/DynamicType$Builder;)Lnet/bytebuddy/dynamic/DynamicType$Unloaded;+26
j  org.hibernate.bytecode.internal.bytebuddy.ByteBuddyState.make(Lnet/bytebuddy/dynamic/DynamicType$Builder;)Lnet/bytebuddy/dynamic/DynamicType$Unloaded;+3
j  org.hibernate.bytecode.internal.bytebuddy.ByteBuddyState.lambda$load$0(Ljava/util/function/Function;Ljava/lang/Class;)Ljava/lang/Class;+14
j  org.hibernate.bytecode.internal.bytebuddy.ByteBuddyState$$Lambda$900+0x0000000100771940.call()Ljava/lang/Object;+12
j  net.bytebuddy.TypeCache.findOrInsert(Ljava/lang/ClassLoader;Ljava/lang/Object;Ljava/util/concurrent/Callable;)Ljava/lang/Class;+20
j  net.bytebuddy.TypeCache.findOrInsert(Ljava/lang/ClassLoader;Ljava/lang/Object;Ljava/util/concurrent/Callable;Ljava/lang/Object;)Ljava/lang/Class;+26
j  org.hibernate.bytecode.internal.bytebuddy.ByteBuddyState.load(Ljava/lang/Class;Lnet/bytebuddy/TypeCache;Lnet/bytebuddy/TypeCache$SimpleKey;Ljava/util/function/Function;)Ljava/lang/Class;+16
j  org.hibernate.bytecode.internal.bytebuddy.ByteBuddyState.loadProxy(Ljava/lang/Class;Lnet/bytebuddy/TypeCache$SimpleKey;Ljava/util/function/Function;)Ljava/lang/Class;+8
j  org.hibernate.proxy.pojo.bytebuddy.ByteBuddyProxyHelper.buildProxy(Ljava/lang/Class;[Ljava/lang/Class;)Ljava/lang/Class;+62
j  org.hibernate.proxy.pojo.bytebuddy.ByteBuddyProxyFactory.postInstantiate(Ljava/lang/String;Ljava/lang/Class;Ljava/util/Set;Ljava/lang/reflect/Method;Ljava/lang/reflect/Method;Lorg/hibernate/type/CompositeType;)V+55
j  org.hibernate.tuple.entity.PojoEntityTuplizer.buildProxyFactory(Lorg/hibernate/mapping/PersistentClass;Lorg/hibernate/property/access/spi/Getter;Lorg/hibernate/property/access/spi/Setter;)Lorg/hibernate/proxy/ProxyFactory;+104
j  org.hibernate.tuple.entity.AbstractEntityTuplizer.<init>(Lorg/hibernate/tuple/entity/EntityMetamodel;Lorg/hibernate/mapping/PersistentClass;)V+198
j  org.hibernate.tuple.entity.PojoEntityTuplizer.<init>(Lorg/hibernate/tuple/entity/EntityMetamodel;Lorg/hibernate/mapping/PersistentClass;)V+3
v  ~StubRoutines::call_stub
J 1552  jdk.internal.reflect.NativeConstructorAccessorImpl.newInstance0(Ljava/lang/reflect/Constructor;[Ljava/lang/Object;)Ljava/lang/Object; java.base@17.0.4.1 (0 bytes) @ 0x000001cec0107706 [0x000001cec01076a0+0x0000000000000066]
J 1551 c1 jdk.internal.reflect.NativeConstructorAccessorImpl.newInstance([Ljava/lang/Object;)Ljava/lang/Object; java.base@17.0.4.1 (122 bytes) @ 0x000001cec0107e9c [0x000001cec0107c00+0x000000000000029c]
J 1429 c1 jdk.internal.reflect.DelegatingConstructorAccessorImpl.newInstance([Ljava/lang/Object;)Ljava/lang/Object; java.base@17.0.4.1 (9 bytes) @ 0x000001cec00d1f64 [0x000001cec00d1f20+0x0000000000000044]
J 1252 c1 java.lang.reflect.Constructor.newInstanceWithCaller([Ljava/lang/Object;ZLjava/lang/Class;)Ljava/lang/Object; java.base@17.0.4.1 (75 bytes) @ 0x000001cec0084d2c [0x000001cec0084c60+0x00000000000000cc]
J 1324 c1 java.lang.reflect.Constructor.newInstance([Ljava/lang/Object;)Ljava/lang/Object; java.base@17.0.4.1 (34 bytes) @ 0x000001cec00a01cc [0x000001cec00a0140+0x000000000000008c]
j  org.hibernate.tuple.entity.EntityTuplizerFactory.constructTuplizer(Ljava/lang/Class;Lorg/hibernate/tuple/entity/EntityMetamodel;Lorg/hibernate/mapping/PersistentClass;)Lorg/hibernate/tuple/entity/EntityTuplizer;+70
j  org.hibernate.tuple.entity.EntityTuplizerFactory.constructDefaultTuplizer(Lorg/hibernate/EntityMode;Lorg/hibernate/tuple/entity/EntityMetamodel;Lorg/hibernate/mapping/PersistentClass;)Lorg/hibernate/tuple/entity/EntityTuplizer;+57
j  org.hibernate.tuple.entity.EntityMetamodel.<init>(Lorg/hibernate/mapping/PersistentClass;Lorg/hibernate/persister/entity/EntityPersister;Lorg/hibernate/persister/spi/PersisterCreationContext;)V+1814
j  org.hibernate.persister.entity.AbstractEntityPersister.<init>(Lorg/hibernate/mapping/PersistentClass;Lorg/hibernate/cache/spi/access/EntityDataAccess;Lorg/hibernate/cache/spi/access/NaturalIdDataAccess;Lorg/hibernate/persister/spi/PersisterCreationContext;)V+176
j  org.hibernate.persister.entity.SingleTableEntityPersister.<init>(Lorg/hibernate/mapping/PersistentClass;Lorg/hibernate/cache/spi/access/EntityDataAccess;Lorg/hibernate/cache/spi/access/NaturalIdDataAccess;Lorg/hibernate/persister/spi/PersisterCreationContext;)V+6
v  ~StubRoutines::call_stub
J 1552  jdk.internal.reflect.NativeConstructorAccessorImpl.newInstance0(Ljava/lang/reflect/Constructor;[Ljava/lang/Object;)Ljava/lang/Object; java.base@17.0.4.1 (0 bytes) @ 0x000001cec0107706 [0x000001cec01076a0+0x0000000000000066]
J 1551 c1 jdk.internal.reflect.NativeConstructorAccessorImpl.newInstance([Ljava/lang/Object;)Ljava/lang/Object; java.base@17.0.4.1 (122 bytes) @ 0x000001cec0107e9c [0x000001cec0107c00+0x000000000000029c]
J 1429 c1 jdk.internal.reflect.DelegatingConstructorAccessorImpl.newInstance([Ljava/lang/Object;)Ljava/lang/Object; java.base@17.0.4.1 (9 bytes) @ 0x000001cec00d1f64 [0x000001cec00d1f20+0x0000000000000044]
J 1252 c1 java.lang.reflect.Constructor.newInstanceWithCaller([Ljava/lang/Object;ZLjava/lang/Class;)Ljava/lang/Object; java.base@17.0.4.1 (75 bytes) @ 0x000001cec0084d2c [0x000001cec0084c60+0x00000000000000cc]
J 1324 c1 java.lang.reflect.Constructor.newInstance([Ljava/lang/Object;)Ljava/lang/Object; java.base@17.0.4.1 (34 bytes) @ 0x000001cec00a01cc [0x000001cec00a0140+0x000000000000008c]
j  org.hibernate.persister.internal.PersisterFactoryImpl.createEntityPersister(Ljava/lang/Class;Lorg/hibernate/mapping/PersistentClass;Lorg/hibernate/cache/spi/access/EntityDataAccess;Lorg/hibernate/cache/spi/access/NaturalIdDataAccess;Lorg/hibernate/persister/spi/PersisterCreationContext;)Lorg/hibernate/persister/entity/EntityPersister;+33
j  org.hibernate.persister.internal.PersisterFactoryImpl.createEntityPersister(Lorg/hibernate/mapping/PersistentClass;Lorg/hibernate/cache/spi/access/EntityDataAccess;Lorg/hibernate/cache/spi/access/NaturalIdDataAccess;Lorg/hibernate/persister/spi/PersisterCreationContext;)Lorg/hibernate/persister/entity/EntityPersister;+41
j  org.hibernate.metamodel.internal.MetamodelImpl.initialize(Lorg/hibernate/boot/spi/MetadataImplementor;Lorg/hibernate/metamodel/internal/JpaMetaModelPopulationSetting;)V+148
j  org.hibernate.internal.SessionFactoryImpl.<init>(Lorg/hibernate/boot/spi/MetadataImplementor;Lorg/hibernate/boot/spi/SessionFactoryOptions;Lorg/hibernate/engine/query/spi/QueryPlanCache$QueryPlanCreator;)V+761
j  org.hibernate.boot.internal.SessionFactoryBuilderImpl.build()Lorg/hibernate/SessionFactory;+64
j  org.hibernate.jpa.boot.internal.EntityManagerFactoryBuilderImpl.build()Ljavax/persistence/EntityManagerFactory;+22
j  org.springframework.orm.jpa.vendor.SpringHibernateJpaPersistenceProvider.createContainerEntityManagerFactory(Ljavax/persistence/spi/PersistenceUnitInfo;Ljava/util/Map;)Ljavax/persistence/EntityManagerFactory;+55
j  org.springframework.orm.jpa.LocalContainerEntityManagerFactoryBean.createNativeEntityManagerFactory()Ljavax/persistence/EntityManagerFactory;+129
j  org.springframework.orm.jpa.AbstractEntityManagerFactoryBean.buildNativeEntityManagerFactory()Ljavax/persistence/EntityManagerFactory;+1
j  org.springframework.orm.jpa.AbstractEntityManagerFactoryBean.afterPropertiesSet()V+192
j  org.springframework.orm.jpa.LocalContainerEntityManagerFactoryBean.afterPropertiesSet()V+77
j  org.springframework.beans.factory.support.AbstractAutowireCapableBeanFactory.invokeInitMethods(Ljava/lang/String;Ljava/lang/Object;Lorg/springframework/beans/factory/support/RootBeanDefinition;)V+106
j  org.springframework.beans.factory.support.AbstractAutowireCapableBeanFactory.initializeBean(Ljava/lang/String;Ljava/lang/Object;Lorg/springframework/beans/factory/support/RootBeanDefinition;)Ljava/lang/Object;+59
j  org.springframework.beans.factory.support.AbstractAutowireCapableBeanFactory.doCreateBean(Ljava/lang/String;Lorg/springframework/beans/factory/support/RootBeanDefinition;[Ljava/lang/Object;)Ljava/lang/Object;+245
j  org.springframework.beans.factory.support.AbstractAutowireCapableBeanFactory.createBean(Ljava/lang/String;Lorg/springframework/beans/factory/support/RootBeanDefinition;[Ljava/lang/Object;)Ljava/lang/Object;+169
j  org.springframework.beans.factory.support.AbstractBeanFactory.lambda$doGetBean$0(Ljava/lang/String;Lorg/springframework/beans/factory/support/RootBeanDefinition;[Ljava/lang/Object;)Ljava/lang/Object;+4
j  org.springframework.beans.factory.support.AbstractBeanFactory$$Lambda$329+0x00000001002c5060.getObject()Ljava/lang/Object;+16
j  org.springframework.beans.factory.support.DefaultSingletonBeanRegistry.getSingleton(Ljava/lang/String;Lorg/springframework/beans/factory/ObjectFactory;)Ljava/lang/Object;+132
J 3257 c1 org.springframework.beans.factory.support.AbstractBeanFactory.doGetBean(Ljava/lang/String;Ljava/lang/Class;[Ljava/lang/Object;Z)Ljava/lang/Object; (832 bytes) @ 0x000001cec03baab4 [0x000001cec03ba500+0x00000000000005b4]
j  org.springframework.beans.factory.support.AbstractBeanFactory.getBean(Ljava/lang/String;)Ljava/lang/Object;+5
j  org.springframework.context.support.AbstractApplicationContext.getBean(Ljava/lang/String;)Ljava/lang/Object;+9
j  org.springframework.context.support.AbstractApplicationContext.finishBeanFactoryInitialization(Lorg/springframework/beans/factory/config/ConfigurableListableBeanFactory;)V+100
j  org.springframework.context.support.AbstractApplicationContext.refresh()V+86
j  org.springframework.boot.web.servlet.context.ServletWebServerApplicationContext.refresh()V+1
j  org.springframework.boot.SpringApplication.refresh(Lorg/springframework/context/ConfigurableApplicationContext;)V+1
j  org.springframework.boot.SpringApplication.refreshContext(Lorg/springframework/context/ConfigurableApplicationContext;)V+16
j  org.springframework.boot.SpringApplication.run([Ljava/lang/String;)Lorg/springframework/context/ConfigurableApplicationContext;+107
j  org.springframework.boot.SpringApplication.run([Ljava/lang/Class;[Ljava/lang/String;)Lorg/springframework/context/ConfigurableApplicationContext;+9
j  org.springframework.boot.SpringApplication.run(Ljava/lang/Class;[Ljava/lang/String;)Lorg/springframework/context/ConfigurableApplicationContext;+9
j  com.cgi.favouriteservice.FavouriteServiceApplication.main([Ljava/lang/String;)V+3
v  ~StubRoutines::call_stub
j  jdk.internal.reflect.NativeMethodAccessorImpl.invoke0(Ljava/lang/reflect/Method;Ljava/lang/Object;[Ljava/lang/Object;)Ljava/lang/Object;+0 java.base@17.0.4.1
j  jdk.internal.reflect.NativeMethodAccessorImpl.invoke(Ljava/lang/Object;[Ljava/lang/Object;)Ljava/lang/Object;+133 java.base@17.0.4.1
j  jdk.internal.reflect.DelegatingMethodAccessorImpl.invoke(Ljava/lang/Object;[Ljava/lang/Object;)Ljava/lang/Object;+6 java.base@17.0.4.1
j  java.lang.reflect.Method.invoke(Ljava/lang/Object;[Ljava/lang/Object;)Ljava/lang/Object;+59 java.base@17.0.4.1
j  org.springframework.boot.devtools.restart.RestartLauncher.run()V+42
v  ~StubRoutines::call_stub

---------------  P R O C E S S  ---------------

Threads class SMR info:
_java_thread_list=0x000001ceccd33690, length=27, elements={
0x000001cebc6629b0, 0x000001cec7d44590, 0x000001cec7d46150, 0x000001cec7db1a00,
0x000001cec7da7650, 0x000001cec7da8930, 0x000001cec7daa200, 0x000001cec7db5120,
0x000001cec7db5a20, 0x000001cec7dde180, 0x000001cec7cfca00, 0x000001cec89b1440,
0x000001cec90c4870, 0x000001cec909a960, 0x000001cec90a0210, 0x000001cec92176f0,
0x000001cec91ef460, 0x000001cec920eaf0, 0x000001ceca132030, 0x000001cec928b540,
0x000001cec928ba10, 0x000001cec928c3b0, 0x000001cec928bee0, 0x000001cec928c880,
0x000001cec928b070, 0x000001ceccf60a40, 0x000001ceccf5fbd0
}

Java Threads: ( => current thread )
  0x000001cebc6629b0 JavaThread "main" [_thread_blocked, id=10720, stack(0x000000b23ad00000,0x000000b23ae00000)]
  0x000001cec7d44590 JavaThread "Reference Handler" daemon [_thread_blocked, id=3672, stack(0x000000b23b400000,0x000000b23b500000)]
  0x000001cec7d46150 JavaThread "Finalizer" daemon [_thread_blocked, id=13892, stack(0x000000b23b500000,0x000000b23b600000)]
  0x000001cec7db1a00 JavaThread "Signal Dispatcher" daemon [_thread_blocked, id=8756, stack(0x000000b23b600000,0x000000b23b700000)]
  0x000001cec7da7650 JavaThread "Attach Listener" daemon [_thread_blocked, id=10336, stack(0x000000b23b700000,0x000000b23b800000)]
  0x000001cec7da8930 JavaThread "Service Thread" daemon [_thread_blocked, id=4444, stack(0x000000b23b800000,0x000000b23b900000)]
  0x000001cec7daa200 JavaThread "Monitor Deflation Thread" daemon [_thread_blocked, id=9480, stack(0x000000b23b900000,0x000000b23ba00000)]
  0x000001cec7db5120 JavaThread "C1 CompilerThread0" daemon [_thread_blocked, id=3532, stack(0x000000b23ba00000,0x000000b23bb00000)]
  0x000001cec7db5a20 JavaThread "Sweeper thread" daemon [_thread_blocked, id=11532, stack(0x000000b23bb00000,0x000000b23bc00000)]
  0x000001cec7dde180 JavaThread "Common-Cleaner" daemon [_thread_blocked, id=7716, stack(0x000000b23bc00000,0x000000b23bd00000)]
  0x000001cec7cfca00 JavaThread "C1 CompilerThread1" daemon [_thread_blocked, id=8036, stack(0x000000b23bd00000,0x000000b23be00000)]
  0x000001cec89b1440 JavaThread "Notification Thread" daemon [_thread_blocked, id=8804, stack(0x000000b23be00000,0x000000b23bf00000)]
  0x000001cec90c4870 JavaThread "RMI TCP Accept-0" daemon [_thread_in_native, id=9340, stack(0x000000b23bf00000,0x000000b23c000000)]
  0x000001cec909a960 JavaThread "RMI TCP Accept-54988" daemon [_thread_in_native, id=2072, stack(0x000000b23c000000,0x000000b23c100000)]
  0x000001cec90a0210 JavaThread "RMI TCP Accept-0" daemon [_thread_in_native, id=13896, stack(0x000000b23c100000,0x000000b23c200000)]
  0x000001cec92176f0 JavaThread "RMI TCP Connection(1)-127.0.0.1" daemon [_thread_in_native, id=6324, stack(0x000000b23c300000,0x000000b23c400000)]
  0x000001cec91ef460 JavaThread "RMI Scheduler(0)" daemon [_thread_blocked, id=3464, stack(0x000000b23c400000,0x000000b23c500000)]
  0x000001cec920eaf0 JavaThread "RMI TCP Connection(2)-127.0.0.1" daemon [_thread_in_native, id=9900, stack(0x000000b23c500000,0x000000b23c600000)]
  0x000001ceca132030 JavaThread "JMX server connection timeout 22" daemon [_thread_blocked, id=2692, stack(0x000000b23c600000,0x000000b23c700000)]
  0x000001cec928b540 JavaThread "Thread-0" [_thread_blocked, id=624, stack(0x000000b23d100000,0x000000b23d200000)]
=>0x000001cec928ba10 JavaThread "restartedMain" [_thread_in_vm, id=4052, stack(0x000000b23d200000,0x000000b23d300000)]
  0x000001cec928c3b0 JavaThread "Catalina-utility-1" [_thread_blocked, id=2016, stack(0x000000b23d300000,0x000000b23d400000)]
  0x000001cec928bee0 JavaThread "Catalina-utility-2" [_thread_blocked, id=11292, stack(0x000000b23d500000,0x000000b23d600000)]
  0x000001cec928c880 JavaThread "container-0" [_thread_blocked, id=13096, stack(0x000000b23d600000,0x000000b23d700000)]
  0x000001cec928b070 JavaThread "mysql-cj-abandoned-connection-cleanup" daemon [_thread_blocked, id=13664, stack(0x000000b23d700000,0x000000b23d800000)]
  0x000001ceccf60a40 JavaThread "HikariPool-1 housekeeper" daemon [_thread_blocked, id=8024, stack(0x000000b23d900000,0x000000b23da00000)]
  0x000001ceccf5fbd0 JavaThread "HikariPool-1 connection adder" daemon [_thread_blocked, id=9028, stack(0x000000b23da00000,0x000000b23db00000)]

Other Threads:
  0x000001cec7d41f50 VMThread "VM Thread" [stack: 0x000000b23b300000,0x000000b23b400000] [id=3508]
  0x000001cec909ae30 WatcherThread [stack: 0x000000b23c200000,0x000000b23c300000] [id=1788]
  0x000001cebc6a15c0 GCTaskThread "GC Thread#0" [stack: 0x000000b23ae00000,0x000000b23af00000] [id=8620]
  0x000001ceca19a920 GCTaskThread "GC Thread#1" [stack: 0x000000b23c700000,0x000000b23c800000] [id=11740]
  0x000001ceca1bb850 GCTaskThread "GC Thread#2" [stack: 0x000000b23c800000,0x000000b23c900000] [id=13100]
  0x000001ceca1bbb00 GCTaskThread "GC Thread#3" [stack: 0x000000b23c900000,0x000000b23ca00000] [id=11388]
  0x000001ceca172740 GCTaskThread "GC Thread#4" [stack: 0x000000b23ca00000,0x000000b23cb00000] [id=12296]
  0x000001ceca1729f0 GCTaskThread "GC Thread#5" [stack: 0x000000b23cb00000,0x000000b23cc00000] [id=3012]
  0x000001ceca1eb110 GCTaskThread "GC Thread#6" [stack: 0x000000b23cc00000,0x000000b23cd00000] [id=11488]
  0x000001ceca1eb3c0 GCTaskThread "GC Thread#7" [stack: 0x000000b23cd00000,0x000000b23ce00000] [id=13396]
  0x000001cebc6aa100 ConcurrentGCThread "G1 Main Marker" [stack: 0x000000b23af00000,0x000000b23b000000] [id=2512]
  0x000001cebc6aab10 ConcurrentGCThread "G1 Conc#0" [stack: 0x000000b23b000000,0x000000b23b100000] [id=4072]
  0x000001ceca3ac5c0 ConcurrentGCThread "G1 Conc#1" [stack: 0x000000b23d400000,0x000000b23d500000] [id=13388]
  0x000001cebc7085d0 ConcurrentGCThread "G1 Refine#0" [stack: 0x000000b23b100000,0x000000b23b200000] [id=9004]
  0x000001ceca19abd0 ConcurrentGCThread "G1 Refine#1" [stack: 0x000000b23ce00000,0x000000b23cf00000] [id=8352]
  0x000001ceca19aeb0 ConcurrentGCThread "G1 Refine#2" [stack: 0x000000b23cf00000,0x000000b23d000000] [id=12848]
  0x000001ceca15c7d0 ConcurrentGCThread "G1 Refine#3" [stack: 0x000000b23d000000,0x000000b23d100000] [id=2304]
  0x000001cebc709ea0 ConcurrentGCThread "G1 Service" [stack: 0x000000b23b200000,0x000000b23b300000] [id=7340]

Threads with active compile tasks:

VM state: not at safepoint (normal execution)

VM Mutex/Monitor currently owned by a thread:  ([mutex/lock_event])
[0x000001cebc64e260] Metaspace_lock - owner thread: 0x000001cec928ba10

Heap address: 0x00000000c2000000, size: 992 MB, Compressed Oops mode: 32-bit

CDS archive(s) not mapped
Compressed class space mapped at: 0x0000000100000000-0x0000000140000000, reserved size: 1073741824
Narrow klass base: 0x0000000000000000, Narrow klass shift: 3, Narrow klass range: 0x140000000

GC Precious Log:
 CPUs: 8 total, 8 available
 Memory: 3962M
 Large Page Support: Disabled
 NUMA Support: Disabled
 Compressed Oops: Enabled (32-bit)
 Heap Region Size: 1M
 Heap Min Capacity: 8M
 Heap Initial Capacity: 62M
 Heap Max Capacity: 992M
 Pre-touch: Disabled
 Parallel Workers: 8
 Concurrent Workers: 2
 Concurrent Refinement Workers: 8
 Periodic GC: Disabled

Heap:
 garbage-first heap   total 49152K, used 38237K [0x00000000c2000000, 0x0000000100000000)
  region size 1024K, 16 young (16384K), 1 survivors (1024K)
 Metaspace       used 56632K, committed 57024K, reserved 1105920K
  class space    used 7538K, committed 7680K, reserved 1048576K

Heap Regions: E=young(eden), S=young(survivor), O=old, HS=humongous(starts), HC=humongous(continues), CS=collection set, F=free, OA=open archive, CA=closed archive, TAMS=top-at-mark-start (previous, next)
|   0|0x00000000c2000000, 0x00000000c2100000, 0x00000000c2100000|100%|HS|  |TAMS 0x00000000c2100000, 0x00000000c2000000| Complete 
|   1|0x00000000c2100000, 0x00000000c2200000, 0x00000000c2200000|100%| O|  |TAMS 0x00000000c2200000, 0x00000000c2100000| Untracked 
|   2|0x00000000c2200000, 0x00000000c2300000, 0x00000000c2300000|100%| O|  |TAMS 0x00000000c2300000, 0x00000000c2200000| Untracked 
|   3|0x00000000c2300000, 0x00000000c2400000, 0x00000000c2400000|100%| O|  |TAMS 0x00000000c2400000, 0x00000000c2300000| Untracked 
|   4|0x00000000c2400000, 0x00000000c2500000, 0x00000000c2500000|100%| O|  |TAMS 0x00000000c2500000, 0x00000000c2400000| Untracked 
|   5|0x00000000c2500000, 0x00000000c2600000, 0x00000000c2600000|100%| O|  |TAMS 0x00000000c2600000, 0x00000000c2500000| Untracked 
|   6|0x00000000c2600000, 0x00000000c2700000, 0x00000000c2700000|100%| O|  |TAMS 0x00000000c2700000, 0x00000000c2600000| Untracked 
|   7|0x00000000c2700000, 0x00000000c2800000, 0x00000000c2800000|100%| O|  |TAMS 0x00000000c2800000, 0x00000000c2700000| Untracked 
|   8|0x00000000c2800000, 0x00000000c289a000, 0x00000000c2900000| 60%| O|  |TAMS 0x00000000c289a000, 0x00000000c2800000| Untracked 
|   9|0x00000000c2900000, 0x00000000c2a00000, 0x00000000c2a00000|100%| O|  |TAMS 0x00000000c2a00000, 0x00000000c2900000| Untracked 
|  10|0x00000000c2a00000, 0x00000000c2b00000, 0x00000000c2b00000|100%| O|  |TAMS 0x00000000c2b00000, 0x00000000c2a00000| Untracked 
|  11|0x00000000c2b00000, 0x00000000c2c00000, 0x00000000c2c00000|100%| O|  |TAMS 0x00000000c2c00000, 0x00000000c2b00000| Untracked 
|  12|0x00000000c2c00000, 0x00000000c2d00000, 0x00000000c2d00000|100%| O|  |TAMS 0x00000000c2d00000, 0x00000000c2c00000| Untracked 
|  13|0x00000000c2d00000, 0x00000000c2e00000, 0x00000000c2e00000|100%| O|  |TAMS 0x00000000c2d30000, 0x00000000c2d00000| Untracked 
|  14|0x00000000c2e00000, 0x00000000c2f00000, 0x00000000c2f00000|100%| O|  |TAMS 0x00000000c2e00000, 0x00000000c2e00000| Untracked 
|  15|0x00000000c2f00000, 0x00000000c3000000, 0x00000000c3000000|100%| O|  |TAMS 0x00000000c2f00000, 0x00000000c2f00000| Untracked 
|  16|0x00000000c3000000, 0x00000000c3100000, 0x00000000c3100000|100%| O|  |TAMS 0x00000000c3000000, 0x00000000c3000000| Untracked 
|  17|0x00000000c3100000, 0x00000000c3200000, 0x00000000c3200000|100%| O|  |TAMS 0x00000000c3100000, 0x00000000c3100000| Untracked 
|  18|0x00000000c3200000, 0x00000000c3300000, 0x00000000c3300000|100%| O|  |TAMS 0x00000000c3200000, 0x00000000c3200000| Untracked 
|  19|0x00000000c3300000, 0x00000000c3400000, 0x00000000c3400000|100%| O|  |TAMS 0x00000000c3300000, 0x00000000c3300000| Untracked 
|  20|0x00000000c3400000, 0x00000000c3500000, 0x00000000c3500000|100%| O|  |TAMS 0x00000000c3400000, 0x00000000c3400000| Untracked 
|  21|0x00000000c3500000, 0x00000000c3600000, 0x00000000c3600000|100%| O|  |TAMS 0x00000000c3500000, 0x00000000c3500000| Untracked 
|  22|0x00000000c3600000, 0x00000000c36c4200, 0x00000000c3700000| 76%| O|  |TAMS 0x00000000c3600000, 0x00000000c3600000| Untracked 
|  23|0x00000000c3700000, 0x00000000c3700000, 0x00000000c3800000|  0%| F|  |TAMS 0x00000000c3700000, 0x00000000c3700000| Untracked 
|  24|0x00000000c3800000, 0x00000000c3800000, 0x00000000c3900000|  0%| F|  |TAMS 0x00000000c3800000, 0x00000000c3800000| Untracked 
|  25|0x00000000c3900000, 0x00000000c3900000, 0x00000000c3a00000|  0%| F|  |TAMS 0x00000000c3900000, 0x00000000c3900000| Untracked 
|  26|0x00000000c3a00000, 0x00000000c3a00000, 0x00000000c3b00000|  0%| F|  |TAMS 0x00000000c3a00000, 0x00000000c3a00000| Untracked 
|  27|0x00000000c3b00000, 0x00000000c3b00000, 0x00000000c3c00000|  0%| F|  |TAMS 0x00000000c3b00000, 0x00000000c3b00000| Untracked 
|  28|0x00000000c3c00000, 0x00000000c3c00000, 0x00000000c3d00000|  0%| F|  |TAMS 0x00000000c3c00000, 0x00000000c3c00000| Untracked 
|  29|0x00000000c3d00000, 0x00000000c3d00000, 0x00000000c3e00000|  0%| F|  |TAMS 0x00000000c3d00000, 0x00000000c3d00000| Untracked 
|  30|0x00000000c3e00000, 0x00000000c3e00000, 0x00000000c3f00000|  0%| F|  |TAMS 0x00000000c3e00000, 0x00000000c3e00000| Untracked 
|  31|0x00000000c3f00000, 0x00000000c3f00000, 0x00000000c4000000|  0%| F|  |TAMS 0x00000000c3f00000, 0x00000000c3f00000| Untracked 
|  32|0x00000000c4000000, 0x00000000c40f9590, 0x00000000c4100000| 97%| S|CS|TAMS 0x00000000c4000000, 0x00000000c4000000| Complete 
|  33|0x00000000c4100000, 0x00000000c41effa0, 0x00000000c4200000| 93%| E|  |TAMS 0x00000000c4100000, 0x00000000c4100000| Complete 
|  34|0x00000000c4200000, 0x00000000c4300000, 0x00000000c4300000|100%| E|CS|TAMS 0x00000000c4200000, 0x00000000c4200000| Complete 
|  35|0x00000000c4300000, 0x00000000c4400000, 0x00000000c4400000|100%| E|CS|TAMS 0x00000000c4300000, 0x00000000c4300000| Complete 
|  36|0x00000000c4400000, 0x00000000c4500000, 0x00000000c4500000|100%| E|CS|TAMS 0x00000000c4400000, 0x00000000c4400000| Complete 
|  37|0x00000000c4500000, 0x00000000c4600000, 0x00000000c4600000|100%| E|CS|TAMS 0x00000000c4500000, 0x00000000c4500000| Complete 
|  38|0x00000000c4600000, 0x00000000c4700000, 0x00000000c4700000|100%| E|CS|TAMS 0x00000000c4600000, 0x00000000c4600000| Complete 
|  39|0x00000000c4700000, 0x00000000c4800000, 0x00000000c4800000|100%| E|CS|TAMS 0x00000000c4700000, 0x00000000c4700000| Complete 
|  40|0x00000000c4800000, 0x00000000c4900000, 0x00000000c4900000|100%| E|CS|TAMS 0x00000000c4800000, 0x00000000c4800000| Complete 
|  41|0x00000000c4900000, 0x00000000c4a00000, 0x00000000c4a00000|100%| E|CS|TAMS 0x00000000c4900000, 0x00000000c4900000| Complete 
|  42|0x00000000c4a00000, 0x00000000c4b00000, 0x00000000c4b00000|100%| E|CS|TAMS 0x00000000c4a00000, 0x00000000c4a00000| Complete 
|  43|0x00000000c4b00000, 0x00000000c4c00000, 0x00000000c4c00000|100%| E|CS|TAMS 0x00000000c4b00000, 0x00000000c4b00000| Complete 
|  44|0x00000000c4c00000, 0x00000000c4d00000, 0x00000000c4d00000|100%| E|CS|TAMS 0x00000000c4c00000, 0x00000000c4c00000| Complete 
|  51|0x00000000c5300000, 0x00000000c5400000, 0x00000000c5400000|100%| E|CS|TAMS 0x00000000c5300000, 0x00000000c5300000| Complete 
|  52|0x00000000c5400000, 0x00000000c5500000, 0x00000000c5500000|100%| E|CS|TAMS 0x00000000c5400000, 0x00000000c5400000| Complete 
|  61|0x00000000c5d00000, 0x00000000c5e00000, 0x00000000c5e00000|100%| E|CS|TAMS 0x00000000c5d00000, 0x00000000c5d00000| Complete 

Card table byte_map: [0x000001cec3020000,0x000001cec3210000] _byte_map_base: 0x000001cec2a10000

Marking Bits (Prev, Next): (CMBitMap*) 0x000001cebc6a1bd0, (CMBitMap*) 0x000001cebc6a1c10
 Prev Bits: [0x000001cec3400000, 0x000001cec4380000)
 Next Bits: [0x000001cec4380000, 0x000001cec5300000)

Polling page: 0x000001ceba670000

Metaspace:

Usage:
  Non-class:     47.94 MB used.
      Class:      7.36 MB used.
       Both:     55.31 MB used.

Virtual space:
  Non-class space:       56.00 MB reserved,      48.19 MB ( 86%) committed,  7 nodes.
      Class space:        1.00 GB reserved,       7.50 MB ( <1%) committed,  1 nodes.
             Both:        1.05 GB reserved,      55.69 MB (  5%) committed. 

Chunk freelists:
   Non-Class:  3.67 MB
       Class:  432.00 KB
        Both:  4.09 MB

MaxMetaspaceSize: unlimited
CompressedClassSpaceSize: 1.00 GB
Initial GC threshold: 21.00 MB
Current GC threshold: 59.06 MB
CDS: off
MetaspaceReclaimPolicy: balanced
 - commit_granule_bytes: 65536.
 - commit_granule_words: 8192.
 - virtual_space_node_default_size: 1048576.
 - enlarge_chunks_in_place: 1.
 - new_chunks_are_fully_committed: 0.
 - uncommit_free_chunks: 1.
 - use_allocation_guard: 0.
 - handle_deallocations: 1.


Internal statistics:

num_allocs_failed_limit: 6.
num_arena_births: 452.
num_arena_deaths: 0.
num_vsnodes_births: 8.
num_vsnodes_deaths: 0.
num_space_committed: 891.
num_space_uncommitted: 0.
num_chunks_returned_to_freelist: 6.
num_chunks_taken_from_freelist: 2089.
num_chunk_merges: 6.
num_chunk_splits: 1458.
num_chunks_enlarged: 1108.
num_purges: 0.
num_inconsistent_stats: 0.

CodeCache: size=49152Kb used=9083Kb max_used=9083Kb free=40068Kb
 bounds [0x000001cebfd20000, 0x000001cec0600000, 0x000001cec2d20000]
 total_blobs=5219 nmethods=4607 adapters=538
 compilation: enabled
              stopped_count=0, restarted_count=0
 full_count=0

Compilation events (20 events):
Event: 12.190 Thread 0x000001cec7db5120 nmethod 4597 0x000001cec05fac10 code [0x000001cec05fada0, 0x000001cec05fae98]
Event: 12.190 Thread 0x000001cec7cfca00 nmethod 4598 0x000001cec05faf10 code [0x000001cec05fb0a0, 0x000001cec05fb188]
Event: 12.190 Thread 0x000001cec7cfca00 4599       1       java.util.HashMap$KeySpliterator::forEachRemaining (186 bytes)
Event: 12.190 Thread 0x000001cec7cfca00 nmethod 4599 0x000001cec05fb210 code [0x000001cec05fb3e0, 0x000001cec05fb7a8]
Event: 12.190 Thread 0x000001cec7cfca00 4600       1       java.util.HashMap$HashMapSpliterator::estimateSize (11 bytes)
Event: 12.190 Thread 0x000001cec7db5120 4601       1       java.util.HashMap$HashMapSpliterator::getFence (53 bytes)
Event: 12.191 Thread 0x000001cec7cfca00 nmethod 4600 0x000001cec05fb990 code [0x000001cec05fbb20, 0x000001cec05fbc08]
Event: 12.191 Thread 0x000001cec7db5120 nmethod 4601 0x000001cec05fbc90 code [0x000001cec05fbe20, 0x000001cec05fbf18]
Event: 12.191 Thread 0x000001cec7db5120 4602       1       org.hibernate.validator.internal.metadata.aggregated.CascadingMetaDataBuilder::hasGroupConversionsOnAnnotatedObjectOrContainerElements (5 bytes)
Event: 12.191 Thread 0x000001cec7db5120 nmethod 4602 0x000001cec05fc010 code [0x000001cec05fc1a0, 0x000001cec05fc278]
Event: 12.191 Thread 0x000001cec7db5120 4603       1       org.hibernate.validator.internal.properties.javabean.JavaBeanExecutable::getDeclaringClass (8 bytes)
Event: 12.191 Thread 0x000001cec7db5120 nmethod 4603 0x000001cec05fc310 code [0x000001cec05fc4a0, 0x000001cec05fc588]
Event: 12.192 Thread 0x000001cec7db5120 4604       1       java.util.HashMap$HashMapSpliterator::<init> (32 bytes)
Event: 12.192 Thread 0x000001cec7db5120 nmethod 4604 0x000001cec05fc610 code [0x000001cec05fc7a0, 0x000001cec05fc8b8]
Event: 12.192 Thread 0x000001cec7db5120 4605       1       org.hibernate.validator.internal.metadata.aggregated.CascadingMetaDataBuilder::isMarkedForCascadingOnAnnotatedObjectOrContainerElements (20 bytes)
Event: 12.192 Thread 0x000001cec7db5120 nmethod 4605 0x000001cec05fc910 code [0x000001cec05fcaa0, 0x000001cec05fcb98]
Event: 12.232 Thread 0x000001cec7db5120 4606       1       org.hibernate.service.spi.ServiceBinding::getService (5 bytes)
Event: 12.232 Thread 0x000001cec7db5120 nmethod 4606 0x000001cec05fcc10 code [0x000001cec05fcda0, 0x000001cec05fce78]
Event: 12.284 Thread 0x000001cec7db5120 4607       1       java.util.regex.Pattern::unread (11 bytes)
Event: 12.284 Thread 0x000001cec7db5120 nmethod 4607 0x000001cec05fde10 code [0x000001cec05fdfa0, 0x000001cec05fe078]

GC Heap History (20 events):
Event: 5.639 GC heap before
{Heap before GC invocations=5 (full 0):
 garbage-first heap   total 40960K, used 27071K [0x00000000c2000000, 0x0000000100000000)
  region size 1024K, 19 young (19456K), 3 survivors (3072K)
 Metaspace       used 27042K, committed 27392K, reserved 1073152K
  class space    used 3294K, committed 3456K, reserved 1048576K
}
Event: 5.645 GC heap after
{Heap after GC invocations=6 (full 0):
 garbage-first heap   total 40960K, used 12348K [0x00000000c2000000, 0x0000000100000000)
  region size 1024K, 3 young (3072K), 3 survivors (3072K)
 Metaspace       used 27042K, committed 27392K, reserved 1073152K
  class space    used 3294K, committed 3456K, reserved 1048576K
}
Event: 5.907 GC heap before
{Heap before GC invocations=6 (full 0):
 garbage-first heap   total 40960K, used 27708K [0x00000000c2000000, 0x0000000100000000)
  region size 1024K, 19 young (19456K), 3 survivors (3072K)
 Metaspace       used 29397K, committed 29696K, reserved 1081344K
  class space    used 3620K, committed 3776K, reserved 1048576K
}
Event: 5.912 GC heap after
{Heap after GC invocations=7 (full 0):
 garbage-first heap   total 40960K, used 13398K [0x00000000c2000000, 0x0000000100000000)
  region size 1024K, 2 young (2048K), 2 survivors (2048K)
 Metaspace       used 29397K, committed 29696K, reserved 1081344K
  class space    used 3620K, committed 3776K, reserved 1048576K
}
Event: 6.470 GC heap before
{Heap before GC invocations=7 (full 0):
 garbage-first heap   total 40960K, used 29782K [0x00000000c2000000, 0x0000000100000000)
  region size 1024K, 18 young (18432K), 2 survivors (2048K)
 Metaspace       used 30597K, committed 30912K, reserved 1081344K
  class space    used 3809K, committed 3968K, reserved 1048576K
}
Event: 6.474 GC heap after
{Heap after GC invocations=8 (full 0):
 garbage-first heap   total 49152K, used 14489K [0x00000000c2000000, 0x0000000100000000)
  region size 1024K, 3 young (3072K), 3 survivors (3072K)
 Metaspace       used 30597K, committed 30912K, reserved 1081344K
  class space    used 3809K, committed 3968K, reserved 1048576K
}
Event: 7.509 GC heap before
{Heap before GC invocations=8 (full 0):
 garbage-first heap   total 49152K, used 35993K [0x00000000c2000000, 0x0000000100000000)
  region size 1024K, 24 young (24576K), 3 survivors (3072K)
 Metaspace       used 32938K, committed 33280K, reserved 1081344K
  class space    used 4177K, committed 4352K, reserved 1048576K
}
Event: 7.516 GC heap after
{Heap after GC invocations=9 (full 0):
 garbage-first heap   total 49152K, used 15594K [0x00000000c2000000, 0x0000000100000000)
  region size 1024K, 3 young (3072K), 3 survivors (3072K)
 Metaspace       used 32938K, committed 33280K, reserved 1081344K
  class space    used 4177K, committed 4352K, reserved 1048576K
}
Event: 8.326 GC heap before
{Heap before GC invocations=9 (full 0):
 garbage-first heap   total 49152K, used 33002K [0x00000000c2000000, 0x0000000100000000)
  region size 1024K, 22 young (22528K), 3 survivors (3072K)
 Metaspace       used 35858K, committed 36096K, reserved 1081344K
  class space    used 4623K, committed 4736K, reserved 1048576K
}
Event: 8.334 GC heap after
{Heap after GC invocations=10 (full 0):
 garbage-first heap   total 49152K, used 17238K [0x00000000c2000000, 0x0000000100000000)
  region size 1024K, 3 young (3072K), 3 survivors (3072K)
 Metaspace       used 35858K, committed 36096K, reserved 1081344K
  class space    used 4623K, committed 4736K, reserved 1048576K
}
Event: 9.189 GC heap before
{Heap before GC invocations=11 (full 0):
 garbage-first heap   total 49152K, used 36694K [0x00000000c2000000, 0x0000000100000000)
  region size 1024K, 22 young (22528K), 3 survivors (3072K)
 Metaspace       used 38571K, committed 38912K, reserved 1089536K
  class space    used 4981K, committed 5120K, reserved 1048576K
}
Event: 9.198 GC heap after
{Heap after GC invocations=12 (full 0):
 garbage-first heap   total 49152K, used 19553K [0x00000000c2000000, 0x0000000100000000)
  region size 1024K, 3 young (3072K), 3 survivors (3072K)
 Metaspace       used 38571K, committed 38912K, reserved 1089536K
  class space    used 4981K, committed 5120K, reserved 1048576K
}
Event: 9.633 GC heap before
{Heap before GC invocations=12 (full 0):
 garbage-first heap   total 49152K, used 36961K [0x00000000c2000000, 0x0000000100000000)
  region size 1024K, 20 young (20480K), 3 survivors (3072K)
 Metaspace       used 40760K, committed 41152K, reserved 1089536K
  class space    used 5268K, committed 5440K, reserved 1048576K
}
Event: 9.637 GC heap after
{Heap after GC invocations=13 (full 0):
 garbage-first heap   total 49152K, used 20467K [0x00000000c2000000, 0x0000000100000000)
  region size 1024K, 1 young (1024K), 1 survivors (1024K)
 Metaspace       used 40760K, committed 41152K, reserved 1089536K
  class space    used 5268K, committed 5440K, reserved 1048576K
}
Event: 10.493 GC heap before
{Heap before GC invocations=13 (full 0):
 garbage-first heap   total 49152K, used 37875K [0x00000000c2000000, 0x0000000100000000)
  region size 1024K, 18 young (18432K), 1 survivors (1024K)
 Metaspace       used 44645K, committed 45056K, reserved 1089536K
  class space    used 5979K, committed 6144K, reserved 1048576K
}
Event: 10.496 GC heap after
{Heap after GC invocations=14 (full 0):
 garbage-first heap   total 49152K, used 20978K [0x00000000c2000000, 0x0000000100000000)
  region size 1024K, 2 young (2048K), 2 survivors (2048K)
 Metaspace       used 44645K, committed 45056K, reserved 1089536K
  class space    used 5979K, committed 6144K, reserved 1048576K
}
Event: 11.460 GC heap before
{Heap before GC invocations=14 (full 0):
 garbage-first heap   total 49152K, used 37362K [0x00000000c2000000, 0x0000000100000000)
  region size 1024K, 19 young (19456K), 2 survivors (2048K)
 Metaspace       used 51778K, committed 52160K, reserved 1097728K
  class space    used 6843K, committed 7040K, reserved 1048576K
}
Event: 11.465 GC heap after
{Heap after GC invocations=15 (full 0):
 garbage-first heap   total 49152K, used 22974K [0x00000000c2000000, 0x0000000100000000)
  region size 1024K, 3 young (3072K), 3 survivors (3072K)
 Metaspace       used 51778K, committed 52160K, reserved 1097728K
  class space    used 6843K, committed 7040K, reserved 1048576K
}
Event: 11.920 GC heap before
{Heap before GC invocations=15 (full 0):
 garbage-first heap   total 49152K, used 38334K [0x00000000c2000000, 0x0000000100000000)
  region size 1024K, 18 young (18432K), 3 survivors (3072K)
 Metaspace       used 53268K, committed 53632K, reserved 1097728K
  class space    used 7066K, committed 7232K, reserved 1048576K
}
Event: 11.926 GC heap after
{Heap after GC invocations=16 (full 0):
 garbage-first heap   total 49152K, used 23901K [0x00000000c2000000, 0x0000000100000000)
  region size 1024K, 1 young (1024K), 1 survivors (1024K)
 Metaspace       used 53268K, committed 53632K, reserved 1097728K
  class space    used 7066K, committed 7232K, reserved 1048576K
}

Deoptimization events (6 events):
Event: 4.792 Thread 0x000001cec928ba10 DEOPT PACKING pc=0x000001cec01c8419 sp=0x000000b23d2fcba0
Event: 4.792 Thread 0x000001cec928ba10 DEOPT UNPACKING pc=0x000001cebfd72b43 sp=0x000000b23d2fc080 mode 3
Event: 7.197 Thread 0x000001cec928ba10 DEOPT PACKING pc=0x000001cec01f1b14 sp=0x000000b23d2fd090
Event: 7.197 Thread 0x000001cec928ba10 DEOPT UNPACKING pc=0x000001cebfd72b43 sp=0x000000b23d2fc5e8 mode 0
Event: 8.828 Thread 0x000001cec928ba10 DEOPT PACKING pc=0x000001cec04a29fd sp=0x000000b23d2fccf0
Event: 8.828 Thread 0x000001cec928ba10 DEOPT UNPACKING pc=0x000001cebfd72b43 sp=0x000000b23d2fc258 mode 3

Classes unloaded (0 events):
No events

Classes redefined (0 events):
No events

Internal exceptions (20 events):
Event: 8.346 Thread 0x000001cec928ba10 Exception <a 'java/lang/NoSuchMethodError'{0x00000000c5d3ce28}: 'void java.lang.invoke.DelegatingMethodHandle$Holder.delegate(java.lang.Object, java.lang.Object, int, java.lang.Object)'> (0x00000000c5d3ce28) 
thrown [s\src\hotspot\share\interpreter\linkResolver.cpp, line 759]
Event: 8.431 Thread 0x000001cec928ba10 Exception <a 'java/lang/NoSuchMethodError'{0x00000000c54ed398}: 'void java.lang.invoke.DirectMethodHandle$Holder.invokeInterface(java.lang.Object, java.lang.Object, int)'> (0x00000000c54ed398) 
thrown [s\src\hotspot\share\interpreter\linkResolver.cpp, line 759]
Event: 8.440 Thread 0x000001cec928ba10 Exception <a 'java/lang/IncompatibleClassChangeError'{0x00000000c533cf58}: Found class java.lang.Object, but interface was expected> (0x00000000c533cf58) 
thrown [s\src\hotspot\share\interpreter\linkResolver.cpp, line 826]
Event: 8.441 Thread 0x000001cec928ba10 Exception <a 'java/lang/NoSuchMethodError'{0x00000000c53420e0}: 'void java.lang.invoke.DirectMethodHandle$Holder.invokeStatic(java.lang.Object, int, java.lang.Object)'> (0x00000000c53420e0) 
thrown [s\src\hotspot\share\interpreter\linkResolver.cpp, line 759]
Event: 8.447 Thread 0x000001cec928ba10 Exception <a 'java/lang/NoSuchMethodError'{0x00000000c53717b8}: 'int java.lang.invoke.DirectMethodHandle$Holder.invokeSpecial(java.lang.Object, java.lang.Object, int)'> (0x00000000c53717b8) 
thrown [s\src\hotspot\share\interpreter\linkResolver.cpp, line 759]
Event: 8.792 Thread 0x000001cec920eaf0 Exception <a 'java/lang/reflect/InvocationTargetException'{0x00000000c47fe130}> (0x00000000c47fe130) 
thrown [s\src\hotspot\share\runtime\reflection.cpp, line 1121]
Event: 9.055 Thread 0x000001cec928ba10 Exception <a 'sun/nio/fs/WindowsException'{0x00000000c3f339c0}> (0x00000000c3f339c0) 
thrown [s\src\hotspot\share\prims\jni.cpp, line 516]
Event: 9.057 Thread 0x000001cec928ba10 Exception <a 'sun/nio/fs/WindowsException'{0x00000000c3f39588}> (0x00000000c3f39588) 
thrown [s\src\hotspot\share\prims\jni.cpp, line 516]
Event: 9.057 Thread 0x000001cec928ba10 Exception <a 'sun/nio/fs/WindowsException'{0x00000000c3f39c60}> (0x00000000c3f39c60) 
thrown [s\src\hotspot\share\prims\jni.cpp, line 516]
Event: 9.252 Thread 0x000001cec928ba10 Exception <a 'java/io/FileNotFoundException'{0x00000000c4c5fdd0}> (0x00000000c4c5fdd0) 
thrown [s\src\hotspot\share\prims\jni.cpp, line 516]
Event: 9.281 Thread 0x000001cec928ba10 Exception <a 'java/lang/NoSuchMethodError'{0x00000000c4a16ce0}: 'int java.lang.invoke.DirectMethodHandle$Holder.invokeInterface(java.lang.Object, java.lang.Object, java.lang.Object, java.lang.Object)'> (0x00000000c4a16ce0) 
thrown [s\src\hotspot\share\interpreter\linkResolver.cpp, line 759]
Event: 9.297 Thread 0x000001cec920eaf0 Exception <a 'java/lang/reflect/InvocationTargetException'{0x00000000c4aeb878}> (0x00000000c4aeb878) 
thrown [s\src\hotspot\share\runtime\reflection.cpp, line 1121]
Event: 9.346 Thread 0x000001cec928ba10 Exception <a 'java/lang/NoSuchMethodError'{0x00000000c48212b0}: 'long java.lang.invoke.DirectMethodHandle$Holder.invokeVirtual(java.lang.Object, java.lang.Object)'> (0x00000000c48212b0) 
thrown [s\src\hotspot\share\interpreter\linkResolver.cpp, line 759]
Event: 9.358 Thread 0x000001cec928ba10 Exception <a 'java/io/FileNotFoundException'{0x00000000c484db60}> (0x00000000c484db60) 
thrown [s\src\hotspot\share\prims\jni.cpp, line 516]
Event: 9.800 Thread 0x000001cec920eaf0 Exception <a 'java/lang/reflect/InvocationTargetException'{0x00000000c4cf3370}> (0x00000000c4cf3370) 
thrown [s\src\hotspot\share\runtime\reflection.cpp, line 1121]
Event: 10.323 Thread 0x000001cec920eaf0 Exception <a 'java/lang/reflect/InvocationTargetException'{0x00000000c4156788}> (0x00000000c4156788) 
thrown [s\src\hotspot\share\runtime\reflection.cpp, line 1121]
Event: 10.925 Thread 0x000001cec928ba10 Exception <a 'sun/nio/fs/WindowsException'{0x00000000c477b430}> (0x00000000c477b430) 
thrown [s\src\hotspot\share\prims\jni.cpp, line 516]
Event: 10.936 Thread 0x000001cec928ba10 Exception <a 'java/lang/NoSuchMethodError'{0x00000000c479bce0}: 'int java.lang.invoke.DirectMethodHandle$Holder.invokeStaticInit(java.lang.Object, java.lang.Object, java.lang.Object, java.lang.Object)'> (0x00000000c479bce0) 
thrown [s\src\hotspot\share\interpreter\linkResolver.cpp, line 759]
Event: 11.445 Thread 0x000001cec928ba10 Exception <a 'java/lang/NoSuchMethodError'{0x00000000c4088ac8}: 'java.lang.Object java.lang.invoke.DirectMethodHandle$Holder.invokeStaticInit(java.lang.Object, java.lang.Object, java.lang.Object, java.lang.Object)'> (0x00000000c4088ac8) 
thrown [s\src\hotspot\share\interpreter\linkResolver.cpp, line 759]
Event: 12.003 Thread 0x000001cec928ba10 Exception <a 'java/lang/NoSuchMethodError'{0x00000000c4c62610}: 'java.lang.Object java.lang.invoke.DirectMethodHandle$Holder.newInvokeSpecial(java.lang.Object, java.lang.Object, int, java.lang.Object, java.lang.Object)'> (0x00000000c4c62610) 
thrown [s\src\hotspot\share\interpreter\linkResolver.cpp, line 759]

VM Operations (20 events):
Event: 9.365 Executing VM operation: HandshakeAllThreads
Event: 9.365 Executing VM operation: HandshakeAllThreads done
Event: 9.365 Executing VM operation: HandshakeAllThreads
Event: 9.365 Executing VM operation: HandshakeAllThreads done
Event: 9.414 Executing VM operation: HandshakeAllThreads
Event: 9.414 Executing VM operation: HandshakeAllThreads done
Event: 9.633 Executing VM operation: G1CollectForAllocation
Event: 9.637 Executing VM operation: G1CollectForAllocation done
Event: 10.492 Executing VM operation: G1CollectForAllocation
Event: 10.498 Executing VM operation: G1CollectForAllocation done
Event: 10.931 Executing VM operation: HandshakeAllThreads
Event: 10.931 Executing VM operation: HandshakeAllThreads done
Event: 11.102 Executing VM operation: HandshakeAllThreads
Event: 11.102 Executing VM operation: HandshakeAllThreads done
Event: 11.459 Executing VM operation: G1CollectForAllocation
Event: 11.459 Executing VM operation: G1CollectForAllocation done
Event: 11.460 Executing VM operation: G1CollectForAllocation
Event: 11.465 Executing VM operation: G1CollectForAllocation done
Event: 11.920 Executing VM operation: G1CollectForAllocation
Event: 11.926 Executing VM operation: G1CollectForAllocation done

Events (20 events):
Event: 11.989 loading class javax/naming/RefAddr
Event: 11.990 loading class javax/naming/RefAddr done
Event: 11.990 loading class javax/naming/StringRefAddr
Event: 11.990 loading class javax/naming/StringRefAddr done
Event: 11.990 loading class java/io/InvalidObjectException
Event: 11.990 loading class java/io/InvalidObjectException done
Event: 12.039 loading class java/util/concurrent/CompletionStage
Event: 12.040 loading class java/util/concurrent/CompletionStage done
Event: 12.041 loading class java/util/concurrent/CompletableFuture
Event: 12.042 loading class java/util/concurrent/CompletableFuture done
Event: 12.042 loading class java/util/concurrent/CompletableFuture$AltResult
Event: 12.043 loading class java/util/concurrent/CompletableFuture$AltResult done
Event: 12.043 loading class java/util/concurrent/CompletableFuture$Completion
Event: 12.043 loading class java/util/concurrent/CompletableFuture$AsynchronousCompletionTask
Event: 12.043 loading class java/util/concurrent/CompletableFuture$AsynchronousCompletionTask done
Event: 12.043 loading class java/util/concurrent/ForkJoinTask
Event: 12.044 loading class java/util/concurrent/ForkJoinTask done
Event: 12.044 loading class java/util/concurrent/CompletableFuture$Completion done
Event: 12.286 loading class jdk/internal/reflect/UnsafeIntegerFieldAccessorImpl
Event: 12.286 loading class jdk/internal/reflect/UnsafeIntegerFieldAccessorImpl done


Dynamic libraries:
0x00007ff706f30000 - 0x00007ff706f3e000 	D:\spring core\sts-4.16.1.RELEASE\plugins\org.eclipse.justj.openjdk.hotspot.jre.full.win32.x86_64_17.0.4.v20221004-1257\jre\bin\javaw.exe
0x00007ffbb2680000 - 0x00007ffbb2889000 	C:\Windows\SYSTEM32\ntdll.dll
0x00007ffbb1900000 - 0x00007ffbb19be000 	C:\Windows\System32\KERNEL32.DLL
0x00007ffbafb50000 - 0x00007ffbafecb000 	C:\Windows\System32\KERNELBASE.dll
0x00007ffbb0210000 - 0x00007ffbb0321000 	C:\Windows\System32\ucrtbase.dll
0x00007ffb523a0000 - 0x00007ffb523b8000 	D:\spring core\sts-4.16.1.RELEASE\plugins\org.eclipse.justj.openjdk.hotspot.jre.full.win32.x86_64_17.0.4.v20221004-1257\jre\bin\jli.dll
0x00007ffb52250000 - 0x00007ffb52269000 	D:\spring core\sts-4.16.1.RELEASE\plugins\org.eclipse.justj.openjdk.hotspot.jre.full.win32.x86_64_17.0.4.v20221004-1257\jre\bin\VCRUNTIME140.dll
0x00007ffbb0720000 - 0x00007ffbb08cd000 	C:\Windows\System32\USER32.dll
0x00007ffbb04d0000 - 0x00007ffbb04f6000 	C:\Windows\System32\win32u.dll
0x00007ffbb1b80000 - 0x00007ffbb1ba9000 	C:\Windows\System32\GDI32.dll
0x00007ffbb0330000 - 0x00007ffbb0448000 	C:\Windows\System32\gdi32full.dll
0x00007ffbb0040000 - 0x00007ffbb00dd000 	C:\Windows\System32\msvcp_win.dll
0x00007ffb97490000 - 0x00007ffb97735000 	C:\Windows\WinSxS\amd64_microsoft.windows.common-controls_6595b64144ccf1df_6.0.22000.120_none_9d947278b86cc467\COMCTL32.dll
0x00007ffbb0500000 - 0x00007ffbb05a3000 	C:\Windows\System32\msvcrt.dll
0x00007ffbb2060000 - 0x00007ffbb2092000 	C:\Windows\System32\IMM32.DLL
0x00007ffb8e250000 - 0x00007ffb8e25c000 	D:\spring core\sts-4.16.1.RELEASE\plugins\org.eclipse.justj.openjdk.hotspot.jre.full.win32.x86_64_17.0.4.v20221004-1257\jre\bin\vcruntime140_1.dll
0x00007ffb46120000 - 0x00007ffb461b1000 	D:\spring core\sts-4.16.1.RELEASE\plugins\org.eclipse.justj.openjdk.hotspot.jre.full.win32.x86_64_17.0.4.v20221004-1257\jre\bin\msvcp140.dll
0x00007ffb32020000 - 0x00007ffb32c66000 	D:\spring core\sts-4.16.1.RELEASE\plugins\org.eclipse.justj.openjdk.hotspot.jre.full.win32.x86_64_17.0.4.v20221004-1257\jre\bin\server\jvm.dll
0x00007ffbb1a70000 - 0x00007ffbb1b1e000 	C:\Windows\System32\ADVAPI32.dll
0x00007ffbb19c0000 - 0x00007ffbb1a5e000 	C:\Windows\System32\sechost.dll
0x00007ffbb1500000 - 0x00007ffbb1620000 	C:\Windows\System32\RPCRT4.dll
0x00007ffbb18f0000 - 0x00007ffbb18f8000 	C:\Windows\System32\PSAPI.DLL
0x00007ffbacd60000 - 0x00007ffbacd69000 	C:\Windows\SYSTEM32\WSOCK32.dll
0x00007ffbb05b0000 - 0x00007ffbb061f000 	C:\Windows\System32\WS2_32.dll
0x00007ffba9a20000 - 0x00007ffba9a53000 	C:\Windows\SYSTEM32\WINMM.dll
0x00007ffba9a60000 - 0x00007ffba9a6a000 	C:\Windows\SYSTEM32\VERSION.dll
0x00007ffbaeb90000 - 0x00007ffbaeba8000 	C:\Windows\SYSTEM32\kernel.appcore.dll
0x00007ffbac1a0000 - 0x00007ffbac1aa000 	D:\spring core\sts-4.16.1.RELEASE\plugins\org.eclipse.justj.openjdk.hotspot.jre.full.win32.x86_64_17.0.4.v20221004-1257\jre\bin\jimage.dll
0x00007ffb9f790000 - 0x00007ffb9f9b1000 	C:\Windows\SYSTEM32\DBGHELP.DLL
0x00007ffb9ecc0000 - 0x00007ffb9ecf1000 	C:\Windows\SYSTEM32\dbgcore.DLL
0x00007ffbb0450000 - 0x00007ffbb04cf000 	C:\Windows\System32\bcryptPrimitives.dll
0x00007ffbac0d0000 - 0x00007ffbac0f5000 	D:\spring core\sts-4.16.1.RELEASE\plugins\org.eclipse.justj.openjdk.hotspot.jre.full.win32.x86_64_17.0.4.v20221004-1257\jre\bin\java.dll
0x00007ffba9b90000 - 0x00007ffba9ba8000 	D:\spring core\sts-4.16.1.RELEASE\plugins\org.eclipse.justj.openjdk.hotspot.jre.full.win32.x86_64_17.0.4.v20221004-1257\jre\bin\zip.dll
0x00007ffbb08d0000 - 0x00007ffbb1088000 	C:\Windows\System32\SHELL32.dll
0x00007ffbadc00000 - 0x00007ffbae465000 	C:\Windows\SYSTEM32\windows.storage.dll
0x00007ffbb1090000 - 0x00007ffbb1408000 	C:\Windows\System32\combase.dll
0x00007ffbada90000 - 0x00007ffbadbf6000 	C:\Windows\SYSTEM32\wintypes.dll
0x00007ffbb1d70000 - 0x00007ffbb1e5a000 	C:\Windows\System32\SHCORE.dll
0x00007ffbb1b20000 - 0x00007ffbb1b7d000 	C:\Windows\System32\shlwapi.dll
0x00007ffbafa80000 - 0x00007ffbafaa1000 	C:\Windows\SYSTEM32\profapi.dll
0x00007ffb9d1e0000 - 0x00007ffb9d1f9000 	D:\spring core\sts-4.16.1.RELEASE\plugins\org.eclipse.justj.openjdk.hotspot.jre.full.win32.x86_64_17.0.4.v20221004-1257\jre\bin\net.dll
0x00007ffba9c60000 - 0x00007ffba9d74000 	C:\Windows\SYSTEM32\WINHTTP.dll
0x00007ffbaf030000 - 0x00007ffbaf097000 	C:\Windows\system32\mswsock.dll
0x00007ffb9b910000 - 0x00007ffb9b925000 	D:\spring core\sts-4.16.1.RELEASE\plugins\org.eclipse.justj.openjdk.hotspot.jre.full.win32.x86_64_17.0.4.v20221004-1257\jre\bin\nio.dll
0x00007ffb8e3f0000 - 0x00007ffb8e3f9000 	D:\spring core\sts-4.16.1.RELEASE\plugins\org.eclipse.justj.openjdk.hotspot.jre.full.win32.x86_64_17.0.4.v20221004-1257\jre\bin\management.dll
0x00007ffb8c6c0000 - 0x00007ffb8c6cb000 	D:\spring core\sts-4.16.1.RELEASE\plugins\org.eclipse.justj.openjdk.hotspot.jre.full.win32.x86_64_17.0.4.v20221004-1257\jre\bin\management_ext.dll
0x00007ffb94800000 - 0x00007ffb94817000 	C:\Windows\system32\napinsp.dll
0x00007ffb947e0000 - 0x00007ffb947fb000 	C:\Windows\system32\pnrpnsp.dll
0x00007ffbae6e0000 - 0x00007ffbae7c8000 	C:\Windows\SYSTEM32\DNSAPI.dll
0x00007ffbae6b0000 - 0x00007ffbae6dd000 	C:\Windows\SYSTEM32\IPHLPAPI.DLL
0x00007ffbb17a0000 - 0x00007ffbb17a9000 	C:\Windows\System32\NSI.dll
0x00007ffb94780000 - 0x00007ffb94792000 	C:\Windows\System32\winrnr.dll
0x00007ffba8500000 - 0x00007ffba8515000 	C:\Windows\system32\wshbth.dll
0x00007ffb94720000 - 0x00007ffb9473f000 	C:\Windows\system32\nlansp_c.dll
0x00007ffba43c0000 - 0x00007ffba43ca000 	C:\Windows\System32\rasadhlp.dll
0x00007ffba7b20000 - 0x00007ffba7ba1000 	C:\Windows\System32\fwpuclnt.dll
0x00007ffbaf240000 - 0x00007ffbaf258000 	C:\Windows\SYSTEM32\CRYPTSP.dll
0x00007ffbaeaf0000 - 0x00007ffbaeb25000 	C:\Windows\system32\rsaenh.dll
0x00007ffbaf0f0000 - 0x00007ffbaf119000 	C:\Windows\SYSTEM32\USERENV.dll
0x00007ffbaf440000 - 0x00007ffbaf467000 	C:\Windows\SYSTEM32\bcrypt.dll
0x00007ffbaf260000 - 0x00007ffbaf26c000 	C:\Windows\SYSTEM32\CRYPTBASE.dll
0x00007ffba99e0000 - 0x00007ffba99f9000 	C:\Windows\SYSTEM32\dhcpcsvc6.DLL
0x00007ffbaa0d0000 - 0x00007ffbaa0ee000 	C:\Windows\SYSTEM32\dhcpcsvc.DLL
0x00007ffbac0a0000 - 0x00007ffbac0b0000 	D:\spring core\sts-4.16.1.RELEASE\plugins\org.eclipse.justj.openjdk.hotspot.jre.full.win32.x86_64_17.0.4.v20221004-1257\jre\bin\verify.dll
0x00007ffbaa7a0000 - 0x00007ffbaa7ae000 	D:\spring core\sts-4.16.1.RELEASE\plugins\org.eclipse.justj.openjdk.hotspot.jre.full.win32.x86_64_17.0.4.v20221004-1257\jre\bin\sunmscapi.dll
0x00007ffbafed0000 - 0x00007ffbb0032000 	C:\Windows\System32\CRYPT32.dll
0x00007ffbaf410000 - 0x00007ffbaf438000 	C:\Windows\SYSTEM32\ncrypt.dll
0x00007ffbaf3d0000 - 0x00007ffbaf407000 	C:\Windows\SYSTEM32\NTASN1.dll

dbghelp: loaded successfully - version: 4.0.5 - missing functions: none
symbol engine: initialized successfully - sym options: 0x614 - pdb path: .;D:\spring core\sts-4.16.1.RELEASE\plugins\org.eclipse.justj.openjdk.hotspot.jre.full.win32.x86_64_17.0.4.v20221004-1257\jre\bin;C:\Windows\SYSTEM32;C:\Windows\WinSxS\amd64_microsoft.windows.common-controls_6595b64144ccf1df_6.0.22000.120_none_9d947278b86cc467;D:\spring core\sts-4.16.1.RELEASE\plugins\org.eclipse.justj.openjdk.hotspot.jre.full.win32.x86_64_17.0.4.v20221004-1257\jre\bin\server

VM Arguments:
jvm_args: -Dcom.sun.management.jmxremote -Dcom.sun.management.jmxremote.port=54988 -Dcom.sun.management.jmxremote.authenticate=false -Dcom.sun.management.jmxremote.ssl=false -Djava.rmi.server.hostname=localhost -Dspring.jmx.enabled=true -Dspring.application.admin.enabled=true -XX:TieredStopAtLevel=1 -Dspring.boot.project.name=favourite-service -Dfile.encoding=UTF-8 -XX:+ShowCodeDetailsInExceptionMessages 
java_command: com.cgi.favouriteservice.FavouriteServiceApplication --spring.output.ansi.enabled=always
java_class_path (initial): C:\Users\USER\Downloads\newsapp\newsapp\favourite-service\target\classes;C:\Users\USER\.m2\repository\org\springframework\boot\spring-boot-starter-jersey\2.7.5\spring-boot-starter-jersey-2.7.5.jar;C:\Users\USER\.m2\repository\org\springframework\boot\spring-boot-starter-json\2.7.5\spring-boot-starter-json-2.7.5.jar;C:\Users\USER\.m2\repository\com\fasterxml\jackson\datatype\jackson-datatype-jdk8\2.13.4\jackson-datatype-jdk8-2.13.4.jar;C:\Users\USER\.m2\repository\com\fasterxml\jackson\datatype\jackson-datatype-jsr310\2.13.4\jackson-datatype-jsr310-2.13.4.jar;C:\Users\USER\.m2\repository\com\fasterxml\jackson\module\jackson-module-parameter-names\2.13.4\jackson-module-parameter-names-2.13.4.jar;C:\Users\USER\.m2\repository\org\springframework\boot\spring-boot-starter-tomcat\2.7.5\spring-boot-starter-tomcat-2.7.5.jar;C:\Users\USER\.m2\repository\jakarta\annotation\jakarta.annotation-api\1.3.5\jakarta.annotation-api-1.3.5.jar;C:\Users\USER\.m2\repository\org\apache\tomcat\embed\tomcat-embed-core\9.0.68\tomcat-embed-core-9.0.68.jar;C:\Users\USER\.m2\repository\org\apache\tomcat\embed\tomcat-embed-el\9.0.68\tomcat-embed-el-9.0.68.jar;C:\Users\USER\.m2\repository\org\apache\tomcat\embed\tomcat-embed-websocket\9.0.68\tomcat-embed-websocket-9.0.68.jar;C:\Users\USER\.m2\repository\org\springframework\boot\spring-boot-starter-validation\2.7.5\spring-boot-starter-validation-2.7.5.jar;C:\Users\USER\.m2\repository\org\hibernate\validator\hibernate-validator\6.2.5.Final\hibernate-validator-6.2.5.Final.jar;C:\Users\USER\.m2\repository\org\springframework\spring-web\5.3.23\spring-web-5.3.23.jar;C:\Users\USER\.m2\repository\org\springframework\spring-beans\5.3.23\spring-beans-5.3.23.jar;C:\Users\USER\.m2\repository\org\glassfish\jersey\core\jersey-server\2.35\jersey-server-2.35.jar;C:\Users\USER\.m2\repository\org\glassfish\jersey\core\jersey-common\2.35\jersey-common-2.35.jar;C:\Users\USER\.m2\repository\org\glassfish\hk2\osgi-resource-locator\1.0.3\osg
Launcher Type: SUN_STANDARD

[Global flags]
     intx CICompilerCount                          = 4                                         {product} {ergonomic}
     uint ConcGCThreads                            = 2                                         {product} {ergonomic}
     uint G1ConcRefinementThreads                  = 8                                         {product} {ergonomic}
   size_t G1HeapRegionSize                         = 1048576                                   {product} {ergonomic}
    uintx GCDrainStackTargetSize                   = 64                                        {product} {ergonomic}
   size_t InitialHeapSize                          = 65011712                                  {product} {ergonomic}
     bool ManagementServer                         = true                                      {product} {command line}
   size_t MarkStackSize                            = 4194304                                   {product} {ergonomic}
   size_t MaxHeapSize                              = 1040187392                                {product} {ergonomic}
   size_t MaxNewSize                               = 623902720                                 {product} {ergonomic}
   size_t MinHeapDeltaBytes                        = 1048576                                   {product} {ergonomic}
   size_t MinHeapSize                              = 8388608                                   {product} {ergonomic}
    uintx NonProfiledCodeHeapSize                  = 0                                      {pd product} {ergonomic}
     bool ProfileInterpreter                       = false                                  {pd product} {command line}
    uintx ProfiledCodeHeapSize                     = 0                                      {pd product} {ergonomic}
     bool ShowCodeDetailsInExceptionMessages       = true                                   {manageable} {command line}
   size_t SoftMaxHeapSize                          = 1040187392                             {manageable} {ergonomic}
     intx TieredStopAtLevel                        = 1                                         {product} {command line}
     bool UseCompressedClassPointers               = true                           {product lp64_product} {ergonomic}
     bool UseCompressedOops                        = true                           {product lp64_product} {ergonomic}
     bool UseG1GC                                  = true                                      {product} {ergonomic}
     bool UseLargePagesIndividualAllocation        = false                                  {pd product} {ergonomic}

Logging:
Log output configuration:
 #0: stdout all=warning uptime,level,tags
 #1: stderr all=off uptime,level,tags

Environment Variables:
JAVA_HOME=C:\Program Files\Java\jdk1.8.0_301
PATH=D:/spring core/sts-4.16.1.RELEASE//plugins/org.eclipse.justj.openjdk.hotspot.jre.full.win32.x86_64_17.0.4.v20221004-1257/jre/bin/server;D:/spring core/sts-4.16.1.RELEASE//plugins/org.eclipse.justj.openjdk.hotspot.jre.full.win32.x86_64_17.0.4.v20221004-1257/jre/bin;C:\Program Files (x86)\Common Files\Oracle\Java\javapath;C:\Python310\Scripts\;C:\Python310\;C:\Windows\system32;C:\Windows;C:\Windows\System32\Wbem;C:\Windows\System32\WindowsPowerShell\v1.0\;C:\Windows\System32\OpenSSH\;C:\Program Files\Git\cmd;C:\ProgramData\chocolatey\bin;C:\Program Files\Java\jdk1.8.0_301\bin;C:\Program Files\Java\jre1.8.0_301\bin;C:\Program Files\MongoDB\Server\6.0\bin;C:\Program Files\Docker\Docker\resources\bin;D:\front-end softwares\nodejs app;C:\Program Files\MySQL\MySQL Shell 8.0\bin\;C:\Users\USER\AppData\Local\Microsoft\WindowsApps;;D:\D\Microsoft VS Code\bin;C:\Users\USER\AppData\Roaming\npm;D:\spring core\sts-4.16.1.RELEASE;
USERNAME=USER
OS=Windows_NT
PROCESSOR_IDENTIFIER=Intel64 Family 6 Model 142 Stepping 10, GenuineIntel
TMP=C:\Users\USER\AppData\Local\Temp
TEMP=C:\Users\USER\AppData\Local\Temp



---------------  S Y S T E M  ---------------

OS:
 Windows 11 , 64 bit Build 22000 (10.0.22000.1219)
OS uptime: 0 days 3:50 hours
Hyper-V role detected

CPU: total 8 (initial active 8) (4 cores per cpu, 2 threads per core) family 6 model 142 stepping 10 microcode 0xe0, cx8, cmov, fxsr, ht, mmx, 3dnowpref, sse, sse2, sse3, ssse3, sse4.1, sse4.2, popcnt, lzcnt, tsc, tscinvbit, avx, avx2, aes, erms, clmul, bmi1, bmi2, adx, fma, vzeroupper, clflush, clflushopt, hv

Memory: 4k page, system-wide physical 3962M (292M free)
TotalPageFile size 10106M (AvailPageFile size 0M)
current process WorkingSet (physical memory assigned to process): 172M, peak: 172M
current process commit charge ("private bytes"): 206M, peak: 206M

vm_info: OpenJDK 64-Bit Server VM (17.0.4.1+1) for windows-amd64 JRE (17.0.4.1+1), built on Aug 17 2022 07:42:43 by "temurin" with MS VC++ 16.7 (VS2019)

END.
